#
# There is insufficient memory for the Java Runtime Environment to continue.
# Native memory allocation (malloc) failed to allocate 1066576 bytes for Chunk::new
# Possible reasons:
#   The system is out of physical RAM or swap space
#   The process is running with CompressedOops enabled, and the Java Heap may be blocking the growth of the native heap
# Possible solutions:
#   Reduce memory load on the system
#   Increase physical memory or swap space
#   Check if swap backing store is full
#   Decrease Java heap size (-Xmx/-Xms)
#   Decrease number of Java threads
#   Decrease Java thread stack sizes (-Xss)
#   Set larger code cache with -XX:ReservedCodeCacheSize=
#   JVM is running with Unscaled Compressed Oops mode in which the Java heap is
#     placed in the first 4GB address space. The Java Heap base address is the
#     maximum limit for the native heap growth. Please use -XX:HeapBaseMinAddress
#     to set the Java Heap base and to place the Java Heap above 4GB virtual address.
# This output file may be truncated or incomplete.
#
#  Out of Memory Error (./open/src/hotspot/share/memory/arena.cpp:195), pid=660, tid=13792
#
# JRE version: Java(TM) SE Runtime Environment (14.0.1+7) (build 14.0.1+7)
# Java VM: Java HotSpot(TM) 64-Bit Server VM (14.0.1+7, mixed mode, sharing, tiered, compressed oops, g1 gc, windows-amd64)
# No core dump will be written. Minidumps are not enabled by default on client versions of Windows
#

---------------  S U M M A R Y ------------

Command Line: --add-opens=java.base/java.util=ALL-UNNAMED --add-opens=java.base/java.lang=ALL-UNNAMED --add-opens=java.base/java.lang.invoke=ALL-UNNAMED --add-opens=java.prefs/java.util.prefs=ALL-UNNAMED -XX:MaxMetaspaceSize=256m -XX:+HeapDumpOnOutOfMemoryError -Xms256m -Xmx512m -Dfile.encoding=windows-1251 -Duser.country=RU -Duser.language=ru -Duser.variant org.gradle.launcher.daemon.bootstrap.GradleDaemon 6.8.3

Host: Intel(R) Core(TM) i5-8265U CPU @ 1.60GHz, 8 cores, 7G,  Windows 10 , 64 bit Build 19041 (10.0.19041.928)
Time: Wed May 19 17:02:26 2021 RTZ 2 (зима) elapsed time: 7 seconds (0d 0h 0m 7s)

---------------  T H R E A D  ---------------

Current thread (0x0000029e15cfa800):  JavaThread "C2 CompilerThread2" daemon [_thread_in_native, id=13792, stack(0x000000d548b00000,0x000000d548c00000)]


Current CompileTask:
C2:   7562 5673   !   4       io.spring.gradle.dependencymanagement.org.codehaus.plexus.interpolation.StringSearchInterpolator::interpolate (665 bytes)

Stack: [0x000000d548b00000,0x000000d548c00000]
Native frames: (J=compiled Java code, j=interpreted, Vv=VM code, C=native code)
V  [jvm.dll+0x5f840a]
V  [jvm.dll+0x741e4a]
V  [jvm.dll+0x7435ff]
V  [jvm.dll+0x743c43]
V  [jvm.dll+0x20d288]
V  [jvm.dll+0xabb07]
V  [jvm.dll+0xac1fc]
V  [jvm.dll+0x276db4]
V  [jvm.dll+0x50ca4a]
V  [jvm.dll+0x1ee1da]
V  [jvm.dll+0x1e7cfb]
V  [jvm.dll+0x1e4f98]
V  [jvm.dll+0x1779cc]
V  [jvm.dll+0x1f4105]
V  [jvm.dll+0x1f22eb]
V  [jvm.dll+0x706a9d]
V  [jvm.dll+0x6ff8ba]
V  [jvm.dll+0x5f72c6]
C  [ucrtbase.dll+0x21bb2]
C  [KERNEL32.DLL+0x17034]
C  [ntdll.dll+0x52651]


---------------  P R O C E S S  ---------------

Threads class SMR info:
_java_thread_list=0x0000029e0fd41850, length=67, elements={
0x0000029e725cd000, 0x0000029e7edcd800, 0x0000029e7edce800, 0x0000029e7edeb000,
0x0000029e7edee000, 0x0000029e7edf1000, 0x0000029e7edf2800, 0x0000029e7edfe800,
0x0000029e7ee08000, 0x0000029e7f85f800, 0x0000029e7f891000, 0x0000029e7fb2e000,
0x0000029e10ca9000, 0x0000029e0fadf800, 0x0000029e106a0000, 0x0000029e101bf000,
0x0000029e0fa24000, 0x0000029e113b9000, 0x0000029e101d2000, 0x0000029e10c53000,
0x0000029e10c55800, 0x0000029e10c52800, 0x0000029e10c50800, 0x0000029e10c54800,
0x0000029e10c50000, 0x0000029e10c56800, 0x0000029e10c51800, 0x0000029e10c54000,
0x0000029e13532800, 0x0000029e13531800, 0x0000029e13533000, 0x0000029e1352d800,
0x0000029e13537800, 0x0000029e13535000, 0x0000029e13535800, 0x0000029e13536800,
0x0000029e13539000, 0x0000029e1353a800, 0x0000029e13538000, 0x0000029e13539800,
0x0000029e1353b800, 0x0000029e1353c000, 0x0000029e14b93800, 0x0000029e14b94800,
0x0000029e14b92000, 0x0000029e14b91000, 0x0000029e14b92800, 0x0000029e14b90800,
0x0000029e14b99000, 0x0000029e14b98800, 0x0000029e14b96000, 0x0000029e14b95000,
0x0000029e14b97800, 0x0000029e14b9b000, 0x0000029e14b9a000, 0x0000029e14b97000,
0x0000029e14b9e000, 0x0000029e15cfa800, 0x0000029e14b9b800, 0x0000029e14b9c800,
0x0000029e14b9d800, 0x0000029e14b9f000, 0x0000029e7fb1e800, 0x0000029e7fb1f800,
0x0000029e7fb22800, 0x0000029e7fb1d000, 0x0000029e7fb20000
}

Java Threads: ( => current thread )
  0x0000029e725cd000 JavaThread "main" [_thread_blocked, id=14024, stack(0x000000d544100000,0x000000d544200000)]
  0x0000029e7edcd800 JavaThread "Reference Handler" daemon [_thread_blocked, id=7808, stack(0x000000d544800000,0x000000d544900000)]
  0x0000029e7edce800 JavaThread "Finalizer" daemon [_thread_blocked, id=4220, stack(0x000000d544900000,0x000000d544a00000)]
  0x0000029e7edeb000 JavaThread "Signal Dispatcher" daemon [_thread_blocked, id=1736, stack(0x000000d544a00000,0x000000d544b00000)]
  0x0000029e7edee000 JavaThread "Attach Listener" daemon [_thread_blocked, id=13500, stack(0x000000d544b00000,0x000000d544c00000)]
  0x0000029e7edf1000 JavaThread "Service Thread" daemon [_thread_blocked, id=1752, stack(0x000000d544c00000,0x000000d544d00000)]
  0x0000029e7edf2800 JavaThread "C2 CompilerThread0" daemon [_thread_in_native, id=1932, stack(0x000000d544d00000,0x000000d544e00000)]
  0x0000029e7edfe800 JavaThread "C1 CompilerThread0" daemon [_thread_in_native, id=2036, stack(0x000000d544e00000,0x000000d544f00000)]
  0x0000029e7ee08000 JavaThread "Sweeper thread" daemon [_thread_blocked, id=14180, stack(0x000000d544f00000,0x000000d545000000)]
  0x0000029e7f85f800 JavaThread "Common-Cleaner" daemon [_thread_blocked, id=968, stack(0x000000d545000000,0x000000d545100000)]
  0x0000029e7f891000 JavaThread "Notification Thread" daemon [_thread_blocked, id=9692, stack(0x000000d545100000,0x000000d545200000)]
  0x0000029e7fb2e000 JavaThread "C2 CompilerThread1" daemon [_thread_in_native, id=12392, stack(0x000000d545300000,0x000000d545400000)]
  0x0000029e10ca9000 JavaThread "Daemon health stats" [_thread_blocked, id=13860, stack(0x000000d545a00000,0x000000d545b00000)]
  0x0000029e0fadf800 JavaThread "Incoming local TCP Connector on port 55434" [_thread_in_native, id=14212, stack(0x000000d545d00000,0x000000d545e00000)]
  0x0000029e106a0000 JavaThread "Daemon periodic checks" [_thread_blocked, id=2792, stack(0x000000d545e00000,0x000000d545f00000)]
  0x0000029e101bf000 JavaThread "Daemon" [_thread_blocked, id=6716, stack(0x000000d545f00000,0x000000d546000000)]
  0x0000029e0fa24000 JavaThread "Handler for socket connection from /127.0.0.1:55434 to /127.0.0.1:55435" [_thread_in_native, id=6756, stack(0x000000d546000000,0x000000d546100000)]
  0x0000029e113b9000 JavaThread "Cancel handler" [_thread_blocked, id=12000, stack(0x000000d546100000,0x000000d546200000)]
  0x0000029e101d2000 JavaThread "Daemon worker" [_thread_blocked, id=11304, stack(0x000000d546200000,0x000000d546300000)]
  0x0000029e10c53000 JavaThread "Asynchronous log dispatcher for DefaultDaemonConnection: socket connection from /127.0.0.1:55434 to /127.0.0.1:55435" [_thread_blocked, id=15336, stack(0x000000d546300000,0x000000d546400000)]
  0x0000029e10c55800 JavaThread "Stdin handler" [_thread_blocked, id=4760, stack(0x000000d546400000,0x000000d546500000)]
  0x0000029e10c52800 JavaThread "Daemon client event forwarder" [_thread_blocked, id=2408, stack(0x000000d546500000,0x000000d546600000)]
  0x0000029e10c50800 JavaThread "Cache worker for file hash cache (C:\Users\demosocket\.gradle\caches\6.8.3\fileHashes)" [_thread_blocked, id=10276, stack(0x000000d545400000,0x000000d545500000)]
  0x0000029e10c54800 JavaThread "File lock request listener" [_thread_in_native, id=14644, stack(0x000000d546600000,0x000000d546700000)]
  0x0000029e10c50000 JavaThread "Cache worker for journal cache (C:\Users\demosocket\.gradle\caches\journal-1)" [_thread_blocked, id=9312, stack(0x000000d546700000,0x000000d546800000)]
  0x0000029e10c56800 JavaThread "Cache worker for file hash cache (C:\Users\demosocket\IdeaProjects\emailer\.gradle\6.8.3\fileHashes)" [_thread_blocked, id=12628, stack(0x000000d546900000,0x000000d546a00000)]
  0x0000029e10c51800 JavaThread "Cache worker for checksums cache (C:\Users\demosocket\IdeaProjects\emailer\.gradle\checksums)" [_thread_blocked, id=12672, stack(0x000000d546a00000,0x000000d546b00000)]
  0x0000029e10c54000 JavaThread "Cache worker for cache directory md-supplier (C:\Users\demosocket\.gradle\caches\6.8.3\md-supplier)" [_thread_blocked, id=10392, stack(0x000000d546b00000,0x000000d546c00000)]
  0x0000029e13532800 JavaThread "Cache worker for cache directory md-rule (C:\Users\demosocket\.gradle\caches\6.8.3\md-rule)" [_thread_blocked, id=5248, stack(0x000000d546c00000,0x000000d546d00000)]
  0x0000029e13531800 JavaThread "Cache worker for execution history cache (C:\Users\demosocket\.gradle\caches\6.8.3\executionHistory)" [_thread_blocked, id=15108, stack(0x000000d546d00000,0x000000d546e00000)]
  0x0000029e13533000 JavaThread "jar transforms" [_thread_blocked, id=7884, stack(0x000000d547100000,0x000000d547200000)]
  0x0000029e1352d800 JavaThread "Cache worker for file content cache (C:\Users\demosocket\.gradle\caches\6.8.3\fileContent)" [_thread_blocked, id=5636, stack(0x000000d546800000,0x000000d546900000)]
  0x0000029e13537800 JavaThread "Cache worker for Build Output Cleanup Cache (C:\Users\demosocket\IdeaProjects\emailer\.gradle\buildOutputCleanup)" [_thread_blocked, id=964, stack(0x000000d547200000,0x000000d547300000)]
  0x0000029e13535000 JavaThread "Build operations" [_thread_blocked, id=2920, stack(0x000000d547300000,0x000000d547400000)]
  0x0000029e13535800 JavaThread "Build operations Thread 2" [_thread_blocked, id=15040, stack(0x000000d547400000,0x000000d547500000)]
  0x0000029e13536800 JavaThread "Build operations Thread 3" [_thread_blocked, id=9184, stack(0x000000d547500000,0x000000d547600000)]
  0x0000029e13539000 JavaThread "Build operations Thread 4" [_thread_blocked, id=3936, stack(0x000000d547600000,0x000000d547700000)]
  0x0000029e1353a800 JavaThread "Build operations Thread 5" [_thread_blocked, id=3096, stack(0x000000d547700000,0x000000d547800000)]
  0x0000029e13538000 JavaThread "Build operations Thread 6" [_thread_blocked, id=4784, stack(0x000000d547800000,0x000000d547900000)]
  0x0000029e13539800 JavaThread "Build operations Thread 7" [_thread_blocked, id=11760, stack(0x000000d547900000,0x000000d547a00000)]
  0x0000029e1353b800 JavaThread "Build operations Thread 8" [_thread_blocked, id=14792, stack(0x000000d547a00000,0x000000d547b00000)]
  0x0000029e1353c000 JavaThread "jar transforms Thread 2" [_thread_blocked, id=8620, stack(0x000000d547b00000,0x000000d547c00000)]
  0x0000029e14b93800 JavaThread "jar transforms Thread 3" [_thread_blocked, id=10352, stack(0x000000d547c00000,0x000000d547d00000)]
  0x0000029e14b94800 JavaThread "jar transforms Thread 4" [_thread_blocked, id=14944, stack(0x000000d547d00000,0x000000d547e00000)]
  0x0000029e14b92000 JavaThread "jar transforms Thread 5" [_thread_blocked, id=12256, stack(0x000000d547e00000,0x000000d547f00000)]
  0x0000029e14b91000 JavaThread "jar transforms Thread 6" [_thread_blocked, id=7256, stack(0x000000d547f00000,0x000000d548000000)]
  0x0000029e14b92800 JavaThread "jar transforms Thread 7" [_thread_blocked, id=6236, stack(0x000000d548000000,0x000000d548100000)]
  0x0000029e14b90800 JavaThread "jar transforms Thread 8" [_thread_blocked, id=11168, stack(0x000000d548100000,0x000000d548200000)]
  0x0000029e14b99000 JavaThread "jar transforms Thread 9" [_thread_blocked, id=6864, stack(0x000000d548200000,0x000000d548300000)]
  0x0000029e14b98800 JavaThread "jar transforms Thread 10" [_thread_blocked, id=10284, stack(0x000000d548300000,0x000000d548400000)]
  0x0000029e14b96000 JavaThread "jar transforms Thread 11" [_thread_blocked, id=7076, stack(0x000000d548400000,0x000000d548500000)]
  0x0000029e14b95000 JavaThread "jar transforms Thread 12" [_thread_blocked, id=12800, stack(0x000000d548500000,0x000000d548600000)]
  0x0000029e14b97800 JavaThread "jar transforms Thread 13" [_thread_blocked, id=4440, stack(0x000000d548600000,0x000000d548700000)]
  0x0000029e14b9b000 JavaThread "jar transforms Thread 14" [_thread_blocked, id=14660, stack(0x000000d548700000,0x000000d548800000)]
  0x0000029e14b9a000 JavaThread "jar transforms Thread 15" [_thread_blocked, id=14584, stack(0x000000d548800000,0x000000d548900000)]
  0x0000029e14b97000 JavaThread "jar transforms Thread 16" [_thread_blocked, id=3288, stack(0x000000d548900000,0x000000d548a00000)]
  0x0000029e14b9e000 JavaThread "jar transforms Thread 17" [_thread_blocked, id=3576, stack(0x000000d548a00000,0x000000d548b00000)]
=>0x0000029e15cfa800 JavaThread "C2 CompilerThread2" daemon [_thread_in_native, id=13792, stack(0x000000d548b00000,0x000000d548c00000)]
  0x0000029e14b9b800 JavaThread "Memory manager" [_thread_blocked, id=1304, stack(0x000000d548c00000,0x000000d548d00000)]
  0x0000029e14b9c800 JavaThread "Execution worker for ':'" [_thread_blocked, id=580, stack(0x000000d548d00000,0x000000d548e00000)]
  0x0000029e14b9d800 JavaThread "Execution worker for ':' Thread 2" [_thread_blocked, id=5728, stack(0x000000d548e00000,0x000000d548f00000)]
  0x0000029e14b9f000 JavaThread "Execution worker for ':' Thread 3" [_thread_blocked, id=12684, stack(0x000000d548f00000,0x000000d549000000)]
  0x0000029e7fb1e800 JavaThread "Execution worker for ':' Thread 4" [_thread_in_vm, id=5416, stack(0x000000d549000000,0x000000d549100000)]
  0x0000029e7fb1f800 JavaThread "Execution worker for ':' Thread 5" [_thread_blocked, id=11584, stack(0x000000d549100000,0x000000d549200000)]
  0x0000029e7fb22800 JavaThread "Execution worker for ':' Thread 6" [_thread_blocked, id=2396, stack(0x000000d549200000,0x000000d549300000)]
  0x0000029e7fb1d000 JavaThread "Execution worker for ':' Thread 7" [_thread_blocked, id=5648, stack(0x000000d549300000,0x000000d549400000)]
  0x0000029e7fb20000 JavaThread "Cache worker for execution history cache (C:\Users\demosocket\IdeaProjects\emailer\.gradle\6.8.3\executionHistory)" [_thread_blocked, id=13920, stack(0x000000d549400000,0x000000d549500000)]

Other Threads:
  0x0000029e7edcc800 VMThread "VM Thread" [stack: 0x000000d544700000,0x000000d544800000] [id=13440]
  0x0000029e7f894000 WatcherThread [stack: 0x000000d545200000,0x000000d545300000] [id=13368]
  0x0000029e725f5000 GCTaskThread "GC Thread#0" [stack: 0x000000d544200000,0x000000d544300000] [id=10988]
  0x0000029e0f7fd800 GCTaskThread "GC Thread#1" [stack: 0x000000d545500000,0x000000d545600000] [id=8408]
  0x0000029e0f7e4800 GCTaskThread "GC Thread#2" [stack: 0x000000d545600000,0x000000d545700000] [id=11860]
  0x0000029e0f7e5800 GCTaskThread "GC Thread#3" [stack: 0x000000d545700000,0x000000d545800000] [id=3176]
  0x0000029e0f7b1800 GCTaskThread "GC Thread#4" [stack: 0x000000d545800000,0x000000d545900000] [id=3580]
  0x0000029e0f7b2800 GCTaskThread "GC Thread#5" [stack: 0x000000d545900000,0x000000d545a00000] [id=13316]
  0x0000029e14dd9000 GCTaskThread "GC Thread#6" [stack: 0x000000d546e00000,0x000000d546f00000] [id=15356]
  0x0000029e1515d000 GCTaskThread "GC Thread#7" [stack: 0x000000d546f00000,0x000000d547000000] [id=10128]
  0x0000029e725fa000 ConcurrentGCThread "G1 Main Marker" [stack: 0x000000d544300000,0x000000d544400000] [id=6648]
  0x0000029e725fb800 ConcurrentGCThread "G1 Conc#0" [stack: 0x000000d544400000,0x000000d544500000] [id=9156]
  0x0000029e1515f800 ConcurrentGCThread "G1 Conc#1" [stack: 0x000000d547000000,0x000000d547100000] [id=4608]
  0x0000029e7269e000 ConcurrentGCThread "G1 Refine#0" [stack: 0x000000d544500000,0x000000d544600000] [id=7652]
  0x0000029e7ec79000 ConcurrentGCThread "G1 Young RemSet Sampling" [stack: 0x000000d544600000,0x000000d544700000] [id=3840]

Threads with active compile tasks:
C2 CompilerThread0     7583 5753       4       io.spring.gradle.dependencymanagement.org.codehaus.plexus.util.xml.Xpp3Dom::<init> (123 bytes)
C2 CompilerThread1     7583 5768       4       io.spring.gradle.dependencymanagement.org.codehaus.plexus.util.xml.Xpp3Dom::getAttributeNames (57 bytes)
C2 CompilerThread2     7583 5673   !   4       io.spring.gradle.dependencymanagement.org.codehaus.plexus.interpolation.StringSearchInterpolator::interpolate (665 bytes)

VM state:not at safepoint (normal execution)

VM Mutex/Monitor currently owned by a thread:  ([mutex/lock_event])
[0x0000029e725c8800] Compile_lock - owner thread: 0x0000029e7edfe800

Heap address: 0x00000000e0000000, size: 512 MB, Compressed Oops mode: 32-bit
Narrow klass base: 0x0000000800000000, Narrow klass shift: 3
Compressed class space size: 260046848 Address: 0x0000000800b30000

Heap:
 garbage-first heap   total 262144K, used 84337K [0x00000000e0000000, 0x0000000100000000)
  region size 1024K, 65 young (66560K), 16 survivors (16384K)
 Metaspace       used 45615K, capacity 47028K, committed 47100K, reserved 294912K
  class space    used 6332K, capacity 6902K, committed 6908K, reserved 253952K
Heap Regions: E=young(eden), S=young(survivor), O=old, HS=humongous(starts), HC=humongous(continues), CS=collection set, F=free, OA=open archive, CA=closed archive, TAMS=top-at-mark-start (previous, next)
|   0|0x00000000e0000000, 0x00000000e0100000, 0x00000000e0100000|100%| O|  |TAMS 0x00000000e0100000, 0x00000000e0000000| Untracked 
|   1|0x00000000e0100000, 0x00000000e0200000, 0x00000000e0200000|100%| O|  |TAMS 0x00000000e0200000, 0x00000000e0100000| Untracked 
|   2|0x00000000e0200000, 0x00000000e0300000, 0x00000000e0300000|100%| O|  |TAMS 0x00000000e02afc00, 0x00000000e0200000| Untracked 
|   3|0x00000000e0300000, 0x00000000e0400000, 0x00000000e0400000|100%|HS|  |TAMS 0x00000000e0400000, 0x00000000e0300000| Complete 
|   4|0x00000000e0400000, 0x00000000e0500000, 0x00000000e0500000|100%|HC|  |TAMS 0x00000000e0500000, 0x00000000e0400000| Complete 
|   5|0x00000000e0500000, 0x00000000e0600000, 0x00000000e0600000|100%|HC|  |TAMS 0x00000000e0600000, 0x00000000e0500000| Complete 
|   6|0x00000000e0600000, 0x00000000e0700000, 0x00000000e0700000|100%| O|  |TAMS 0x00000000e0700000, 0x00000000e0600000| Untracked 
|   7|0x00000000e0700000, 0x00000000e0800000, 0x00000000e0800000|100%| O|  |TAMS 0x00000000e0800000, 0x00000000e0700000| Untracked 
|   8|0x00000000e0800000, 0x00000000e0900000, 0x00000000e0900000|100%| O|  |TAMS 0x00000000e0900000, 0x00000000e0800000| Untracked 
|   9|0x00000000e0900000, 0x00000000e0a00000, 0x00000000e0a00000|100%| O|  |TAMS 0x00000000e0900000, 0x00000000e0900000| Untracked 
|  10|0x00000000e0a00000, 0x00000000e0b00000, 0x00000000e0b00000|100%| O|  |TAMS 0x00000000e0a00000, 0x00000000e0a00000| Untracked 
|  11|0x00000000e0b00000, 0x00000000e0c00000, 0x00000000e0c00000|100%| O|  |TAMS 0x00000000e0b00000, 0x00000000e0b00000| Untracked 
|  12|0x00000000e0c00000, 0x00000000e0d00000, 0x00000000e0d00000|100%| O|  |TAMS 0x00000000e0c00000, 0x00000000e0c00000| Untracked 
|  13|0x00000000e0d00000, 0x00000000e0e00000, 0x00000000e0e00000|100%| O|  |TAMS 0x00000000e0d00000, 0x00000000e0d00000| Untracked 
|  14|0x00000000e0e00000, 0x00000000e0f00000, 0x00000000e0f00000|100%| O|  |TAMS 0x00000000e0e00000, 0x00000000e0e00000| Untracked 
|  15|0x00000000e0f00000, 0x00000000e1000000, 0x00000000e1000000|100%| O|  |TAMS 0x00000000e0f00000, 0x00000000e0f00000| Untracked 
|  16|0x00000000e1000000, 0x00000000e1100000, 0x00000000e1100000|100%| O|  |TAMS 0x00000000e1000000, 0x00000000e1000000| Untracked 
|  17|0x00000000e1100000, 0x00000000e1200000, 0x00000000e1200000|100%| O|  |TAMS 0x00000000e1100000, 0x00000000e1100000| Untracked 
|  18|0x00000000e1200000, 0x00000000e125c400, 0x00000000e1300000| 36%| O|  |TAMS 0x00000000e1200000, 0x00000000e1200000| Untracked 
|  19|0x00000000e1300000, 0x00000000e1300000, 0x00000000e1400000|  0%| F|  |TAMS 0x00000000e1300000, 0x00000000e1300000| Untracked 
|  20|0x00000000e1400000, 0x00000000e1400000, 0x00000000e1500000|  0%| F|  |TAMS 0x00000000e1400000, 0x00000000e1400000| Untracked 
|  21|0x00000000e1500000, 0x00000000e1500000, 0x00000000e1600000|  0%| F|  |TAMS 0x00000000e1500000, 0x00000000e1500000| Untracked 
|  22|0x00000000e1600000, 0x00000000e1600000, 0x00000000e1700000|  0%| F|  |TAMS 0x00000000e1600000, 0x00000000e1600000| Untracked 
|  23|0x00000000e1700000, 0x00000000e1700000, 0x00000000e1800000|  0%| F|  |TAMS 0x00000000e1700000, 0x00000000e1700000| Untracked 
|  24|0x00000000e1800000, 0x00000000e1800000, 0x00000000e1900000|  0%| F|  |TAMS 0x00000000e1800000, 0x00000000e1800000| Untracked 
|  25|0x00000000e1900000, 0x00000000e1900000, 0x00000000e1a00000|  0%| F|  |TAMS 0x00000000e1900000, 0x00000000e1900000| Untracked 
|  26|0x00000000e1a00000, 0x00000000e1a00000, 0x00000000e1b00000|  0%| F|  |TAMS 0x00000000e1a00000, 0x00000000e1a00000| Untracked 
|  27|0x00000000e1b00000, 0x00000000e1b00000, 0x00000000e1c00000|  0%| F|  |TAMS 0x00000000e1b00000, 0x00000000e1b00000| Untracked 
|  28|0x00000000e1c00000, 0x00000000e1c00000, 0x00000000e1d00000|  0%| F|  |TAMS 0x00000000e1c00000, 0x00000000e1c00000| Untracked 
|  29|0x00000000e1d00000, 0x00000000e1d00000, 0x00000000e1e00000|  0%| F|  |TAMS 0x00000000e1d00000, 0x00000000e1d00000| Untracked 
|  30|0x00000000e1e00000, 0x00000000e1e00000, 0x00000000e1f00000|  0%| F|  |TAMS 0x00000000e1e00000, 0x00000000e1e00000| Untracked 
|  31|0x00000000e1f00000, 0x00000000e1f00000, 0x00000000e2000000|  0%| F|  |TAMS 0x00000000e1f00000, 0x00000000e1f00000| Untracked 
|  32|0x00000000e2000000, 0x00000000e2000000, 0x00000000e2100000|  0%| F|  |TAMS 0x00000000e2000000, 0x00000000e2000000| Untracked 
|  33|0x00000000e2100000, 0x00000000e2100000, 0x00000000e2200000|  0%| F|  |TAMS 0x00000000e2100000, 0x00000000e2100000| Untracked 
|  34|0x00000000e2200000, 0x00000000e2200000, 0x00000000e2300000|  0%| F|  |TAMS 0x00000000e2200000, 0x00000000e2200000| Untracked 
|  35|0x00000000e2300000, 0x00000000e2300000, 0x00000000e2400000|  0%| F|  |TAMS 0x00000000e2300000, 0x00000000e2300000| Untracked 
|  36|0x00000000e2400000, 0x00000000e2400000, 0x00000000e2500000|  0%| F|  |TAMS 0x00000000e2400000, 0x00000000e2400000| Untracked 
|  37|0x00000000e2500000, 0x00000000e2500000, 0x00000000e2600000|  0%| F|  |TAMS 0x00000000e2500000, 0x00000000e2500000| Untracked 
|  38|0x00000000e2600000, 0x00000000e2600000, 0x00000000e2700000|  0%| F|  |TAMS 0x00000000e2600000, 0x00000000e2600000| Untracked 
|  39|0x00000000e2700000, 0x00000000e2700000, 0x00000000e2800000|  0%| F|  |TAMS 0x00000000e2700000, 0x00000000e2700000| Untracked 
|  40|0x00000000e2800000, 0x00000000e2800000, 0x00000000e2900000|  0%| F|  |TAMS 0x00000000e2800000, 0x00000000e2800000| Untracked 
|  41|0x00000000e2900000, 0x00000000e2900000, 0x00000000e2a00000|  0%| F|  |TAMS 0x00000000e2900000, 0x00000000e2900000| Untracked 
|  42|0x00000000e2a00000, 0x00000000e2a00000, 0x00000000e2b00000|  0%| F|  |TAMS 0x00000000e2a00000, 0x00000000e2a00000| Untracked 
|  43|0x00000000e2b00000, 0x00000000e2b00000, 0x00000000e2c00000|  0%| F|  |TAMS 0x00000000e2b00000, 0x00000000e2b00000| Untracked 
|  44|0x00000000e2c00000, 0x00000000e2c00000, 0x00000000e2d00000|  0%| F|  |TAMS 0x00000000e2c00000, 0x00000000e2c00000| Untracked 
|  45|0x00000000e2d00000, 0x00000000e2d00000, 0x00000000e2e00000|  0%| F|  |TAMS 0x00000000e2d00000, 0x00000000e2d00000| Untracked 
|  46|0x00000000e2e00000, 0x00000000e2e00000, 0x00000000e2f00000|  0%| F|  |TAMS 0x00000000e2e00000, 0x00000000e2e00000| Untracked 
|  47|0x00000000e2f00000, 0x00000000e2f00000, 0x00000000e3000000|  0%| F|  |TAMS 0x00000000e2f00000, 0x00000000e2f00000| Untracked 
|  48|0x00000000e3000000, 0x00000000e3000000, 0x00000000e3100000|  0%| F|  |TAMS 0x00000000e3000000, 0x00000000e3000000| Untracked 
|  49|0x00000000e3100000, 0x00000000e3100000, 0x00000000e3200000|  0%| F|  |TAMS 0x00000000e3100000, 0x00000000e3100000| Untracked 
|  50|0x00000000e3200000, 0x00000000e3200000, 0x00000000e3300000|  0%| F|  |TAMS 0x00000000e3200000, 0x00000000e3200000| Untracked 
|  51|0x00000000e3300000, 0x00000000e3300000, 0x00000000e3400000|  0%| F|  |TAMS 0x00000000e3300000, 0x00000000e3300000| Untracked 
|  52|0x00000000e3400000, 0x00000000e3400000, 0x00000000e3500000|  0%| F|  |TAMS 0x00000000e3400000, 0x00000000e3400000| Untracked 
|  53|0x00000000e3500000, 0x00000000e3500000, 0x00000000e3600000|  0%| F|  |TAMS 0x00000000e3500000, 0x00000000e3500000| Untracked 
|  54|0x00000000e3600000, 0x00000000e3600000, 0x00000000e3700000|  0%| F|  |TAMS 0x00000000e3600000, 0x00000000e3600000| Untracked 
|  55|0x00000000e3700000, 0x00000000e3700000, 0x00000000e3800000|  0%| F|  |TAMS 0x00000000e3700000, 0x00000000e3700000| Untracked 
|  56|0x00000000e3800000, 0x00000000e3800000, 0x00000000e3900000|  0%| F|  |TAMS 0x00000000e3800000, 0x00000000e3800000| Untracked 
|  57|0x00000000e3900000, 0x00000000e3900000, 0x00000000e3a00000|  0%| F|  |TAMS 0x00000000e3900000, 0x00000000e3900000| Untracked 
|  58|0x00000000e3a00000, 0x00000000e3a00000, 0x00000000e3b00000|  0%| F|  |TAMS 0x00000000e3a00000, 0x00000000e3a00000| Untracked 
|  59|0x00000000e3b00000, 0x00000000e3b00000, 0x00000000e3c00000|  0%| F|  |TAMS 0x00000000e3b00000, 0x00000000e3b00000| Untracked 
|  60|0x00000000e3c00000, 0x00000000e3c00000, 0x00000000e3d00000|  0%| F|  |TAMS 0x00000000e3c00000, 0x00000000e3c00000| Untracked 
|  61|0x00000000e3d00000, 0x00000000e3d00000, 0x00000000e3e00000|  0%| F|  |TAMS 0x00000000e3d00000, 0x00000000e3d00000| Untracked 
|  62|0x00000000e3e00000, 0x00000000e3e00000, 0x00000000e3f00000|  0%| F|  |TAMS 0x00000000e3e00000, 0x00000000e3e00000| Untracked 
|  63|0x00000000e3f00000, 0x00000000e3f00000, 0x00000000e4000000|  0%| F|  |TAMS 0x00000000e3f00000, 0x00000000e3f00000| Untracked 
|  64|0x00000000e4000000, 0x00000000e4000000, 0x00000000e4100000|  0%| F|  |TAMS 0x00000000e4000000, 0x00000000e4000000| Untracked 
|  65|0x00000000e4100000, 0x00000000e4100000, 0x00000000e4200000|  0%| F|  |TAMS 0x00000000e4100000, 0x00000000e4100000| Untracked 
|  66|0x00000000e4200000, 0x00000000e4200000, 0x00000000e4300000|  0%| F|  |TAMS 0x00000000e4200000, 0x00000000e4200000| Untracked 
|  67|0x00000000e4300000, 0x00000000e4300000, 0x00000000e4400000|  0%| F|  |TAMS 0x00000000e4300000, 0x00000000e4300000| Untracked 
|  68|0x00000000e4400000, 0x00000000e4400000, 0x00000000e4500000|  0%| F|  |TAMS 0x00000000e4400000, 0x00000000e4400000| Untracked 
|  69|0x00000000e4500000, 0x00000000e4500000, 0x00000000e4600000|  0%| F|  |TAMS 0x00000000e4500000, 0x00000000e4500000| Untracked 
|  70|0x00000000e4600000, 0x00000000e4600000, 0x00000000e4700000|  0%| F|  |TAMS 0x00000000e4600000, 0x00000000e4600000| Untracked 
|  71|0x00000000e4700000, 0x00000000e4700000, 0x00000000e4800000|  0%| F|  |TAMS 0x00000000e4700000, 0x00000000e4700000| Untracked 
|  72|0x00000000e4800000, 0x00000000e4800000, 0x00000000e4900000|  0%| F|  |TAMS 0x00000000e4800000, 0x00000000e4800000| Untracked 
|  73|0x00000000e4900000, 0x00000000e4900000, 0x00000000e4a00000|  0%| F|  |TAMS 0x00000000e4900000, 0x00000000e4900000| Untracked 
|  74|0x00000000e4a00000, 0x00000000e4a00000, 0x00000000e4b00000|  0%| F|  |TAMS 0x00000000e4a00000, 0x00000000e4a00000| Untracked 
|  75|0x00000000e4b00000, 0x00000000e4b00000, 0x00000000e4c00000|  0%| F|  |TAMS 0x00000000e4b00000, 0x00000000e4b00000| Untracked 
|  76|0x00000000e4c00000, 0x00000000e4c00000, 0x00000000e4d00000|  0%| F|  |TAMS 0x00000000e4c00000, 0x00000000e4c00000| Untracked 
|  77|0x00000000e4d00000, 0x00000000e4d00000, 0x00000000e4e00000|  0%| F|  |TAMS 0x00000000e4d00000, 0x00000000e4d00000| Untracked 
|  78|0x00000000e4e00000, 0x00000000e4e00000, 0x00000000e4f00000|  0%| F|  |TAMS 0x00000000e4e00000, 0x00000000e4e00000| Untracked 
|  79|0x00000000e4f00000, 0x00000000e4f00000, 0x00000000e5000000|  0%| F|  |TAMS 0x00000000e4f00000, 0x00000000e4f00000| Untracked 
|  80|0x00000000e5000000, 0x00000000e5000000, 0x00000000e5100000|  0%| F|  |TAMS 0x00000000e5000000, 0x00000000e5000000| Untracked 
|  81|0x00000000e5100000, 0x00000000e5100000, 0x00000000e5200000|  0%| F|  |TAMS 0x00000000e5100000, 0x00000000e5100000| Untracked 
|  82|0x00000000e5200000, 0x00000000e5200000, 0x00000000e5300000|  0%| F|  |TAMS 0x00000000e5200000, 0x00000000e5200000| Untracked 
|  83|0x00000000e5300000, 0x00000000e5300000, 0x00000000e5400000|  0%| F|  |TAMS 0x00000000e5300000, 0x00000000e5300000| Untracked 
|  84|0x00000000e5400000, 0x00000000e5400000, 0x00000000e5500000|  0%| F|  |TAMS 0x00000000e5400000, 0x00000000e5400000| Untracked 
|  85|0x00000000e5500000, 0x00000000e5500000, 0x00000000e5600000|  0%| F|  |TAMS 0x00000000e5500000, 0x00000000e5500000| Untracked 
|  86|0x00000000e5600000, 0x00000000e5600000, 0x00000000e5700000|  0%| F|  |TAMS 0x00000000e5600000, 0x00000000e5600000| Untracked 
|  87|0x00000000e5700000, 0x00000000e5800000, 0x00000000e5800000|100%| S|CS|TAMS 0x00000000e5700000, 0x00000000e5700000| Complete 
|  88|0x00000000e5800000, 0x00000000e5900000, 0x00000000e5900000|100%| S|CS|TAMS 0x00000000e5800000, 0x00000000e5800000| Complete 
|  89|0x00000000e5900000, 0x00000000e5a00000, 0x00000000e5a00000|100%| S|CS|TAMS 0x00000000e5900000, 0x00000000e5900000| Complete 
|  90|0x00000000e5a00000, 0x00000000e5b00000, 0x00000000e5b00000|100%| S|CS|TAMS 0x00000000e5a00000, 0x00000000e5a00000| Complete 
|  91|0x00000000e5b00000, 0x00000000e5c00000, 0x00000000e5c00000|100%| S|CS|TAMS 0x00000000e5b00000, 0x00000000e5b00000| Complete 
|  92|0x00000000e5c00000, 0x00000000e5d00000, 0x00000000e5d00000|100%| S|CS|TAMS 0x00000000e5c00000, 0x00000000e5c00000| Complete 
|  93|0x00000000e5d00000, 0x00000000e5e00000, 0x00000000e5e00000|100%| S|CS|TAMS 0x00000000e5d00000, 0x00000000e5d00000| Complete 
|  94|0x00000000e5e00000, 0x00000000e5f00000, 0x00000000e5f00000|100%| S|CS|TAMS 0x00000000e5e00000, 0x00000000e5e00000| Complete 
|  95|0x00000000e5f00000, 0x00000000e6000000, 0x00000000e6000000|100%| S|CS|TAMS 0x00000000e5f00000, 0x00000000e5f00000| Complete 
|  96|0x00000000e6000000, 0x00000000e6100000, 0x00000000e6100000|100%| S|CS|TAMS 0x00000000e6000000, 0x00000000e6000000| Complete 
|  97|0x00000000e6100000, 0x00000000e6200000, 0x00000000e6200000|100%| S|CS|TAMS 0x00000000e6100000, 0x00000000e6100000| Complete 
|  98|0x00000000e6200000, 0x00000000e6300000, 0x00000000e6300000|100%| S|CS|TAMS 0x00000000e6200000, 0x00000000e6200000| Complete 
|  99|0x00000000e6300000, 0x00000000e6400000, 0x00000000e6400000|100%| S|CS|TAMS 0x00000000e6300000, 0x00000000e6300000| Complete 
| 100|0x00000000e6400000, 0x00000000e6500000, 0x00000000e6500000|100%| S|CS|TAMS 0x00000000e6400000, 0x00000000e6400000| Complete 
| 101|0x00000000e6500000, 0x00000000e6600000, 0x00000000e6600000|100%| S|CS|TAMS 0x00000000e6500000, 0x00000000e6500000| Complete 
| 102|0x00000000e6600000, 0x00000000e6700000, 0x00000000e6700000|100%| S|CS|TAMS 0x00000000e6600000, 0x00000000e6600000| Complete 
| 103|0x00000000e6700000, 0x00000000e6700000, 0x00000000e6800000|  0%| F|  |TAMS 0x00000000e6700000, 0x00000000e6700000| Untracked 
| 104|0x00000000e6800000, 0x00000000e6800000, 0x00000000e6900000|  0%| F|  |TAMS 0x00000000e6800000, 0x00000000e6800000| Untracked 
| 105|0x00000000e6900000, 0x00000000e6900000, 0x00000000e6a00000|  0%| F|  |TAMS 0x00000000e6900000, 0x00000000e6900000| Untracked 
| 106|0x00000000e6a00000, 0x00000000e6a00000, 0x00000000e6b00000|  0%| F|  |TAMS 0x00000000e6a00000, 0x00000000e6a00000| Untracked 
| 107|0x00000000e6b00000, 0x00000000e6b00000, 0x00000000e6c00000|  0%| F|  |TAMS 0x00000000e6b00000, 0x00000000e6b00000| Untracked 
| 108|0x00000000e6c00000, 0x00000000e6c00000, 0x00000000e6d00000|  0%| F|  |TAMS 0x00000000e6c00000, 0x00000000e6c00000| Untracked 
| 109|0x00000000e6d00000, 0x00000000e6d00000, 0x00000000e6e00000|  0%| F|  |TAMS 0x00000000e6d00000, 0x00000000e6d00000| Untracked 
| 110|0x00000000e6e00000, 0x00000000e6e00000, 0x00000000e6f00000|  0%| F|  |TAMS 0x00000000e6e00000, 0x00000000e6e00000| Untracked 
| 111|0x00000000e6f00000, 0x00000000e6f00000, 0x00000000e7000000|  0%| F|  |TAMS 0x00000000e6f00000, 0x00000000e6f00000| Untracked 
| 112|0x00000000e7000000, 0x00000000e7000000, 0x00000000e7100000|  0%| F|  |TAMS 0x00000000e7000000, 0x00000000e7000000| Untracked 
| 113|0x00000000e7100000, 0x00000000e7100000, 0x00000000e7200000|  0%| F|  |TAMS 0x00000000e7100000, 0x00000000e7100000| Untracked 
| 114|0x00000000e7200000, 0x00000000e7200000, 0x00000000e7300000|  0%| F|  |TAMS 0x00000000e7200000, 0x00000000e7200000| Untracked 
| 115|0x00000000e7300000, 0x00000000e7300000, 0x00000000e7400000|  0%| F|  |TAMS 0x00000000e7300000, 0x00000000e7300000| Untracked 
| 116|0x00000000e7400000, 0x00000000e7400000, 0x00000000e7500000|  0%| F|  |TAMS 0x00000000e7400000, 0x00000000e7400000| Untracked 
| 117|0x00000000e7500000, 0x00000000e7500000, 0x00000000e7600000|  0%| F|  |TAMS 0x00000000e7500000, 0x00000000e7500000| Untracked 
| 118|0x00000000e7600000, 0x00000000e7600000, 0x00000000e7700000|  0%| F|  |TAMS 0x00000000e7600000, 0x00000000e7600000| Untracked 
| 119|0x00000000e7700000, 0x00000000e7700000, 0x00000000e7800000|  0%| F|  |TAMS 0x00000000e7700000, 0x00000000e7700000| Untracked 
| 120|0x00000000e7800000, 0x00000000e7800000, 0x00000000e7900000|  0%| F|  |TAMS 0x00000000e7800000, 0x00000000e7800000| Untracked 
| 121|0x00000000e7900000, 0x00000000e7900000, 0x00000000e7a00000|  0%| F|  |TAMS 0x00000000e7900000, 0x00000000e7900000| Untracked 
| 122|0x00000000e7a00000, 0x00000000e7a00000, 0x00000000e7b00000|  0%| F|  |TAMS 0x00000000e7a00000, 0x00000000e7a00000| Untracked 
| 123|0x00000000e7b00000, 0x00000000e7b00000, 0x00000000e7c00000|  0%| F|  |TAMS 0x00000000e7b00000, 0x00000000e7b00000| Untracked 
| 124|0x00000000e7c00000, 0x00000000e7c00000, 0x00000000e7d00000|  0%| F|  |TAMS 0x00000000e7c00000, 0x00000000e7c00000| Untracked 
| 125|0x00000000e7d00000, 0x00000000e7d00000, 0x00000000e7e00000|  0%| F|  |TAMS 0x00000000e7d00000, 0x00000000e7d00000| Untracked 
| 126|0x00000000e7e00000, 0x00000000e7e00000, 0x00000000e7f00000|  0%| F|  |TAMS 0x00000000e7e00000, 0x00000000e7e00000| Untracked 
| 127|0x00000000e7f00000, 0x00000000e7f00000, 0x00000000e8000000|  0%| F|  |TAMS 0x00000000e7f00000, 0x00000000e7f00000| Untracked 
| 128|0x00000000e8000000, 0x00000000e8000000, 0x00000000e8100000|  0%| F|  |TAMS 0x00000000e8000000, 0x00000000e8000000| Untracked 
| 129|0x00000000e8100000, 0x00000000e8100000, 0x00000000e8200000|  0%| F|  |TAMS 0x00000000e8100000, 0x00000000e8100000| Untracked 
| 130|0x00000000e8200000, 0x00000000e8200000, 0x00000000e8300000|  0%| F|  |TAMS 0x00000000e8200000, 0x00000000e8200000| Untracked 
| 131|0x00000000e8300000, 0x00000000e8300000, 0x00000000e8400000|  0%| F|  |TAMS 0x00000000e8300000, 0x00000000e8300000| Untracked 
| 132|0x00000000e8400000, 0x00000000e8400000, 0x00000000e8500000|  0%| F|  |TAMS 0x00000000e8400000, 0x00000000e8400000| Untracked 
| 133|0x00000000e8500000, 0x00000000e8500000, 0x00000000e8600000|  0%| F|  |TAMS 0x00000000e8500000, 0x00000000e8500000| Untracked 
| 134|0x00000000e8600000, 0x00000000e8600000, 0x00000000e8700000|  0%| F|  |TAMS 0x00000000e8600000, 0x00000000e8600000| Untracked 
| 135|0x00000000e8700000, 0x00000000e8700000, 0x00000000e8800000|  0%| F|  |TAMS 0x00000000e8700000, 0x00000000e8700000| Untracked 
| 136|0x00000000e8800000, 0x00000000e8800000, 0x00000000e8900000|  0%| F|  |TAMS 0x00000000e8800000, 0x00000000e8800000| Untracked 
| 137|0x00000000e8900000, 0x00000000e8900000, 0x00000000e8a00000|  0%| F|  |TAMS 0x00000000e8900000, 0x00000000e8900000| Untracked 
| 138|0x00000000e8a00000, 0x00000000e8a00000, 0x00000000e8b00000|  0%| F|  |TAMS 0x00000000e8a00000, 0x00000000e8a00000| Untracked 
| 139|0x00000000e8b00000, 0x00000000e8b00000, 0x00000000e8c00000|  0%| F|  |TAMS 0x00000000e8b00000, 0x00000000e8b00000| Untracked 
| 140|0x00000000e8c00000, 0x00000000e8c00000, 0x00000000e8d00000|  0%| F|  |TAMS 0x00000000e8c00000, 0x00000000e8c00000| Untracked 
| 141|0x00000000e8d00000, 0x00000000e8d00000, 0x00000000e8e00000|  0%| F|  |TAMS 0x00000000e8d00000, 0x00000000e8d00000| Untracked 
| 142|0x00000000e8e00000, 0x00000000e8e00000, 0x00000000e8f00000|  0%| F|  |TAMS 0x00000000e8e00000, 0x00000000e8e00000| Untracked 
| 143|0x00000000e8f00000, 0x00000000e8f00000, 0x00000000e9000000|  0%| F|  |TAMS 0x00000000e8f00000, 0x00000000e8f00000| Untracked 
| 144|0x00000000e9000000, 0x00000000e9000000, 0x00000000e9100000|  0%| F|  |TAMS 0x00000000e9000000, 0x00000000e9000000| Untracked 
| 145|0x00000000e9100000, 0x00000000e9100000, 0x00000000e9200000|  0%| F|  |TAMS 0x00000000e9100000, 0x00000000e9100000| Untracked 
| 146|0x00000000e9200000, 0x00000000e9200000, 0x00000000e9300000|  0%| F|  |TAMS 0x00000000e9200000, 0x00000000e9200000| Untracked 
| 147|0x00000000e9300000, 0x00000000e9300000, 0x00000000e9400000|  0%| F|  |TAMS 0x00000000e9300000, 0x00000000e9300000| Untracked 
| 148|0x00000000e9400000, 0x00000000e9400000, 0x00000000e9500000|  0%| F|  |TAMS 0x00000000e9400000, 0x00000000e9400000| Untracked 
| 149|0x00000000e9500000, 0x00000000e9500000, 0x00000000e9600000|  0%| F|  |TAMS 0x00000000e9500000, 0x00000000e9500000| Untracked 
| 150|0x00000000e9600000, 0x00000000e9600000, 0x00000000e9700000|  0%| F|  |TAMS 0x00000000e9600000, 0x00000000e9600000| Untracked 
| 151|0x00000000e9700000, 0x00000000e9700000, 0x00000000e9800000|  0%| F|  |TAMS 0x00000000e9700000, 0x00000000e9700000| Untracked 
| 152|0x00000000e9800000, 0x00000000e9800000, 0x00000000e9900000|  0%| F|  |TAMS 0x00000000e9800000, 0x00000000e9800000| Untracked 
| 153|0x00000000e9900000, 0x00000000e9900000, 0x00000000e9a00000|  0%| F|  |TAMS 0x00000000e9900000, 0x00000000e9900000| Untracked 
| 154|0x00000000e9a00000, 0x00000000e9a00000, 0x00000000e9b00000|  0%| F|  |TAMS 0x00000000e9a00000, 0x00000000e9a00000| Untracked 
| 155|0x00000000e9b00000, 0x00000000e9b00000, 0x00000000e9c00000|  0%| F|  |TAMS 0x00000000e9b00000, 0x00000000e9b00000| Untracked 
| 156|0x00000000e9c00000, 0x00000000e9c00000, 0x00000000e9d00000|  0%| F|  |TAMS 0x00000000e9c00000, 0x00000000e9c00000| Untracked 
| 157|0x00000000e9d00000, 0x00000000e9d00000, 0x00000000e9e00000|  0%| F|  |TAMS 0x00000000e9d00000, 0x00000000e9d00000| Untracked 
| 158|0x00000000e9e00000, 0x00000000e9e00000, 0x00000000e9f00000|  0%| F|  |TAMS 0x00000000e9e00000, 0x00000000e9e00000| Untracked 
| 159|0x00000000e9f00000, 0x00000000e9f00000, 0x00000000ea000000|  0%| F|  |TAMS 0x00000000e9f00000, 0x00000000e9f00000| Untracked 
| 160|0x00000000ea000000, 0x00000000ea000000, 0x00000000ea100000|  0%| F|  |TAMS 0x00000000ea000000, 0x00000000ea000000| Untracked 
| 161|0x00000000ea100000, 0x00000000ea100000, 0x00000000ea200000|  0%| F|  |TAMS 0x00000000ea100000, 0x00000000ea100000| Untracked 
| 162|0x00000000ea200000, 0x00000000ea200000, 0x00000000ea300000|  0%| F|  |TAMS 0x00000000ea200000, 0x00000000ea200000| Untracked 
| 163|0x00000000ea300000, 0x00000000ea300000, 0x00000000ea400000|  0%| F|  |TAMS 0x00000000ea300000, 0x00000000ea300000| Untracked 
| 164|0x00000000ea400000, 0x00000000ea400000, 0x00000000ea500000|  0%| F|  |TAMS 0x00000000ea400000, 0x00000000ea400000| Untracked 
| 165|0x00000000ea500000, 0x00000000ea500000, 0x00000000ea600000|  0%| F|  |TAMS 0x00000000ea500000, 0x00000000ea500000| Untracked 
| 166|0x00000000ea600000, 0x00000000ea600000, 0x00000000ea700000|  0%| F|  |TAMS 0x00000000ea600000, 0x00000000ea600000| Untracked 
| 167|0x00000000ea700000, 0x00000000ea700000, 0x00000000ea800000|  0%| F|  |TAMS 0x00000000ea700000, 0x00000000ea700000| Untracked 
| 168|0x00000000ea800000, 0x00000000ea800000, 0x00000000ea900000|  0%| F|  |TAMS 0x00000000ea800000, 0x00000000ea800000| Untracked 
| 169|0x00000000ea900000, 0x00000000ea900000, 0x00000000eaa00000|  0%| F|  |TAMS 0x00000000ea900000, 0x00000000ea900000| Untracked 
| 170|0x00000000eaa00000, 0x00000000eaa00000, 0x00000000eab00000|  0%| F|  |TAMS 0x00000000eaa00000, 0x00000000eaa00000| Untracked 
| 171|0x00000000eab00000, 0x00000000eab00000, 0x00000000eac00000|  0%| F|  |TAMS 0x00000000eab00000, 0x00000000eab00000| Untracked 
| 172|0x00000000eac00000, 0x00000000eac00000, 0x00000000ead00000|  0%| F|  |TAMS 0x00000000eac00000, 0x00000000eac00000| Untracked 
| 173|0x00000000ead00000, 0x00000000ead00000, 0x00000000eae00000|  0%| F|  |TAMS 0x00000000ead00000, 0x00000000ead00000| Untracked 
| 174|0x00000000eae00000, 0x00000000eae00000, 0x00000000eaf00000|  0%| F|  |TAMS 0x00000000eae00000, 0x00000000eae00000| Untracked 
| 175|0x00000000eaf00000, 0x00000000eaf00000, 0x00000000eb000000|  0%| F|  |TAMS 0x00000000eaf00000, 0x00000000eaf00000| Untracked 
| 176|0x00000000eb000000, 0x00000000eb000000, 0x00000000eb100000|  0%| F|  |TAMS 0x00000000eb000000, 0x00000000eb000000| Untracked 
| 177|0x00000000eb100000, 0x00000000eb100000, 0x00000000eb200000|  0%| F|  |TAMS 0x00000000eb100000, 0x00000000eb100000| Untracked 
| 178|0x00000000eb200000, 0x00000000eb200000, 0x00000000eb300000|  0%| F|  |TAMS 0x00000000eb200000, 0x00000000eb200000| Untracked 
| 179|0x00000000eb300000, 0x00000000eb300000, 0x00000000eb400000|  0%| F|  |TAMS 0x00000000eb300000, 0x00000000eb300000| Untracked 
| 180|0x00000000eb400000, 0x00000000eb400000, 0x00000000eb500000|  0%| F|  |TAMS 0x00000000eb400000, 0x00000000eb400000| Untracked 
| 181|0x00000000eb500000, 0x00000000eb500000, 0x00000000eb600000|  0%| F|  |TAMS 0x00000000eb500000, 0x00000000eb500000| Untracked 
| 182|0x00000000eb600000, 0x00000000eb600000, 0x00000000eb700000|  0%| F|  |TAMS 0x00000000eb600000, 0x00000000eb600000| Untracked 
| 183|0x00000000eb700000, 0x00000000eb700000, 0x00000000eb800000|  0%| F|  |TAMS 0x00000000eb700000, 0x00000000eb700000| Untracked 
| 184|0x00000000eb800000, 0x00000000eb800000, 0x00000000eb900000|  0%| F|  |TAMS 0x00000000eb800000, 0x00000000eb800000| Untracked 
| 185|0x00000000eb900000, 0x00000000eb900000, 0x00000000eba00000|  0%| F|  |TAMS 0x00000000eb900000, 0x00000000eb900000| Untracked 
| 186|0x00000000eba00000, 0x00000000eba00000, 0x00000000ebb00000|  0%| F|  |TAMS 0x00000000eba00000, 0x00000000eba00000| Untracked 
| 187|0x00000000ebb00000, 0x00000000ebb00000, 0x00000000ebc00000|  0%| F|  |TAMS 0x00000000ebb00000, 0x00000000ebb00000| Untracked 
| 188|0x00000000ebc00000, 0x00000000ebc00000, 0x00000000ebd00000|  0%| F|  |TAMS 0x00000000ebc00000, 0x00000000ebc00000| Untracked 
| 189|0x00000000ebd00000, 0x00000000ebd00000, 0x00000000ebe00000|  0%| F|  |TAMS 0x00000000ebd00000, 0x00000000ebd00000| Untracked 
| 190|0x00000000ebe00000, 0x00000000ebe00000, 0x00000000ebf00000|  0%| F|  |TAMS 0x00000000ebe00000, 0x00000000ebe00000| Untracked 
| 191|0x00000000ebf00000, 0x00000000ebf00000, 0x00000000ec000000|  0%| F|  |TAMS 0x00000000ebf00000, 0x00000000ebf00000| Untracked 
| 192|0x00000000ec000000, 0x00000000ec000000, 0x00000000ec100000|  0%| F|  |TAMS 0x00000000ec000000, 0x00000000ec000000| Untracked 
| 193|0x00000000ec100000, 0x00000000ec100000, 0x00000000ec200000|  0%| F|  |TAMS 0x00000000ec100000, 0x00000000ec100000| Untracked 
| 194|0x00000000ec200000, 0x00000000ec200000, 0x00000000ec300000|  0%| F|  |TAMS 0x00000000ec200000, 0x00000000ec200000| Untracked 
| 195|0x00000000ec300000, 0x00000000ec300000, 0x00000000ec400000|  0%| F|  |TAMS 0x00000000ec300000, 0x00000000ec300000| Untracked 
| 196|0x00000000ec400000, 0x00000000ec400000, 0x00000000ec500000|  0%| F|  |TAMS 0x00000000ec400000, 0x00000000ec400000| Untracked 
| 197|0x00000000ec500000, 0x00000000ec500000, 0x00000000ec600000|  0%| F|  |TAMS 0x00000000ec500000, 0x00000000ec500000| Untracked 
| 198|0x00000000ec600000, 0x00000000ec600000, 0x00000000ec700000|  0%| F|  |TAMS 0x00000000ec600000, 0x00000000ec600000| Untracked 
| 199|0x00000000ec700000, 0x00000000ec700000, 0x00000000ec800000|  0%| F|  |TAMS 0x00000000ec700000, 0x00000000ec700000| Untracked 
| 200|0x00000000ec800000, 0x00000000ec800000, 0x00000000ec900000|  0%| F|  |TAMS 0x00000000ec800000, 0x00000000ec800000| Untracked 
| 201|0x00000000ec900000, 0x00000000ec900000, 0x00000000eca00000|  0%| F|  |TAMS 0x00000000ec900000, 0x00000000ec900000| Untracked 
| 202|0x00000000eca00000, 0x00000000eca00000, 0x00000000ecb00000|  0%| F|  |TAMS 0x00000000eca00000, 0x00000000eca00000| Untracked 
| 203|0x00000000ecb00000, 0x00000000ecb00000, 0x00000000ecc00000|  0%| F|  |TAMS 0x00000000ecb00000, 0x00000000ecb00000| Untracked 
| 204|0x00000000ecc00000, 0x00000000ecc00000, 0x00000000ecd00000|  0%| F|  |TAMS 0x00000000ecc00000, 0x00000000ecc00000| Untracked 
| 205|0x00000000ecd00000, 0x00000000ecd00000, 0x00000000ece00000|  0%| F|  |TAMS 0x00000000ecd00000, 0x00000000ecd00000| Untracked 
| 206|0x00000000ece00000, 0x00000000ece00000, 0x00000000ecf00000|  0%| F|  |TAMS 0x00000000ece00000, 0x00000000ece00000| Untracked 
| 207|0x00000000ecf00000, 0x00000000ecfd6230, 0x00000000ed000000| 83%| E|  |TAMS 0x00000000ecf00000, 0x00000000ecf00000| Complete 
| 208|0x00000000ed000000, 0x00000000ed100000, 0x00000000ed100000|100%| E|CS|TAMS 0x00000000ed000000, 0x00000000ed000000| Complete 
| 209|0x00000000ed100000, 0x00000000ed200000, 0x00000000ed200000|100%| E|CS|TAMS 0x00000000ed100000, 0x00000000ed100000| Complete 
| 210|0x00000000ed200000, 0x00000000ed300000, 0x00000000ed300000|100%| E|CS|TAMS 0x00000000ed200000, 0x00000000ed200000| Complete 
| 211|0x00000000ed300000, 0x00000000ed400000, 0x00000000ed400000|100%| E|CS|TAMS 0x00000000ed300000, 0x00000000ed300000| Complete 
| 212|0x00000000ed400000, 0x00000000ed500000, 0x00000000ed500000|100%| E|CS|TAMS 0x00000000ed400000, 0x00000000ed400000| Complete 
| 213|0x00000000ed500000, 0x00000000ed600000, 0x00000000ed600000|100%| E|CS|TAMS 0x00000000ed500000, 0x00000000ed500000| Complete 
| 214|0x00000000ed600000, 0x00000000ed700000, 0x00000000ed700000|100%| E|CS|TAMS 0x00000000ed600000, 0x00000000ed600000| Complete 
| 215|0x00000000ed700000, 0x00000000ed800000, 0x00000000ed800000|100%| E|CS|TAMS 0x00000000ed700000, 0x00000000ed700000| Complete 
| 216|0x00000000ed800000, 0x00000000ed900000, 0x00000000ed900000|100%| E|CS|TAMS 0x00000000ed800000, 0x00000000ed800000| Complete 
| 217|0x00000000ed900000, 0x00000000eda00000, 0x00000000eda00000|100%| E|CS|TAMS 0x00000000ed900000, 0x00000000ed900000| Complete 
| 218|0x00000000eda00000, 0x00000000edb00000, 0x00000000edb00000|100%| E|CS|TAMS 0x00000000eda00000, 0x00000000eda00000| Complete 
| 219|0x00000000edb00000, 0x00000000edc00000, 0x00000000edc00000|100%| E|CS|TAMS 0x00000000edb00000, 0x00000000edb00000| Complete 
| 220|0x00000000edc00000, 0x00000000edd00000, 0x00000000edd00000|100%| E|CS|TAMS 0x00000000edc00000, 0x00000000edc00000| Complete 
| 221|0x00000000edd00000, 0x00000000ede00000, 0x00000000ede00000|100%| E|CS|TAMS 0x00000000edd00000, 0x00000000edd00000| Complete 
| 222|0x00000000ede00000, 0x00000000edf00000, 0x00000000edf00000|100%| E|CS|TAMS 0x00000000ede00000, 0x00000000ede00000| Complete 
| 223|0x00000000edf00000, 0x00000000ee000000, 0x00000000ee000000|100%| E|CS|TAMS 0x00000000edf00000, 0x00000000edf00000| Complete 
| 224|0x00000000ee000000, 0x00000000ee100000, 0x00000000ee100000|100%| E|CS|TAMS 0x00000000ee000000, 0x00000000ee000000| Complete 
| 225|0x00000000ee100000, 0x00000000ee200000, 0x00000000ee200000|100%| E|CS|TAMS 0x00000000ee100000, 0x00000000ee100000| Complete 
| 226|0x00000000ee200000, 0x00000000ee300000, 0x00000000ee300000|100%| E|CS|TAMS 0x00000000ee200000, 0x00000000ee200000| Complete 
| 227|0x00000000ee300000, 0x00000000ee400000, 0x00000000ee400000|100%| E|CS|TAMS 0x00000000ee300000, 0x00000000ee300000| Complete 
| 228|0x00000000ee400000, 0x00000000ee500000, 0x00000000ee500000|100%| E|CS|TAMS 0x00000000ee400000, 0x00000000ee400000| Complete 
| 229|0x00000000ee500000, 0x00000000ee600000, 0x00000000ee600000|100%| E|CS|TAMS 0x00000000ee500000, 0x00000000ee500000| Complete 
| 230|0x00000000ee600000, 0x00000000ee700000, 0x00000000ee700000|100%| E|CS|TAMS 0x00000000ee600000, 0x00000000ee600000| Complete 
| 231|0x00000000ee700000, 0x00000000ee800000, 0x00000000ee800000|100%| E|CS|TAMS 0x00000000ee700000, 0x00000000ee700000| Complete 
| 232|0x00000000ee800000, 0x00000000ee900000, 0x00000000ee900000|100%| E|CS|TAMS 0x00000000ee800000, 0x00000000ee800000| Complete 
| 233|0x00000000ee900000, 0x00000000eea00000, 0x00000000eea00000|100%| E|CS|TAMS 0x00000000ee900000, 0x00000000ee900000| Complete 
| 234|0x00000000eea00000, 0x00000000eeb00000, 0x00000000eeb00000|100%| E|CS|TAMS 0x00000000eea00000, 0x00000000eea00000| Complete 
| 235|0x00000000eeb00000, 0x00000000eec00000, 0x00000000eec00000|100%| E|CS|TAMS 0x00000000eeb00000, 0x00000000eeb00000| Complete 
| 236|0x00000000eec00000, 0x00000000eed00000, 0x00000000eed00000|100%| E|CS|TAMS 0x00000000eec00000, 0x00000000eec00000| Complete 
| 237|0x00000000eed00000, 0x00000000eee00000, 0x00000000eee00000|100%| E|CS|TAMS 0x00000000eed00000, 0x00000000eed00000| Complete 
| 238|0x00000000eee00000, 0x00000000eef00000, 0x00000000eef00000|100%| E|CS|TAMS 0x00000000eee00000, 0x00000000eee00000| Complete 
| 239|0x00000000eef00000, 0x00000000ef000000, 0x00000000ef000000|100%| E|CS|TAMS 0x00000000eef00000, 0x00000000eef00000| Complete 
| 240|0x00000000ef000000, 0x00000000ef100000, 0x00000000ef100000|100%| E|CS|TAMS 0x00000000ef000000, 0x00000000ef000000| Complete 
| 241|0x00000000ef100000, 0x00000000ef200000, 0x00000000ef200000|100%| E|CS|TAMS 0x00000000ef100000, 0x00000000ef100000| Complete 
| 242|0x00000000ef200000, 0x00000000ef300000, 0x00000000ef300000|100%| E|CS|TAMS 0x00000000ef200000, 0x00000000ef200000| Complete 
| 243|0x00000000ef300000, 0x00000000ef400000, 0x00000000ef400000|100%| E|CS|TAMS 0x00000000ef300000, 0x00000000ef300000| Complete 
| 244|0x00000000ef400000, 0x00000000ef500000, 0x00000000ef500000|100%| E|CS|TAMS 0x00000000ef400000, 0x00000000ef400000| Complete 
| 245|0x00000000ef500000, 0x00000000ef600000, 0x00000000ef600000|100%| E|CS|TAMS 0x00000000ef500000, 0x00000000ef500000| Complete 
| 246|0x00000000ef600000, 0x00000000ef700000, 0x00000000ef700000|100%| E|CS|TAMS 0x00000000ef600000, 0x00000000ef600000| Complete 
| 247|0x00000000ef700000, 0x00000000ef800000, 0x00000000ef800000|100%| E|CS|TAMS 0x00000000ef700000, 0x00000000ef700000| Complete 
| 248|0x00000000ef800000, 0x00000000ef900000, 0x00000000ef900000|100%| E|CS|TAMS 0x00000000ef800000, 0x00000000ef800000| Complete 
| 249|0x00000000ef900000, 0x00000000efa00000, 0x00000000efa00000|100%| E|CS|TAMS 0x00000000ef900000, 0x00000000ef900000| Complete 
| 250|0x00000000efa00000, 0x00000000efb00000, 0x00000000efb00000|100%| E|CS|TAMS 0x00000000efa00000, 0x00000000efa00000| Complete 
| 251|0x00000000efb00000, 0x00000000efc00000, 0x00000000efc00000|100%| E|CS|TAMS 0x00000000efb00000, 0x00000000efb00000| Complete 
| 252|0x00000000efc00000, 0x00000000efd00000, 0x00000000efd00000|100%| E|CS|TAMS 0x00000000efc00000, 0x00000000efc00000| Complete 
| 253|0x00000000efd00000, 0x00000000efe00000, 0x00000000efe00000|100%| E|CS|TAMS 0x00000000efd00000, 0x00000000efd00000| Complete 
| 254|0x00000000efe00000, 0x00000000eff00000, 0x00000000eff00000|100%| E|CS|TAMS 0x00000000efe00000, 0x00000000efe00000| Complete 
| 255|0x00000000eff00000, 0x00000000f0000000, 0x00000000f0000000|100%| E|CS|TAMS 0x00000000eff00000, 0x00000000eff00000| Complete 

Card table byte_map: [0x0000029e7b1a0000,0x0000029e7b2a0000] _byte_map_base: 0x0000029e7aaa0000

Marking Bits (Prev, Next): (CMBitMap*) 0x0000029e725f5748, (CMBitMap*) 0x0000029e725f5788
 Prev Bits: [0x0000029e7b3a0000, 0x0000029e7bba0000)
 Next Bits: [0x0000029e7bba0000, 0x0000029e7c3a0000)

Polling page: 0x0000029e70500000

Metaspace:

Usage:
  Non-class:     39.19 MB capacity,    38.36 MB ( 98%) used,   702.81 KB (  2%) free+waste,   139.38 KB ( <1%) overhead. 
      Class:      6.74 MB capacity,     6.18 MB ( 92%) used,   500.26 KB (  7%) free+waste,    69.63 KB (  1%) overhead. 
       Both:     45.93 MB capacity,    44.55 MB ( 97%) used,     1.17 MB (  3%) free+waste,   209.00 KB ( <1%) overhead. 

Virtual space:
  Non-class space:       40.00 MB reserved,      39.25 MB ( 98%) committed 
      Class space:      248.00 MB reserved,       6.75 MB (  3%) committed 
             Both:      288.00 MB reserved,      46.00 MB ( 16%) committed 

Chunk freelists:
   Non-Class:  2.00 KB
       Class:  0 bytes
        Both:  2.00 KB

MaxMetaspaceSize: 256.00 MB
CompressedClassSpaceSize: 248.00 MB

CodeHeap 'non-profiled nmethods': size=120000Kb used=3335Kb max_used=3429Kb free=116665Kb
 bounds [0x0000029e07ad0000, 0x0000029e07e30000, 0x0000029e0f000000]
CodeHeap 'profiled nmethods': size=120000Kb used=10625Kb max_used=10889Kb free=109374Kb
 bounds [0x0000029e005a0000, 0x0000029e01050000, 0x0000029e07ad0000]
CodeHeap 'non-nmethods': size=5760Kb used=2334Kb max_used=2427Kb free=3425Kb
 bounds [0x0000029e00000000, 0x0000029e00270000, 0x0000029e005a0000]
 total_blobs=8406 nmethods=5144 adapters=723
 compilation: enabled
              stopped_count=0, restarted_count=0
 full_count=0

Compilation events (20 events):
Event: 7.547 Thread 0x0000029e7edfe800 5822       1       io.spring.gradle.dependencymanagement.org.apache.maven.model.Scm::setDeveloperConnection (6 bytes)
Event: 7.547 Thread 0x0000029e7edfe800 nmethod 5822 0x0000029e07bf1a10 code [0x0000029e07bf1ba0, 0x0000029e07bf1cb8]
Event: 7.550 Thread 0x0000029e7edfe800 5823       1       io.spring.gradle.dependencymanagement.org.apache.maven.model.Plugin::setExecutions (6 bytes)
Event: 7.550 Thread 0x0000029e7edfe800 nmethod 5823 0x0000029e07bf1710 code [0x0000029e07bf18a0, 0x0000029e07bf19b8]
Event: 7.554 Thread 0x0000029e7edfe800 5824       3       io.spring.gradle.dependencymanagement.org.apache.maven.model.PluginExecution::<init> (16 bytes)
Event: 7.555 Thread 0x0000029e7edfe800 nmethod 5824 0x0000029e0068cf90 code [0x0000029e0068d140, 0x0000029e0068d398]
Event: 7.555 Thread 0x0000029e7edfe800 5825   !   3       jdk.internal.reflect.GeneratedMethodAccessor5::invoke (61 bytes)
Event: 7.555 Thread 0x0000029e7edfe800 nmethod 5825 0x0000029e0068c410 code [0x0000029e0068c620, 0x0000029e0068cc88]
Event: 7.559 Thread 0x0000029e7edfe800 5826       3       java.util.Properties$EntrySet::iterator (10 bytes)
Event: 7.559 Thread 0x0000029e7edfe800 nmethod 5826 0x0000029e00f42f90 code [0x0000029e00f43140, 0x0000029e00f43328]
Event: 7.560 Thread 0x0000029e7edfe800 5827       1       io.spring.gradle.dependencymanagement.org.apache.maven.model.ModelBase::setProperties (6 bytes)
Event: 7.560 Thread 0x0000029e7edfe800 nmethod 5827 0x0000029e07bf1410 code [0x0000029e07bf15a0, 0x0000029e07bf16b8]
Event: 7.560 Thread 0x0000029e7edfe800 5828       1       io.spring.gradle.dependencymanagement.org.apache.maven.model.building.ModelData::setGroupId (6 bytes)
Event: 7.560 Thread 0x0000029e7edfe800 nmethod 5828 0x0000029e07bf1110 code [0x0000029e07bf12a0, 0x0000029e07bf13b8]
Event: 7.560 Thread 0x0000029e7edfe800 5829       1       io.spring.gradle.dependencymanagement.org.apache.maven.model.building.ModelData::setArtifactId (6 bytes)
Event: 7.560 Thread 0x0000029e7edfe800 nmethod 5829 0x0000029e07bf0e10 code [0x0000029e07bf0fa0, 0x0000029e07bf10b8]
Event: 7.560 Thread 0x0000029e7edfe800 5830       1       io.spring.gradle.dependencymanagement.org.apache.maven.model.building.ModelData::setVersion (6 bytes)
Event: 7.560 Thread 0x0000029e7edfe800 nmethod 5830 0x0000029e07bf0b10 code [0x0000029e07bf0ca0, 0x0000029e07bf0db8]
Event: 7.560 Thread 0x0000029e7edfe800 5831       1       io.spring.gradle.dependencymanagement.org.apache.maven.model.building.DefaultModelBuildingRequest::getPomFile (5 bytes)
Event: 7.560 Thread 0x0000029e7edfe800 nmethod 5831 0x0000029e07bf0810 code [0x0000029e07bf09a0, 0x0000029e07bf0a78]

GC Heap History (10 events):
Event: 0.662 GC heap before
{Heap before GC invocations=0 (full 0):
 garbage-first heap   total 262144K, used 28672K [0x00000000e0000000, 0x0000000100000000)
  region size 1024K, 23 young (23552K), 0 survivors (0K)
 Metaspace       used 3420K, capacity 6341K, committed 6400K, reserved 262144K
  class space    used 446K, capacity 731K, committed 768K, reserved 253952K
}
Event: 0.666 GC heap after
{Heap after GC invocations=1 (full 0):
 garbage-first heap   total 262144K, used 8512K [0x00000000e0000000, 0x0000000100000000)
  region size 1024K, 3 young (3072K), 3 survivors (3072K)
 Metaspace       used 3420K, capacity 6341K, committed 6400K, reserved 262144K
  class space    used 446K, capacity 731K, committed 768K, reserved 253952K
}
Event: 0.994 GC heap before
{Heap before GC invocations=1 (full 0):
 garbage-first heap   total 262144K, used 36160K [0x00000000e0000000, 0x0000000100000000)
  region size 1024K, 31 young (31744K), 3 survivors (3072K)
 Metaspace       used 4106K, capacity 6750K, committed 7040K, reserved 262144K
  class space    used 516K, capacity 803K, committed 896K, reserved 253952K
}
Event: 0.998 GC heap after
{Heap after GC invocations=2 (full 0):
 garbage-first heap   total 262144K, used 12102K [0x00000000e0000000, 0x0000000100000000)
  region size 1024K, 4 young (4096K), 4 survivors (4096K)
 Metaspace       used 4106K, capacity 6750K, committed 7040K, reserved 262144K
  class space    used 516K, capacity 803K, committed 896K, reserved 253952K
}
Event: 3.298 GC heap before
{Heap before GC invocations=2 (full 0):
 garbage-first heap   total 262144K, used 154438K [0x00000000e0000000, 0x0000000100000000)
  region size 1024K, 144 young (147456K), 4 survivors (4096K)
 Metaspace       used 20534K, capacity 21213K, committed 21248K, reserved 272384K
  class space    used 3094K, capacity 3311K, committed 3328K, reserved 253952K
}
Event: 3.304 GC heap after
{Heap after GC invocations=3 (full 0):
 garbage-first heap   total 262144K, used 18903K [0x00000000e0000000, 0x0000000100000000)
  region size 1024K, 10 young (10240K), 10 survivors (10240K)
 Metaspace       used 20534K, capacity 21213K, committed 21248K, reserved 272384K
  class space    used 3094K, capacity 3311K, committed 3328K, reserved 253952K
}
Event: 4.853 GC heap before
{Heap before GC invocations=4 (full 0):
 garbage-first heap   total 262144K, used 135639K [0x00000000e0000000, 0x0000000100000000)
  region size 1024K, 122 young (124928K), 10 survivors (10240K)
 Metaspace       used 34978K, capacity 35854K, committed 35964K, reserved 284672K
  class space    used 4845K, capacity 5161K, committed 5244K, reserved 253952K
}
Event: 4.864 GC heap after
{Heap after GC invocations=5 (full 0):
 garbage-first heap   total 262144K, used 25416K [0x00000000e0000000, 0x0000000100000000)
  region size 1024K, 17 young (17408K), 17 survivors (17408K)
 Metaspace       used 34978K, capacity 35854K, committed 35964K, reserved 284672K
  class space    used 4845K, capacity 5161K, committed 5244K, reserved 253952K
}
Event: 7.052 GC heap before
{Heap before GC invocations=6 (full 0):
 garbage-first heap   total 262144K, used 164680K [0x00000000e0000000, 0x0000000100000000)
  region size 1024K, 153 young (156672K), 17 survivors (17408K)
 Metaspace       used 44903K, capacity 46397K, committed 46588K, reserved 294912K
  class space    used 6280K, capacity 6846K, committed 6908K, reserved 253952K
}
Event: 7.073 GC heap after
{Heap after GC invocations=7 (full 0):
 garbage-first heap   total 262144K, used 35185K [0x00000000e0000000, 0x0000000100000000)
  region size 1024K, 16 young (16384K), 16 survivors (16384K)
 Metaspace       used 44903K, capacity 46397K, committed 46588K, reserved 294912K
  class space    used 6280K, capacity 6846K, committed 6908K, reserved 253952K
}

Deoptimization events (20 events):
Event: 7.290 Thread 0x0000029e7fb1e800 DEOPT PACKING pc=0x0000029e07badbd0 sp=0x000000d5490fa730
Event: 7.290 Thread 0x0000029e7fb1e800 DEOPT UNPACKING pc=0x0000029e0004912f sp=0x000000d5490fa6d0 mode 2
Event: 7.290 Thread 0x0000029e7fb1e800 Uncommon trap: trap_request=0xffffffc6 fr.pc=0x0000029e07badbd0 relative=0x00000000000001d0
Event: 7.290 Thread 0x0000029e7fb1e800 Uncommon trap: reason=bimorphic_or_optimized_type_check action=maybe_recompile pc=0x0000029e07badbd0 method=com.google.common.collect.ImmutableList.hashCode()I @ 23 c2
Event: 7.290 Thread 0x0000029e7fb1e800 DEOPT PACKING pc=0x0000029e07badbd0 sp=0x000000d5490fa730
Event: 7.290 Thread 0x0000029e7fb1e800 DEOPT UNPACKING pc=0x0000029e0004912f sp=0x000000d5490fa6d0 mode 2
Event: 7.290 Thread 0x0000029e7fb1e800 Uncommon trap: trap_request=0xffffff45 fr.pc=0x0000029e07d07d7c relative=0x000000000000021c
Event: 7.290 Thread 0x0000029e7fb1e800 Uncommon trap: reason=unstable_if action=reinterpret pc=0x0000029e07d07d7c method=com.esotericsoftware.kryo.io.Input.require(I)I @ 65 c2
Event: 7.290 Thread 0x0000029e7fb1e800 DEOPT PACKING pc=0x0000029e07d07d7c sp=0x000000d5490fa5c0
Event: 7.290 Thread 0x0000029e7fb1e800 DEOPT UNPACKING pc=0x0000029e0004912f sp=0x000000d5490fa570 mode 2
Event: 7.400 Thread 0x0000029e7fb1e800 DEOPT PACKING pc=0x0000029e01040960 sp=0x000000d5490fa620
Event: 7.400 Thread 0x0000029e7fb1e800 DEOPT UNPACKING pc=0x0000029e0004964e sp=0x000000d5490f9b18 mode 0
Event: 7.478 Thread 0x0000029e7fb1e800 Uncommon trap: trap_request=0xffffff45 fr.pc=0x0000029e07b814f0 relative=0x0000000000000650
Event: 7.478 Thread 0x0000029e7fb1e800 Uncommon trap: reason=unstable_if action=reinterpret pc=0x0000029e07b814f0 method=java.lang.String.replace(CC)Ljava/lang/String; @ 2 c2
Event: 7.478 Thread 0x0000029e7fb1e800 DEOPT PACKING pc=0x0000029e07b814f0 sp=0x000000d5490fa390
Event: 7.478 Thread 0x0000029e7fb1e800 DEOPT UNPACKING pc=0x0000029e0004912f sp=0x000000d5490fa328 mode 2
Event: 7.515 Thread 0x0000029e7fb1e800 Uncommon trap: trap_request=0xfffffff4 fr.pc=0x0000029e07ca9884 relative=0x0000000000000ca4
Event: 7.515 Thread 0x0000029e7fb1e800 Uncommon trap: reason=null_check action=make_not_entrant pc=0x0000029e07ca9884 method=org.gradle.internal.classpath.Instrumented$DecoratingEntrySet$1.computeNext()Ljava/util/Map$Entry; @ 16 c2
Event: 7.515 Thread 0x0000029e7fb1e800 DEOPT PACKING pc=0x0000029e07ca9884 sp=0x000000d5490faab0
Event: 7.515 Thread 0x0000029e7fb1e800 DEOPT UNPACKING pc=0x0000029e0004912f sp=0x000000d5490fa968 mode 2

Classes unloaded (0 events):
No events

Classes redefined (0 events):
No events

Internal exceptions (20 events):
Event: 6.100 Thread 0x0000029e101d2000 Exception <a 'java/lang/ClassNotFoundException'{0x00000000ea44d608}: org/gradle/api/internal/ConventionTaskBeanInfo> (0x00000000ea44d608) 
thrown [./open/src/hotspot/share/classfile/systemDictionary.cpp, line 226]
Event: 6.101 Thread 0x0000029e101d2000 Exception <a 'java/lang/ClassNotFoundException'{0x00000000ea470838}: org/gradle/api/DefaultTaskBeanInfo> (0x00000000ea470838) 
thrown [./open/src/hotspot/share/classfile/systemDictionary.cpp, line 226]
Event: 6.102 Thread 0x0000029e101d2000 Exception <a 'java/lang/ClassNotFoundException'{0x00000000ea4970c0}: org/gradle/api/internal/AbstractTaskBeanInfo> (0x00000000ea4970c0) 
thrown [./open/src/hotspot/share/classfile/systemDictionary.cpp, line 226]
Event: 6.103 Thread 0x0000029e101d2000 Exception <a 'java/lang/ClassNotFoundException'{0x00000000ea4bd960}: org/gradle/api/internal/AbstractTaskCustomizer> (0x00000000ea4bd960) 
thrown [./open/src/hotspot/share/classfile/systemDictionary.cpp, line 226]
Event: 6.106 Thread 0x0000029e101d2000 Exception <a 'java/lang/ClassNotFoundException'{0x00000000ea3243a0}: org/gradle/api/DefaultTaskCustomizer> (0x00000000ea3243a0) 
thrown [./open/src/hotspot/share/classfile/systemDictionary.cpp, line 226]
Event: 6.110 Thread 0x0000029e101d2000 Exception <a 'java/lang/ClassNotFoundException'{0x00000000ea39f798}: org/gradle/api/internal/ConventionTaskCustomizer> (0x00000000ea39f798) 
thrown [./open/src/hotspot/share/classfile/systemDictionary.cpp, line 226]
Event: 6.112 Thread 0x0000029e101d2000 Exception <a 'java/lang/ClassNotFoundException'{0x00000000ea3e2e50}: org/gradle/api/tasks/testing/AbstractTestTaskCustomizer> (0x00000000ea3e2e50) 
thrown [./open/src/hotspot/share/classfile/systemDictionary.cpp, line 226]
Event: 6.116 Thread 0x0000029e101d2000 Exception <a 'java/lang/ClassNotFoundException'{0x00000000ea231dc0}: org/gradle/api/tasks/testing/TestCustomizer> (0x00000000ea231dc0) 
thrown [./open/src/hotspot/share/classfile/systemDictionary.cpp, line 226]
Event: 6.123 Thread 0x0000029e101d2000 Exception <a 'java/lang/ClassNotFoundException'{0x00000000ea102f70}: org/gradle/api/tasks/testing/Test_DecoratedCustomizer> (0x00000000ea102f70) 
thrown [./open/src/hotspot/share/classfile/systemDictionary.cpp, line 226]
Event: 6.187 Thread 0x0000029e101d2000 Exception <a 'java/lang/NoSuchMethodError'{0x00000000e9ea2270}: 'java.lang.Object java.lang.invoke.Invokers$Holder.linkToTargetMethod(java.lang.Object, int, java.lang.Object)'> (0x00000000e9ea2270) 
thrown [./open/src/hotspot/share/interpreter/linkResolver.cpp, line 766]
Event: 6.213 Thread 0x0000029e101d2000 Exception <a 'java/lang/NoSuchMethodError'{0x00000000e9c32f60}: 'int java.lang.invoke.DirectMethodHandle$Holder.invokeInterface(java.lang.Object, java.lang.Object, java.lang.Object, java.lang.Object)'> (0x00000000e9c32f60) 
thrown [./open/src/hotspot/share/interpreter/linkResolver.cpp, line 766]
Event: 6.363 Thread 0x0000029e101d2000 Exception <a 'java/lang/NoSuchMethodError'{0x00000000e944c750}: 'int java.lang.invoke.DirectMethodHandle$Holder.invokeVirtual(java.lang.Object, java.lang.Object)'> (0x00000000e944c750) 
thrown [./open/src/hotspot/share/interpreter/linkResolver.cpp, line 766]
Event: 6.380 Thread 0x0000029e7fb1e800 Exception <a 'java/lang/NoSuchMethodError'{0x00000000e93bc2a0}: 'void java.lang.invoke.DirectMethodHandle$Holder.invokeStatic(java.lang.Object, java.lang.Object, java.lang.Object, java.lang.Object, java.lang.Object, java.lang.Object, java.lang.Object)'> (0x00000000e93bc2a0) 
thrown [./open/src/hotspot/share/interpreter/linkResolver.cpp, line 766]
Event: 6.381 Thread 0x0000029e7fb1e800 Exception <a 'java/lang/NoSuchMethodError'{0x00000000e93c3c70}: 'java.lang.Object java.lang.invoke.Invokers$Holder.linkToTargetMethod(java.lang.Object, java.lang.Object, java.lang.Object, java.lang.Object, java.lang.Object, java.lang.Object, java.lang.Object)'> (0x00000000e93c3c70) 
thrown [./open/src/hotspot/share/interpreter/linkResolver.cpp, line 766]
Event: 6.424 Thread 0x0000029e10c52800 Exception <a 'java/lang/NoSuchMethodError'{0x00000000eff8d420}: static Lorg/gradle/internal/build/event/types/DefaultTaskStartedProgressEvent;.<clinit>()V> (0x00000000eff8d420) 
thrown [./open/src/hotspot/share/prims/jni.cpp, line 1348]
Event: 6.424 Thread 0x0000029e10c52800 Exception <a 'java/lang/NoSuchMethodError'{0x00000000eff8ea58}: static Lorg/gradle/internal/build/event/types/AbstractProgressEvent;.<clinit>()V> (0x00000000eff8ea58) 
thrown [./open/src/hotspot/share/prims/jni.cpp, line 1348]
Event: 6.426 Thread 0x0000029e10c52800 Exception <a 'java/lang/NoSuchMethodError'{0x00000000eff97d58}: static Lorg/gradle/internal/build/event/types/DefaultTaskDescriptor;.<clinit>()V> (0x00000000eff97d58) 
thrown [./open/src/hotspot/share/prims/jni.cpp, line 1348]
Event: 6.427 Thread 0x0000029e10c52800 Exception <a 'java/lang/NoSuchMethodError'{0x00000000e7e02830}: static Lorg/gradle/internal/operations/OperationIdentifier;.<clinit>()V> (0x00000000e7e02830) 
thrown [./open/src/hotspot/share/prims/jni.cpp, line 1348]
Event: 6.428 Thread 0x0000029e10c52800 Exception <a 'java/lang/NoSuchMethodError'{0x00000000e7e0a310}: static Lorg/gradle/internal/build/event/types/DefaultBinaryPluginIdentifier;.<clinit>()V> (0x00000000e7e0a310) 
thrown [./open/src/hotspot/share/prims/jni.cpp, line 1348]
Event: 7.515 Thread 0x0000029e7fb1e800 Implicit null exception at 0x0000029e07ca904b to 0x0000029e07ca9874

Events (20 events):
Event: 6.921 Thread 0x0000029e7ee08000 flushing nmethod 0x0000029e00f7db10
Event: 6.921 Thread 0x0000029e7ee08000 flushing nmethod 0x0000029e00f99510
Event: 6.921 Thread 0x0000029e7ee08000 flushing nmethod 0x0000029e00fc6c10
Event: 6.921 Thread 0x0000029e7ee08000 flushing nmethod 0x0000029e00fe4d90
Event: 6.961 Executing VM operation: BulkRevokeBias
Event: 6.962 Executing VM operation: BulkRevokeBias done
Event: 7.052 Executing VM operation: G1CollectForAllocation
Event: 7.073 Executing VM operation: G1CollectForAllocation done
Event: 7.271 loading class java/util/HashMap$KeySpliterator
Event: 7.271 loading class java/util/HashMap$KeySpliterator done
Event: 7.344 Executing VM operation: ICBufferFull
Event: 7.344 Executing VM operation: ICBufferFull done
Event: 7.375 Executing VM operation: HandshakeAllThreads
Event: 7.375 Executing VM operation: HandshakeAllThreads done
Event: 7.403 Executing VM operation: BulkRevokeBias
Event: 7.404 Executing VM operation: BulkRevokeBias done
Event: 7.451 Executing VM operation: HandshakeAllThreads
Event: 7.451 Executing VM operation: HandshakeAllThreads done
Event: 7.453 Executing VM operation: HandshakeAllThreads
Event: 7.453 Executing VM operation: HandshakeAllThreads done


Dynamic libraries:
0x00007ff682b30000 - 0x00007ff682b3f000 	C:\Program Files\Java\jdk-14.0.1\bin\java.exe
0x00007ffef5bd0000 - 0x00007ffef5dc5000 	C:\WINDOWS\SYSTEM32\ntdll.dll
0x00007ffef5540000 - 0x00007ffef55fd000 	C:\WINDOWS\System32\KERNEL32.DLL
0x00007ffef3310000 - 0x00007ffef35d8000 	C:\WINDOWS\System32\KERNELBASE.dll
0x00007ffeed690000 - 0x00007ffeed720000 	C:\WINDOWS\SYSTEM32\apphelp.dll
0x00007ffef3690000 - 0x00007ffef3790000 	C:\WINDOWS\System32\ucrtbase.dll
0x00007ffedc4e0000 - 0x00007ffedc4f8000 	C:\Program Files\Java\jdk-14.0.1\bin\jli.dll
0x00007ffedce60000 - 0x00007ffedce75000 	C:\Program Files\Java\jdk-14.0.1\bin\VCRUNTIME140.dll
0x00007ffef4c50000 - 0x00007ffef4cfc000 	C:\WINDOWS\System32\ADVAPI32.dll
0x00007ffef5600000 - 0x00007ffef569e000 	C:\WINDOWS\System32\msvcrt.dll
0x00007ffef5830000 - 0x00007ffef58cb000 	C:\WINDOWS\System32\sechost.dll
0x00007ffef5700000 - 0x00007ffef582b000 	C:\WINDOWS\System32\RPCRT4.dll
0x00007ffef5060000 - 0x00007ffef5200000 	C:\WINDOWS\System32\USER32.dll
0x00007ffef3a90000 - 0x00007ffef3ab2000 	C:\WINDOWS\System32\win32u.dll
0x00007ffed1d30000 - 0x00007ffed1fca000 	C:\WINDOWS\WinSxS\amd64_microsoft.windows.common-controls_6595b64144ccf1df_6.0.19041.844_none_ca00b6081b84eb1d\COMCTL32.dll
0x00007ffef4b90000 - 0x00007ffef4bba000 	C:\WINDOWS\System32\GDI32.dll
0x00007ffef3980000 - 0x00007ffef3a8b000 	C:\WINDOWS\System32\gdi32full.dll
0x00007ffef3b90000 - 0x00007ffef3c2d000 	C:\WINDOWS\System32\msvcp_win.dll
0x00007ffee92a0000 - 0x00007ffee92aa000 	C:\WINDOWS\SYSTEM32\VERSION.dll
0x00007ffef43f0000 - 0x00007ffef4420000 	C:\WINDOWS\System32\IMM32.DLL
0x00007ffedb270000 - 0x00007ffedb30b000 	C:\Program Files\Java\jdk-14.0.1\bin\msvcp140.dll
0x00007ffe989a0000 - 0x00007ffe994be000 	C:\Program Files\Java\jdk-14.0.1\bin\server\jvm.dll
0x00007ffef4380000 - 0x00007ffef4388000 	C:\WINDOWS\System32\PSAPI.DLL
0x00007ffed3a90000 - 0x00007ffed3a99000 	C:\WINDOWS\SYSTEM32\WSOCK32.dll
0x00007ffedbb30000 - 0x00007ffedbb57000 	C:\WINDOWS\SYSTEM32\WINMM.dll
0x00007ffef4be0000 - 0x00007ffef4c4b000 	C:\WINDOWS\System32\WS2_32.dll
0x00007ffef1c30000 - 0x00007ffef1c42000 	C:\WINDOWS\SYSTEM32\kernel.appcore.dll
0x00007ffeeaa90000 - 0x00007ffeeaa9a000 	C:\Program Files\Java\jdk-14.0.1\bin\jimage.dll
0x00007ffeedac0000 - 0x00007ffeedca4000 	C:\WINDOWS\SYSTEM32\DBGHELP.DLL
0x00007ffed9410000 - 0x00007ffed943c000 	C:\WINDOWS\SYSTEM32\dbgcore.DLL
0x00007ffef3b10000 - 0x00007ffef3b90000 	C:\WINDOWS\System32\bcryptPrimitives.dll
0x00007ffedb5d0000 - 0x00007ffedb5f5000 	C:\Program Files\Java\jdk-14.0.1\bin\java.dll
0x00007ffedbbe0000 - 0x00007ffedbbf6000 	C:\Program Files\Java\jdk-14.0.1\bin\zip.dll
0x00007ffef3c30000 - 0x00007ffef4372000 	C:\WINDOWS\System32\SHELL32.dll
0x00007ffef1440000 - 0x00007ffef1bd0000 	C:\WINDOWS\SYSTEM32\windows.storage.dll
0x00007ffef4d00000 - 0x00007ffef5055000 	C:\WINDOWS\System32\combase.dll
0x00007ffef2d80000 - 0x00007ffef2dac000 	C:\WINDOWS\SYSTEM32\Wldp.dll
0x00007ffef58d0000 - 0x00007ffef597e000 	C:\WINDOWS\System32\SHCORE.dll
0x00007ffef56a0000 - 0x00007ffef56f5000 	C:\WINDOWS\System32\shlwapi.dll
0x00007ffef3250000 - 0x00007ffef326f000 	C:\WINDOWS\SYSTEM32\profapi.dll
0x00007ffedb710000 - 0x00007ffedb729000 	C:\Program Files\Java\jdk-14.0.1\bin\net.dll
0x00007ffeeae80000 - 0x00007ffeeaf8b000 	C:\WINDOWS\SYSTEM32\WINHTTP.dll
0x00007ffef2af0000 - 0x00007ffef2b5a000 	C:\WINDOWS\system32\mswsock.dll
0x00007ffedb5b0000 - 0x00007ffedb5c2000 	C:\Program Files\Java\jdk-14.0.1\bin\nio.dll
0x00007ffee8ff0000 - 0x00007ffee9000000 	C:\Program Files\Java\jdk-14.0.1\bin\verify.dll
0x00007ffedba80000 - 0x00007ffedbaa7000 	C:\Users\demosocket\.gradle\native\fdc75f09e3144964f2cf3f50f0aa648679c211496f362492102eb8c894070792\windows-amd64\native-platform.dll
0x00007ffea0bb0000 - 0x00007ffea0d46000 	C:\Users\demosocket\.gradle\native\12488b8bf47d2d4c9fbf2f6322a914ad602e24e48041cd04a747c6da556b65c4\windows-amd64\native-platform-file-events.dll
0x00007ffee8f90000 - 0x00007ffee8f99000 	C:\Program Files\Java\jdk-14.0.1\bin\management.dll
0x00007ffee8db0000 - 0x00007ffee8dbb000 	C:\Program Files\Java\jdk-14.0.1\bin\management_ext.dll
0x00007ffef2cc0000 - 0x00007ffef2cd8000 	C:\WINDOWS\SYSTEM32\CRYPTSP.dll
0x00007ffef2420000 - 0x00007ffef2454000 	C:\WINDOWS\system32\rsaenh.dll
0x00007ffef37f0000 - 0x00007ffef3817000 	C:\WINDOWS\System32\bcrypt.dll
0x00007ffef31d0000 - 0x00007ffef31fe000 	C:\WINDOWS\SYSTEM32\USERENV.dll
0x00007ffef2ce0000 - 0x00007ffef2cec000 	C:\WINDOWS\SYSTEM32\CRYPTBASE.dll
0x00007ffef2790000 - 0x00007ffef27cb000 	C:\WINDOWS\SYSTEM32\IPHLPAPI.DLL
0x00007ffef54b0000 - 0x00007ffef54b8000 	C:\WINDOWS\System32\NSI.dll
0x00007ffee7a90000 - 0x00007ffee7aa7000 	C:\WINDOWS\SYSTEM32\dhcpcsvc6.DLL
0x00007ffee8020000 - 0x00007ffee803d000 	C:\WINDOWS\SYSTEM32\dhcpcsvc.DLL
0x00007ffef27e0000 - 0x00007ffef28ac000 	C:\WINDOWS\SYSTEM32\DNSAPI.dll
0x00007ffeeafa0000 - 0x00007ffeeafab000 	C:\WINDOWS\SYSTEM32\WINNSI.DLL

dbghelp: loaded successfully - version: 4.0.5 - missing functions: none
symbol engine: initialized successfully - sym options: 0x614 - pdb path: .;C:\Program Files\Java\jdk-14.0.1\bin;C:\WINDOWS\SYSTEM32;C:\WINDOWS\WinSxS\amd64_microsoft.windows.common-controls_6595b64144ccf1df_6.0.19041.844_none_ca00b6081b84eb1d;C:\Program Files\Java\jdk-14.0.1\bin\server;C:\Users\demosocket\.gradle\native\fdc75f09e3144964f2cf3f50f0aa648679c211496f362492102eb8c894070792\windows-amd64;C:\Users\demosocket\.gradle\native\12488b8bf47d2d4c9fbf2f6322a914ad602e24e48041cd04a747c6da556b65c4\windows-amd64

VM Arguments:
jvm_args: --add-opens=java.base/java.util=ALL-UNNAMED --add-opens=java.base/java.lang=ALL-UNNAMED --add-opens=java.base/java.lang.invoke=ALL-UNNAMED --add-opens=java.prefs/java.util.prefs=ALL-UNNAMED -XX:MaxMetaspaceSize=256m -XX:+HeapDumpOnOutOfMemoryError -Xms256m -Xmx512m -Dfile.encoding=windows-1251 -Duser.country=RU -Duser.language=ru -Duser.variant 
java_command: org.gradle.launcher.daemon.bootstrap.GradleDaemon 6.8.3
java_class_path (initial): C:\Users\demosocket\.gradle\wrapper\dists\gradle-6.8.3-all\6czipnbiesy2sl92ioo8dht91\gradle-6.8.3\lib\gradle-launcher-6.8.3.jar
Launcher Type: SUN_STANDARD

[Global flags]
     intx CICompilerCount                          = 4                                         {product} {ergonomic}
   size_t CompressedClassSpaceSize                 = 260046848                                 {product} {ergonomic}
     uint ConcGCThreads                            = 2                                         {product} {ergonomic}
     uint G1ConcRefinementThreads                  = 8                                         {product} {ergonomic}
   size_t G1HeapRegionSize                         = 1048576                                   {product} {ergonomic}
    uintx GCDrainStackTargetSize                   = 64                                        {product} {ergonomic}
     bool HeapDumpOnOutOfMemoryError               = true                                   {manageable} {command line}
   size_t InitialHeapSize                          = 268435456                                 {product} {command line}
   size_t MarkStackSize                            = 4194304                                   {product} {ergonomic}
   size_t MaxHeapSize                              = 536870912                                 {product} {command line}
   size_t MaxMetaspaceSize                         = 268435456                                 {product} {command line}
   size_t MaxNewSize                               = 321912832                                 {product} {ergonomic}
   size_t MinHeapDeltaBytes                        = 1048576                                   {product} {ergonomic}
   size_t MinHeapSize                              = 268435456                                 {product} {command line}
    uintx NonNMethodCodeHeapSize                   = 5839372                                {pd product} {ergonomic}
    uintx NonProfiledCodeHeapSize                  = 122909434                              {pd product} {ergonomic}
    uintx ProfiledCodeHeapSize                     = 122909434                              {pd product} {ergonomic}
    uintx ReservedCodeCacheSize                    = 251658240                              {pd product} {ergonomic}
     bool SegmentedCodeCache                       = true                                      {product} {ergonomic}
   size_t SoftMaxHeapSize                          = 536870912                              {manageable} {ergonomic}
     bool UseCompressedClassPointers               = true                                 {lp64_product} {ergonomic}
     bool UseCompressedOops                        = true                                 {lp64_product} {ergonomic}
     bool UseG1GC                                  = true                                      {product} {ergonomic}
     bool UseLargePagesIndividualAllocation        = false                                  {pd product} {ergonomic}

Logging:
Log output configuration:
 #0: stdout all=warning uptime,level,tags
 #1: stderr all=off uptime,level,tags

Environment Variables:
JAVA_HOME=C:\Program Files\Java\jdk-14.0.1
PATH=C:\Windows\system32;C:\Windows;C:\Windows\System32\Wbem;C:\Windows\System32\WindowsPowerShell\v1.0\;C:\Windows\System32\OpenSSH\;C:\Program Files (x86)\NVIDIA Corporation\PhysX\Common;C:\Program Files\Intel\WiFi\bin\;C:\Program Files\Common Files\Intel\WirelessCommon\;C:\Program Files\Java\jdk-14.0.1\bin;C:\Program Files\Git\cmd;C:\Program Files\MySQL\MySQL Server 5.5\bin;C:\Program Files\Docker\Docker\resources\bin;C:\ProgramData\DockerDesktop\version-bin;C:\Maven\apache-maven-3.6.3\bin;C:\WINDOWS\system32;C:\WINDOWS;C:\WINDOWS\System32\Wbem;C:\WINDOWS\System32\WindowsPowerShell\v1.0\;C:\WINDOWS\System32\OpenSSH\;C:\Program Files (x86)\masm 615\BIN;C:\Users\demosocket\AppData\Local\bin\NASM;C:\Users\demosocket\AppData\Local\Microsoft\WindowsApps;;C:\Program Files\JetBrains\IntelliJ IDEA 2020.1\bin;
USERNAME=demosocket
OS=Windows_NT
PROCESSOR_IDENTIFIER=Intel64 Family 6 Model 142 Stepping 12, GenuineIntel



---------------  S Y S T E M  ---------------

OS: Windows 10 , 64 bit Build 19041 (10.0.19041.928)
OS uptime: 0 days 9:57 hours
HyperV virtualization detected

CPU:total 8 (initial active 8) (4 cores per cpu, 2 threads per core) family 6 model 142 stepping 12, cmov, cx8, fxsr, mmx, sse, sse2, sse3, ssse3, sse4.1, sse4.2, popcnt, avx, avx2, aes, clmul, erms, 3dnowpref, lzcnt, ht, tsc, tscinvbit, bmi1, bmi2, adx, fma

Memory: 4k page, system-wide physical 8006M (1825M free)
TotalPageFile size 8806M (AvailPageFile size 3M)
current process WorkingSet (physical memory assigned to process): 385M, peak: 385M
current process commit charge ("private bytes"): 495M, peak: 496M

vm_info: Java HotSpot(TM) 64-Bit Server VM (14.0.1+7) for windows-amd64 JRE (14.0.1+7), built on Mar  5 2020 10:30:14 by "mach5one" with MS VC++ 15.9 (VS2017)

END.
