#
# There is insufficient memory for the Java Runtime Environment to continue.
# Native memory allocation (malloc) failed to allocate 2183680 bytes for Chunk::new
# Possible reasons:
#   The system is out of physical RAM or swap space
#   The process is running with CompressedOops enabled, and the Java Heap may be blocking the growth of the native heap
# Possible solutions:
#   Reduce memory load on the system
#   Increase physical memory or swap space
#   Check if swap backing store is full
#   Decrease Java heap size (-Xmx/-Xms)
#   Decrease number of Java threads
#   Decrease Java thread stack sizes (-Xss)
#   Set larger code cache with -XX:ReservedCodeCacheSize=
#   JVM is running with Unscaled Compressed Oops mode in which the Java heap is
#     placed in the first 4GB address space. The Java Heap base address is the
#     maximum limit for the native heap growth. Please use -XX:HeapBaseMinAddress
#     to set the Java Heap base and to place the Java Heap above 4GB virtual address.
# This output file may be truncated or incomplete.
#
#  Out of Memory Error (./open/src/hotspot/share/memory/arena.cpp:195), pid=3280, tid=10956
#
# JRE version: Java(TM) SE Runtime Environment (14.0.1+7) (build 14.0.1+7)
# Java VM: Java HotSpot(TM) 64-Bit Server VM (14.0.1+7, mixed mode, sharing, tiered, compressed oops, g1 gc, windows-amd64)
# No core dump will be written. Minidumps are not enabled by default on client versions of Windows
#

---------------  S U M M A R Y ------------

Command Line: -XX:MaxMetaspaceSize=256m -XX:+HeapDumpOnOutOfMemoryError --add-opens=java.base/java.util=ALL-UNNAMED --add-opens=java.base/java.lang=ALL-UNNAMED --add-opens=java.base/java.lang.invoke=ALL-UNNAMED --add-opens=java.prefs/java.util.prefs=ALL-UNNAMED -Xms256m -Xmx512m -Dfile.encoding=windows-1251 -Duser.country=RU -Duser.language=ru -Duser.variant org.gradle.launcher.daemon.bootstrap.GradleDaemon 6.8.3

Host: Intel(R) Core(TM) i5-8265U CPU @ 1.60GHz, 8 cores, 7G,  Windows 10 , 64 bit Build 19041 (10.0.19041.928)
Time: Wed May 19 16:09:30 2021 RTZ 2 (зима) elapsed time: 17 seconds (0d 0h 0m 17s)

---------------  T H R E A D  ---------------

Current thread (0x000001c0b2732000):  JavaThread "C2 CompilerThread2" daemon [_thread_in_native, id=10956, stack(0x0000004b85700000,0x0000004b85800000)]


Current CompileTask:
C2:  17501 9078       4       java.beans.MethodRef::set (58 bytes)

Stack: [0x0000004b85700000,0x0000004b85800000]
Native frames: (J=compiled Java code, j=interpreted, Vv=VM code, C=native code)
V  [jvm.dll+0x5f840a]
V  [jvm.dll+0x741e4a]
V  [jvm.dll+0x7435ff]
V  [jvm.dll+0x743c43]
V  [jvm.dll+0x20d288]
V  [jvm.dll+0xabb07]
V  [jvm.dll+0xac1fc]
V  [jvm.dll+0x31c4c5]
V  [jvm.dll+0x2e6b48]
V  [jvm.dll+0x2e5f4a]
V  [jvm.dll+0x1e5e16]
V  [jvm.dll+0x1e50b8]
V  [jvm.dll+0x1779cc]
V  [jvm.dll+0x1f4105]
V  [jvm.dll+0x1f22eb]
V  [jvm.dll+0x706a9d]
V  [jvm.dll+0x6ff8ba]
V  [jvm.dll+0x5f72c6]
C  [ucrtbase.dll+0x21bb2]
C  [KERNEL32.DLL+0x17034]
C  [ntdll.dll+0x52651]


---------------  P R O C E S S  ---------------

Threads class SMR info:
_java_thread_list=0x000001c0b9503eb0, length=60, elements={
0x000001c0960a7000, 0x000001c0b18c1800, 0x000001c0b18c2800, 0x000001c0b18dc000,
0x000001c0b18e1800, 0x000001c0b18e5800, 0x000001c0b18eb000, 0x000001c0b18e3800,
0x000001c0b190c000, 0x000001c0b2370800, 0x000001c0b237d000, 0x000001c0b44c6000,
0x000001c0b42e2000, 0x000001c0b3f80800, 0x000001c0b4039000, 0x000001c0b3f7d800,
0x000001c0b4709800, 0x000001c0b3dc6000, 0x000001c0b3e62800, 0x000001c0b3e66800,
0x000001c0b3e63000, 0x000001c0b3e64800, 0x000001c0b3e67000, 0x000001c0b3e64000,
0x000001c0b3e69000, 0x000001c0b3e65800, 0x000001c0b3e68000, 0x000001c0b4ad6000,
0x000001c0b4ad0800, 0x000001c0b4ad1000, 0x000001c0b4ad5000, 0x000001c0b4ad7800,
0x000001c0b4ad2000, 0x000001c0b4ad7000, 0x000001c0b4ad3800, 0x000001c0b4ad2800,
0x000001c0b4ad4800, 0x000001c0b4add800, 0x000001c0b4ade000, 0x000001c0b4adb000,
0x000001c0b4ad8800, 0x000001c0b4adf000, 0x000001c0b4adb800, 0x000001c0b4adc800,
0x000001c0b4ad9800, 0x000001c0b4ada000, 0x000001c0b452b800, 0x000001c0b452f800,
0x000001c0b4530800, 0x000001c0b4531000, 0x000001c0b4533000, 0x000001c0b452e800,
0x000001c0b4532000, 0x000001c0b452d000, 0x000001c0b4533800, 0x000001c0b452e000,
0x000001c0b4537000, 0x000001c0b4537800, 0x000001c0b23b6000, 0x000001c0b2732000
}

Java Threads: ( => current thread )
  0x000001c0960a7000 JavaThread "main" [_thread_blocked, id=11188, stack(0x0000004b82f00000,0x0000004b83000000)]
  0x000001c0b18c1800 JavaThread "Reference Handler" daemon [_thread_blocked, id=2772, stack(0x0000004b83600000,0x0000004b83700000)]
  0x000001c0b18c2800 JavaThread "Finalizer" daemon [_thread_blocked, id=1708, stack(0x0000004b83700000,0x0000004b83800000)]
  0x000001c0b18dc000 JavaThread "Signal Dispatcher" daemon [_thread_blocked, id=15252, stack(0x0000004b83800000,0x0000004b83900000)]
  0x000001c0b18e1800 JavaThread "Attach Listener" daemon [_thread_blocked, id=6624, stack(0x0000004b83900000,0x0000004b83a00000)]
  0x000001c0b18e5800 JavaThread "Service Thread" daemon [_thread_blocked, id=2352, stack(0x0000004b83a00000,0x0000004b83b00000)]
  0x000001c0b18eb000 JavaThread "C2 CompilerThread0" daemon [_thread_in_native, id=8424, stack(0x0000004b83b00000,0x0000004b83c00000)]
  0x000001c0b18e3800 JavaThread "C1 CompilerThread0" daemon [_thread_blocked, id=10980, stack(0x0000004b83c00000,0x0000004b83d00000)]
  0x000001c0b190c000 JavaThread "Sweeper thread" daemon [_thread_blocked, id=9704, stack(0x0000004b83d00000,0x0000004b83e00000)]
  0x000001c0b2370800 JavaThread "Common-Cleaner" daemon [_thread_blocked, id=13776, stack(0x0000004b83e00000,0x0000004b83f00000)]
  0x000001c0b237d000 JavaThread "Notification Thread" daemon [_thread_blocked, id=4980, stack(0x0000004b83f00000,0x0000004b84000000)]
  0x000001c0b44c6000 JavaThread "Daemon health stats" [_thread_blocked, id=6092, stack(0x0000004b84900000,0x0000004b84a00000)]
  0x000001c0b42e2000 JavaThread "Incoming local TCP Connector on port 54985" [_thread_in_native, id=5352, stack(0x0000004b84b00000,0x0000004b84c00000)]
  0x000001c0b3f80800 JavaThread "Daemon periodic checks" [_thread_blocked, id=2032, stack(0x0000004b84c00000,0x0000004b84d00000)]
  0x000001c0b4039000 JavaThread "Daemon" [_thread_blocked, id=8476, stack(0x0000004b84d00000,0x0000004b84e00000)]
  0x000001c0b3f7d800 JavaThread "Handler for socket connection from /127.0.0.1:54985 to /127.0.0.1:54986" [_thread_in_native, id=3660, stack(0x0000004b84e00000,0x0000004b84f00000)]
  0x000001c0b4709800 JavaThread "Cancel handler" [_thread_blocked, id=9300, stack(0x0000004b84f00000,0x0000004b85000000)]
  0x000001c0b3dc6000 JavaThread "Daemon worker" [_thread_in_vm, id=14660, stack(0x0000004b85000000,0x0000004b85100000)]
  0x000001c0b3e62800 JavaThread "Asynchronous log dispatcher for DefaultDaemonConnection: socket connection from /127.0.0.1:54985 to /127.0.0.1:54986" [_thread_blocked, id=14952, stack(0x0000004b85100000,0x0000004b85200000)]
  0x000001c0b3e66800 JavaThread "Stdin handler" [_thread_blocked, id=10672, stack(0x0000004b85200000,0x0000004b85300000)]
  0x000001c0b3e63000 JavaThread "Daemon client event forwarder" [_thread_blocked, id=5188, stack(0x0000004b85300000,0x0000004b85400000)]
  0x000001c0b3e64800 JavaThread "Cache worker for file hash cache (C:\Users\demosocket\.gradle\caches\6.8.3\fileHashes)" [_thread_blocked, id=13764, stack(0x0000004b85400000,0x0000004b85500000)]
  0x000001c0b3e67000 JavaThread "File lock request listener" [_thread_in_native, id=4424, stack(0x0000004b85500000,0x0000004b85600000)]
  0x000001c0b3e64000 JavaThread "Cache worker for journal cache (C:\Users\demosocket\.gradle\caches\journal-1)" [_thread_blocked, id=12672, stack(0x0000004b85600000,0x0000004b85700000)]
  0x000001c0b3e69000 JavaThread "Cache worker for file hash cache (C:\Users\demosocket\IdeaProjects\emailer\.gradle\6.8.3\fileHashes)" [_thread_blocked, id=6032, stack(0x0000004b85800000,0x0000004b85900000)]
  0x000001c0b3e65800 JavaThread "jar transforms" [_thread_blocked, id=2860, stack(0x0000004b85900000,0x0000004b85a00000)]
  0x000001c0b3e68000 JavaThread "jar transforms Thread 2" [_thread_blocked, id=328, stack(0x0000004b85a00000,0x0000004b85b00000)]
  0x000001c0b4ad6000 JavaThread "jar transforms Thread 3" [_thread_blocked, id=12756, stack(0x0000004b85b00000,0x0000004b85c00000)]
  0x000001c0b4ad0800 JavaThread "jar transforms Thread 4" [_thread_blocked, id=736, stack(0x0000004b85c00000,0x0000004b85d00000)]
  0x000001c0b4ad1000 JavaThread "jar transforms Thread 5" [_thread_blocked, id=10328, stack(0x0000004b85d00000,0x0000004b85e00000)]
  0x000001c0b4ad5000 JavaThread "jar transforms Thread 6" [_thread_blocked, id=14548, stack(0x0000004b85e00000,0x0000004b85f00000)]
  0x000001c0b4ad7800 JavaThread "jar transforms Thread 7" [_thread_blocked, id=6932, stack(0x0000004b85f00000,0x0000004b86000000)]
  0x000001c0b4ad2000 JavaThread "jar transforms Thread 8" [_thread_blocked, id=3976, stack(0x0000004b86000000,0x0000004b86100000)]
  0x000001c0b4ad7000 JavaThread "jar transforms Thread 9" [_thread_blocked, id=2916, stack(0x0000004b86100000,0x0000004b86200000)]
  0x000001c0b4ad3800 JavaThread "jar transforms Thread 10" [_thread_blocked, id=7960, stack(0x0000004b86200000,0x0000004b86300000)]
  0x000001c0b4ad2800 JavaThread "jar transforms Thread 11" [_thread_blocked, id=3344, stack(0x0000004b86300000,0x0000004b86400000)]
  0x000001c0b4ad4800 JavaThread "jar transforms Thread 12" [_thread_blocked, id=11596, stack(0x0000004b86400000,0x0000004b86500000)]
  0x000001c0b4add800 JavaThread "jar transforms Thread 13" [_thread_blocked, id=14236, stack(0x0000004b86500000,0x0000004b86600000)]
  0x000001c0b4ade000 JavaThread "jar transforms Thread 14" [_thread_blocked, id=2484, stack(0x0000004b86600000,0x0000004b86700000)]
  0x000001c0b4adb000 JavaThread "jar transforms Thread 15" [_thread_blocked, id=8536, stack(0x0000004b86700000,0x0000004b86800000)]
  0x000001c0b4ad8800 JavaThread "jar transforms Thread 16" [_thread_blocked, id=10992, stack(0x0000004b86800000,0x0000004b86900000)]
  0x000001c0b4adf000 JavaThread "jar transforms Thread 17" [_thread_blocked, id=1360, stack(0x0000004b86900000,0x0000004b86a00000)]
  0x000001c0b4adb800 JavaThread "jar transforms Thread 18" [_thread_blocked, id=4024, stack(0x0000004b86a00000,0x0000004b86b00000)]
  0x000001c0b4adc800 JavaThread "Cache worker for checksums cache (C:\Users\demosocket\IdeaProjects\emailer\.gradle\checksums)" [_thread_blocked, id=6832, stack(0x0000004b86b00000,0x0000004b86c00000)]
  0x000001c0b4ad9800 JavaThread "Cache worker for cache directory md-supplier (C:\Users\demosocket\.gradle\caches\6.8.3\md-supplier)" [_thread_blocked, id=13680, stack(0x0000004b86c00000,0x0000004b86d00000)]
  0x000001c0b4ada000 JavaThread "Cache worker for cache directory md-rule (C:\Users\demosocket\.gradle\caches\6.8.3\md-rule)" [_thread_blocked, id=11780, stack(0x0000004b87000000,0x0000004b87100000)]
  0x000001c0b452b800 JavaThread "Cache worker for execution history cache (C:\Users\demosocket\.gradle\caches\6.8.3\executionHistory)" [_thread_blocked, id=5204, stack(0x0000004b87100000,0x0000004b87200000)]
  0x000001c0b452f800 JavaThread "Cache worker for file content cache (C:\Users\demosocket\.gradle\caches\6.8.3\fileContent)" [_thread_blocked, id=2472, stack(0x0000004b87200000,0x0000004b87300000)]
  0x000001c0b4530800 JavaThread "Cache worker for Build Output Cleanup Cache (C:\Users\demosocket\IdeaProjects\emailer\.gradle\buildOutputCleanup)" [_thread_blocked, id=2584, stack(0x0000004b87300000,0x0000004b87400000)]
  0x000001c0b4531000 JavaThread "Build operations" [_thread_blocked, id=1156, stack(0x0000004b87400000,0x0000004b87500000)]
  0x000001c0b4533000 JavaThread "Build operations Thread 2" [_thread_blocked, id=10448, stack(0x0000004b87500000,0x0000004b87600000)]
  0x000001c0b452e800 JavaThread "Build operations Thread 3" [_thread_blocked, id=14244, stack(0x0000004b87600000,0x0000004b87700000)]
  0x000001c0b4532000 JavaThread "Build operations Thread 4" [_thread_blocked, id=7632, stack(0x0000004b87700000,0x0000004b87800000)]
  0x000001c0b452d000 JavaThread "Build operations Thread 5" [_thread_blocked, id=12996, stack(0x0000004b87800000,0x0000004b87900000)]
  0x000001c0b4533800 JavaThread "Build operations Thread 6" [_thread_blocked, id=7796, stack(0x0000004b87900000,0x0000004b87a00000)]
  0x000001c0b452e000 JavaThread "Build operations Thread 7" [_thread_blocked, id=12840, stack(0x0000004b87a00000,0x0000004b87b00000)]
  0x000001c0b4537000 JavaThread "Build operations Thread 8" [_thread_blocked, id=15356, stack(0x0000004b87b00000,0x0000004b87c00000)]
  0x000001c0b4537800 JavaThread "Memory manager" [_thread_blocked, id=2892, stack(0x0000004b87c00000,0x0000004b87d00000)]
  0x000001c0b23b6000 JavaThread "C2 CompilerThread1" daemon [_thread_in_native, id=4004, stack(0x0000004b84100000,0x0000004b84200000)]
=>0x000001c0b2732000 JavaThread "C2 CompilerThread2" daemon [_thread_in_native, id=10956, stack(0x0000004b85700000,0x0000004b85800000)]

Other Threads:
  0x000001c0b18bd000 VMThread "VM Thread" [stack: 0x0000004b83500000,0x0000004b83600000] [id=10688]
  0x000001c0b237e800 WatcherThread [stack: 0x0000004b84000000,0x0000004b84100000] [id=10496]
  0x000001c0960d3800 GCTaskThread "GC Thread#0" [stack: 0x0000004b83000000,0x0000004b83100000] [id=9244]
  0x000001c0b29e0000 GCTaskThread "GC Thread#1" [stack: 0x0000004b84200000,0x0000004b84300000] [id=5604]
  0x000001c0b3141000 GCTaskThread "GC Thread#2" [stack: 0x0000004b84300000,0x0000004b84400000] [id=13420]
  0x000001c0b314a000 GCTaskThread "GC Thread#3" [stack: 0x0000004b84400000,0x0000004b84500000] [id=3584]
  0x000001c0b2df3800 GCTaskThread "GC Thread#4" [stack: 0x0000004b84500000,0x0000004b84600000] [id=13644]
  0x000001c0b2df4000 GCTaskThread "GC Thread#5" [stack: 0x0000004b84600000,0x0000004b84700000] [id=13812]
  0x000001c0b8471800 GCTaskThread "GC Thread#6" [stack: 0x0000004b86d00000,0x0000004b86e00000] [id=2428]
  0x000001c0b9847800 GCTaskThread "GC Thread#7" [stack: 0x0000004b86e00000,0x0000004b86f00000] [id=8788]
  0x000001c0960d9000 ConcurrentGCThread "G1 Main Marker" [stack: 0x0000004b83100000,0x0000004b83200000] [id=11168]
  0x000001c0960da000 ConcurrentGCThread "G1 Conc#0" [stack: 0x0000004b83200000,0x0000004b83300000] [id=7996]
  0x000001c0b8987800 ConcurrentGCThread "G1 Conc#1" [stack: 0x0000004b86f00000,0x0000004b87000000] [id=3724]
  0x000001c0b1762800 ConcurrentGCThread "G1 Refine#0" [stack: 0x0000004b83300000,0x0000004b83400000] [id=7860]
  0x000001c0b240b000 ConcurrentGCThread "G1 Refine#1" [stack: 0x0000004b84700000,0x0000004b84800000] [id=2108]
  0x000001c0b8ba5000 ConcurrentGCThread "G1 Refine#2" [stack: 0x0000004b87d00000,0x0000004b87e00000] [id=11936]
  0x000001c0b4a4a000 ConcurrentGCThread "G1 Refine#3" [stack: 0x0000004b87e00000,0x0000004b87f00000] [id=12580]
  0x000001c0b1763800 ConcurrentGCThread "G1 Young RemSet Sampling" [stack: 0x0000004b83400000,0x0000004b83500000] [id=1892]

Threads with active compile tasks:
C2 CompilerThread0    17519 9086       4       java.beans.Introspector::addMethod (196 bytes)
C2 CompilerThread1    17519 8957       4       com.sun.beans.TypeResolver::resolve (37 bytes)
C2 CompilerThread2    17519 9078       4       java.beans.MethodRef::set (58 bytes)

VM state:not at safepoint (normal execution)

VM Mutex/Monitor currently owned by a thread: None

Heap address: 0x00000000e0000000, size: 512 MB, Compressed Oops mode: 32-bit
Narrow klass base: 0x0000000800000000, Narrow klass shift: 3
Compressed class space size: 260046848 Address: 0x0000000800b30000

Heap:
 garbage-first heap   total 262144K, used 127573K [0x00000000e0000000, 0x0000000100000000)
  region size 1024K, 49 young (50176K), 7 survivors (7168K)
 Metaspace       used 65642K, capacity 67629K, committed 67792K, reserved 313344K
  class space    used 8570K, capacity 9282K, committed 9344K, reserved 253952K
Heap Regions: E=young(eden), S=young(survivor), O=old, HS=humongous(starts), HC=humongous(continues), CS=collection set, F=free, OA=open archive, CA=closed archive, TAMS=top-at-mark-start (previous, next)
|   0|0x00000000e0000000, 0x00000000e0100000, 0x00000000e0100000|100%| O|  |TAMS 0x00000000e0100000, 0x00000000e0000000| Untracked 
|   1|0x00000000e0100000, 0x00000000e0200000, 0x00000000e0200000|100%| O|  |TAMS 0x00000000e0200000, 0x00000000e0100000| Untracked 
|   2|0x00000000e0200000, 0x00000000e0300000, 0x00000000e0300000|100%| O|  |TAMS 0x00000000e0300000, 0x00000000e0200000| Untracked 
|   3|0x00000000e0300000, 0x00000000e0400000, 0x00000000e0400000|100%|HS|  |TAMS 0x00000000e0400000, 0x00000000e0300000| Complete 
|   4|0x00000000e0400000, 0x00000000e0500000, 0x00000000e0500000|100%|HC|  |TAMS 0x00000000e0500000, 0x00000000e0400000| Complete 
|   5|0x00000000e0500000, 0x00000000e0600000, 0x00000000e0600000|100%|HC|  |TAMS 0x00000000e0600000, 0x00000000e0500000| Complete 
|   6|0x00000000e0600000, 0x00000000e0700000, 0x00000000e0700000|100%| O|  |TAMS 0x00000000e0700000, 0x00000000e0600000| Untracked 
|   7|0x00000000e0700000, 0x00000000e0800000, 0x00000000e0800000|100%| O|  |TAMS 0x00000000e0800000, 0x00000000e0700000| Untracked 
|   8|0x00000000e0800000, 0x00000000e0900000, 0x00000000e0900000|100%| O|  |TAMS 0x00000000e0900000, 0x00000000e0800000| Untracked 
|   9|0x00000000e0900000, 0x00000000e0a00000, 0x00000000e0a00000|100%|HS|  |TAMS 0x00000000e0a00000, 0x00000000e0900000| Complete 
|  10|0x00000000e0a00000, 0x00000000e0b00000, 0x00000000e0b00000|100%|HC|  |TAMS 0x00000000e0b00000, 0x00000000e0a00000| Complete 
|  11|0x00000000e0b00000, 0x00000000e0c00000, 0x00000000e0c00000|100%|HC|  |TAMS 0x00000000e0c00000, 0x00000000e0b00000| Complete 
|  12|0x00000000e0c00000, 0x00000000e0d00000, 0x00000000e0d00000|100%|HC|  |TAMS 0x00000000e0d00000, 0x00000000e0c00000| Complete 
|  13|0x00000000e0d00000, 0x00000000e0e00000, 0x00000000e0e00000|100%|HC|  |TAMS 0x00000000e0e00000, 0x00000000e0d00000| Complete 
|  14|0x00000000e0e00000, 0x00000000e0f00000, 0x00000000e0f00000|100%|HS|  |TAMS 0x00000000e0f00000, 0x00000000e0e00000| Complete 
|  15|0x00000000e0f00000, 0x00000000e1000000, 0x00000000e1000000|100%|HC|  |TAMS 0x00000000e1000000, 0x00000000e0f00000| Complete 
|  16|0x00000000e1000000, 0x00000000e1100000, 0x00000000e1100000|100%|HC|  |TAMS 0x00000000e1100000, 0x00000000e1000000| Complete 
|  17|0x00000000e1100000, 0x00000000e1200000, 0x00000000e1200000|100%|HC|  |TAMS 0x00000000e1200000, 0x00000000e1100000| Complete 
|  18|0x00000000e1200000, 0x00000000e1300000, 0x00000000e1300000|100%| O|  |TAMS 0x00000000e1300000, 0x00000000e1200000| Untracked 
|  19|0x00000000e1300000, 0x00000000e1400000, 0x00000000e1400000|100%| O|  |TAMS 0x00000000e1400000, 0x00000000e1300000| Untracked 
|  20|0x00000000e1400000, 0x00000000e1500000, 0x00000000e1500000|100%| O|  |TAMS 0x00000000e1500000, 0x00000000e1400000| Untracked 
|  21|0x00000000e1500000, 0x00000000e1600000, 0x00000000e1600000|100%|HS|  |TAMS 0x00000000e1600000, 0x00000000e1500000| Complete 
|  22|0x00000000e1600000, 0x00000000e1700000, 0x00000000e1700000|100%|HC|  |TAMS 0x00000000e1700000, 0x00000000e1600000| Complete 
|  23|0x00000000e1700000, 0x00000000e1800000, 0x00000000e1800000|100%|HC|  |TAMS 0x00000000e1800000, 0x00000000e1700000| Complete 
|  24|0x00000000e1800000, 0x00000000e1900000, 0x00000000e1900000|100%|HC|  |TAMS 0x00000000e1900000, 0x00000000e1800000| Complete 
|  25|0x00000000e1900000, 0x00000000e1a00000, 0x00000000e1a00000|100%|HC|  |TAMS 0x00000000e1a00000, 0x00000000e1900000| Complete 
|  26|0x00000000e1a00000, 0x00000000e1b00000, 0x00000000e1b00000|100%| O|  |TAMS 0x00000000e1b00000, 0x00000000e1a00000| Untracked 
|  27|0x00000000e1b00000, 0x00000000e1c00000, 0x00000000e1c00000|100%| O|  |TAMS 0x00000000e1c00000, 0x00000000e1b00000| Untracked 
|  28|0x00000000e1c00000, 0x00000000e1d00000, 0x00000000e1d00000|100%| O|  |TAMS 0x00000000e1d00000, 0x00000000e1c00000| Untracked 
|  29|0x00000000e1d00000, 0x00000000e1e00000, 0x00000000e1e00000|100%| O|  |TAMS 0x00000000e1e00000, 0x00000000e1d00000| Untracked 
|  30|0x00000000e1e00000, 0x00000000e1f00000, 0x00000000e1f00000|100%| O|  |TAMS 0x00000000e1f00000, 0x00000000e1e00000| Untracked 
|  31|0x00000000e1f00000, 0x00000000e2000000, 0x00000000e2000000|100%|HS|  |TAMS 0x00000000e2000000, 0x00000000e1f00000| Complete 
|  32|0x00000000e2000000, 0x00000000e2100000, 0x00000000e2100000|100%|HC|  |TAMS 0x00000000e2100000, 0x00000000e2000000| Complete 
|  33|0x00000000e2100000, 0x00000000e2200000, 0x00000000e2200000|100%|HC|  |TAMS 0x00000000e2200000, 0x00000000e2100000| Complete 
|  34|0x00000000e2200000, 0x00000000e2300000, 0x00000000e2300000|100%|HC|  |TAMS 0x00000000e2300000, 0x00000000e2200000| Complete 
|  35|0x00000000e2300000, 0x00000000e2400000, 0x00000000e2400000|100%| O|  |TAMS 0x00000000e2400000, 0x00000000e2300000| Untracked 
|  36|0x00000000e2400000, 0x00000000e2500000, 0x00000000e2500000|100%| O|  |TAMS 0x00000000e2500000, 0x00000000e2400000| Untracked 
|  37|0x00000000e2500000, 0x00000000e2600000, 0x00000000e2600000|100%| O|  |TAMS 0x00000000e2600000, 0x00000000e2500000| Untracked 
|  38|0x00000000e2600000, 0x00000000e2700000, 0x00000000e2700000|100%| O|  |TAMS 0x00000000e2700000, 0x00000000e2600000| Untracked 
|  39|0x00000000e2700000, 0x00000000e2800000, 0x00000000e2800000|100%|HS|  |TAMS 0x00000000e2800000, 0x00000000e2700000| Complete 
|  40|0x00000000e2800000, 0x00000000e2900000, 0x00000000e2900000|100%|HC|  |TAMS 0x00000000e2900000, 0x00000000e2800000| Complete 
|  41|0x00000000e2900000, 0x00000000e2a00000, 0x00000000e2a00000|100%|HC|  |TAMS 0x00000000e2a00000, 0x00000000e2900000| Complete 
|  42|0x00000000e2a00000, 0x00000000e2b00000, 0x00000000e2b00000|100%|HC|  |TAMS 0x00000000e2b00000, 0x00000000e2a00000| Complete 
|  43|0x00000000e2b00000, 0x00000000e2c00000, 0x00000000e2c00000|100%|HC|  |TAMS 0x00000000e2c00000, 0x00000000e2b00000| Complete 
|  44|0x00000000e2c00000, 0x00000000e2d00000, 0x00000000e2d00000|100%|HS|  |TAMS 0x00000000e2d00000, 0x00000000e2c00000| Complete 
|  45|0x00000000e2d00000, 0x00000000e2e00000, 0x00000000e2e00000|100%|HC|  |TAMS 0x00000000e2e00000, 0x00000000e2d00000| Complete 
|  46|0x00000000e2e00000, 0x00000000e2f00000, 0x00000000e2f00000|100%|HC|  |TAMS 0x00000000e2f00000, 0x00000000e2e00000| Complete 
|  47|0x00000000e2f00000, 0x00000000e3000000, 0x00000000e3000000|100%|HC|  |TAMS 0x00000000e3000000, 0x00000000e2f00000| Complete 
|  48|0x00000000e3000000, 0x00000000e3100000, 0x00000000e3100000|100%| O|  |TAMS 0x00000000e3100000, 0x00000000e3000000| Untracked 
|  49|0x00000000e3100000, 0x00000000e3200000, 0x00000000e3200000|100%| O|  |TAMS 0x00000000e3200000, 0x00000000e3100000| Untracked 
|  50|0x00000000e3200000, 0x00000000e3300000, 0x00000000e3300000|100%| O|  |TAMS 0x00000000e3300000, 0x00000000e3200000| Untracked 
|  51|0x00000000e3300000, 0x00000000e3400000, 0x00000000e3400000|100%| O|  |TAMS 0x00000000e3400000, 0x00000000e3300000| Untracked 
|  52|0x00000000e3400000, 0x00000000e3500000, 0x00000000e3500000|100%| O|  |TAMS 0x00000000e3500000, 0x00000000e3400000| Untracked 
|  53|0x00000000e3500000, 0x00000000e3600000, 0x00000000e3600000|100%| O|  |TAMS 0x00000000e3600000, 0x00000000e3500000| Untracked 
|  54|0x00000000e3600000, 0x00000000e3700000, 0x00000000e3700000|100%| O|  |TAMS 0x00000000e3700000, 0x00000000e3600000| Untracked 
|  55|0x00000000e3700000, 0x00000000e3800000, 0x00000000e3800000|100%| O|  |TAMS 0x00000000e3800000, 0x00000000e3700000| Untracked 
|  56|0x00000000e3800000, 0x00000000e3900000, 0x00000000e3900000|100%| O|  |TAMS 0x00000000e3900000, 0x00000000e3800000| Untracked 
|  57|0x00000000e3900000, 0x00000000e3a00000, 0x00000000e3a00000|100%| O|  |TAMS 0x00000000e397ee00, 0x00000000e3900000| Untracked 
|  58|0x00000000e3a00000, 0x00000000e3b00000, 0x00000000e3b00000|100%| O|  |TAMS 0x00000000e3a00000, 0x00000000e3a00000| Untracked 
|  59|0x00000000e3b00000, 0x00000000e3c00000, 0x00000000e3c00000|100%| O|  |TAMS 0x00000000e3b00000, 0x00000000e3b00000| Untracked 
|  60|0x00000000e3c00000, 0x00000000e3d00000, 0x00000000e3d00000|100%| O|  |TAMS 0x00000000e3c00000, 0x00000000e3c00000| Untracked 
|  61|0x00000000e3d00000, 0x00000000e3e00000, 0x00000000e3e00000|100%| O|  |TAMS 0x00000000e3d00000, 0x00000000e3d00000| Untracked 
|  62|0x00000000e3e00000, 0x00000000e3f00000, 0x00000000e3f00000|100%| O|  |TAMS 0x00000000e3e00000, 0x00000000e3e00000| Untracked 
|  63|0x00000000e3f00000, 0x00000000e4000000, 0x00000000e4000000|100%| O|  |TAMS 0x00000000e3f00000, 0x00000000e3f00000| Untracked 
|  64|0x00000000e4000000, 0x00000000e4100000, 0x00000000e4100000|100%| O|  |TAMS 0x00000000e4000000, 0x00000000e4000000| Untracked 
|  65|0x00000000e4100000, 0x00000000e4200000, 0x00000000e4200000|100%| O|  |TAMS 0x00000000e4100000, 0x00000000e4100000| Untracked 
|  66|0x00000000e4200000, 0x00000000e4300000, 0x00000000e4300000|100%| O|  |TAMS 0x00000000e4200000, 0x00000000e4200000| Untracked 
|  67|0x00000000e4300000, 0x00000000e4400000, 0x00000000e4400000|100%| O|  |TAMS 0x00000000e4300000, 0x00000000e4300000| Untracked 
|  68|0x00000000e4400000, 0x00000000e4500000, 0x00000000e4500000|100%| O|  |TAMS 0x00000000e4400000, 0x00000000e4400000| Untracked 
|  69|0x00000000e4500000, 0x00000000e4600000, 0x00000000e4600000|100%| O|  |TAMS 0x00000000e4500000, 0x00000000e4500000| Untracked 
|  70|0x00000000e4600000, 0x00000000e4700000, 0x00000000e4700000|100%| O|  |TAMS 0x00000000e4600000, 0x00000000e4600000| Untracked 
|  71|0x00000000e4700000, 0x00000000e4800000, 0x00000000e4800000|100%| O|  |TAMS 0x00000000e4700000, 0x00000000e4700000| Untracked 
|  72|0x00000000e4800000, 0x00000000e4900000, 0x00000000e4900000|100%| O|  |TAMS 0x00000000e4800000, 0x00000000e4800000| Untracked 
|  73|0x00000000e4900000, 0x00000000e4a00000, 0x00000000e4a00000|100%| O|  |TAMS 0x00000000e4900000, 0x00000000e4900000| Untracked 
|  74|0x00000000e4a00000, 0x00000000e4b00000, 0x00000000e4b00000|100%| O|  |TAMS 0x00000000e4a00000, 0x00000000e4a00000| Untracked 
|  75|0x00000000e4b00000, 0x00000000e4c00000, 0x00000000e4c00000|100%| O|  |TAMS 0x00000000e4b00000, 0x00000000e4b00000| Untracked 
|  76|0x00000000e4c00000, 0x00000000e4d00000, 0x00000000e4d00000|100%| O|  |TAMS 0x00000000e4c00000, 0x00000000e4c00000| Untracked 
|  77|0x00000000e4d00000, 0x00000000e4d5e200, 0x00000000e4e00000| 36%| O|  |TAMS 0x00000000e4d00000, 0x00000000e4d00000| Untracked 
|  78|0x00000000e4e00000, 0x00000000e4e00000, 0x00000000e4f00000|  0%| F|  |TAMS 0x00000000e4e00000, 0x00000000e4e00000| Untracked 
|  79|0x00000000e4f00000, 0x00000000e4f00000, 0x00000000e5000000|  0%| F|  |TAMS 0x00000000e4f00000, 0x00000000e4f00000| Untracked 
|  80|0x00000000e5000000, 0x00000000e5000000, 0x00000000e5100000|  0%| F|  |TAMS 0x00000000e5000000, 0x00000000e5000000| Untracked 
|  81|0x00000000e5100000, 0x00000000e5100000, 0x00000000e5200000|  0%| F|  |TAMS 0x00000000e5100000, 0x00000000e5100000| Untracked 
|  82|0x00000000e5200000, 0x00000000e5200000, 0x00000000e5300000|  0%| F|  |TAMS 0x00000000e5200000, 0x00000000e5200000| Untracked 
|  83|0x00000000e5300000, 0x00000000e5300000, 0x00000000e5400000|  0%| F|  |TAMS 0x00000000e5300000, 0x00000000e5300000| Untracked 
|  84|0x00000000e5400000, 0x00000000e5400000, 0x00000000e5500000|  0%| F|  |TAMS 0x00000000e5400000, 0x00000000e5400000| Untracked 
|  85|0x00000000e5500000, 0x00000000e5500000, 0x00000000e5600000|  0%| F|  |TAMS 0x00000000e5500000, 0x00000000e5500000| Untracked 
|  86|0x00000000e5600000, 0x00000000e5600000, 0x00000000e5700000|  0%| F|  |TAMS 0x00000000e5600000, 0x00000000e5600000| Untracked 
|  87|0x00000000e5700000, 0x00000000e5700000, 0x00000000e5800000|  0%| F|  |TAMS 0x00000000e5700000, 0x00000000e5700000| Untracked 
|  88|0x00000000e5800000, 0x00000000e5800000, 0x00000000e5900000|  0%| F|  |TAMS 0x00000000e5800000, 0x00000000e5800000| Untracked 
|  89|0x00000000e5900000, 0x00000000e5900000, 0x00000000e5a00000|  0%| F|  |TAMS 0x00000000e5900000, 0x00000000e5900000| Untracked 
|  90|0x00000000e5a00000, 0x00000000e5a00000, 0x00000000e5b00000|  0%| F|  |TAMS 0x00000000e5a00000, 0x00000000e5a00000| Untracked 
|  91|0x00000000e5b00000, 0x00000000e5b00000, 0x00000000e5c00000|  0%| F|  |TAMS 0x00000000e5b00000, 0x00000000e5b00000| Untracked 
|  92|0x00000000e5c00000, 0x00000000e5c00000, 0x00000000e5d00000|  0%| F|  |TAMS 0x00000000e5c00000, 0x00000000e5c00000| Untracked 
|  93|0x00000000e5d00000, 0x00000000e5d00000, 0x00000000e5e00000|  0%| F|  |TAMS 0x00000000e5d00000, 0x00000000e5d00000| Untracked 
|  94|0x00000000e5e00000, 0x00000000e5e00000, 0x00000000e5f00000|  0%| F|  |TAMS 0x00000000e5e00000, 0x00000000e5e00000| Untracked 
|  95|0x00000000e5f00000, 0x00000000e5f00000, 0x00000000e6000000|  0%| F|  |TAMS 0x00000000e5f00000, 0x00000000e5f00000| Untracked 
|  96|0x00000000e6000000, 0x00000000e6000000, 0x00000000e6100000|  0%| F|  |TAMS 0x00000000e6000000, 0x00000000e6000000| Untracked 
|  97|0x00000000e6100000, 0x00000000e6100000, 0x00000000e6200000|  0%| F|  |TAMS 0x00000000e6100000, 0x00000000e6100000| Untracked 
|  98|0x00000000e6200000, 0x00000000e6200000, 0x00000000e6300000|  0%| F|  |TAMS 0x00000000e6200000, 0x00000000e6200000| Untracked 
|  99|0x00000000e6300000, 0x00000000e6300000, 0x00000000e6400000|  0%| F|  |TAMS 0x00000000e6300000, 0x00000000e6300000| Untracked 
| 100|0x00000000e6400000, 0x00000000e6400000, 0x00000000e6500000|  0%| F|  |TAMS 0x00000000e6400000, 0x00000000e6400000| Untracked 
| 101|0x00000000e6500000, 0x00000000e6500000, 0x00000000e6600000|  0%| F|  |TAMS 0x00000000e6500000, 0x00000000e6500000| Untracked 
| 102|0x00000000e6600000, 0x00000000e6600000, 0x00000000e6700000|  0%| F|  |TAMS 0x00000000e6600000, 0x00000000e6600000| Untracked 
| 103|0x00000000e6700000, 0x00000000e6700000, 0x00000000e6800000|  0%| F|  |TAMS 0x00000000e6700000, 0x00000000e6700000| Untracked 
| 104|0x00000000e6800000, 0x00000000e6800000, 0x00000000e6900000|  0%| F|  |TAMS 0x00000000e6800000, 0x00000000e6800000| Untracked 
| 105|0x00000000e6900000, 0x00000000e6900000, 0x00000000e6a00000|  0%| F|  |TAMS 0x00000000e6900000, 0x00000000e6900000| Untracked 
| 106|0x00000000e6a00000, 0x00000000e6a00000, 0x00000000e6b00000|  0%| F|  |TAMS 0x00000000e6a00000, 0x00000000e6a00000| Untracked 
| 107|0x00000000e6b00000, 0x00000000e6b00000, 0x00000000e6c00000|  0%| F|  |TAMS 0x00000000e6b00000, 0x00000000e6b00000| Untracked 
| 108|0x00000000e6c00000, 0x00000000e6c00000, 0x00000000e6d00000|  0%| F|  |TAMS 0x00000000e6c00000, 0x00000000e6c00000| Untracked 
| 109|0x00000000e6d00000, 0x00000000e6d00000, 0x00000000e6e00000|  0%| F|  |TAMS 0x00000000e6d00000, 0x00000000e6d00000| Untracked 
| 110|0x00000000e6e00000, 0x00000000e6e00000, 0x00000000e6f00000|  0%| F|  |TAMS 0x00000000e6e00000, 0x00000000e6e00000| Untracked 
| 111|0x00000000e6f00000, 0x00000000e6f00000, 0x00000000e7000000|  0%| F|  |TAMS 0x00000000e6f00000, 0x00000000e6f00000| Untracked 
| 112|0x00000000e7000000, 0x00000000e7000000, 0x00000000e7100000|  0%| F|  |TAMS 0x00000000e7000000, 0x00000000e7000000| Untracked 
| 113|0x00000000e7100000, 0x00000000e7100000, 0x00000000e7200000|  0%| F|  |TAMS 0x00000000e7100000, 0x00000000e7100000| Untracked 
| 114|0x00000000e7200000, 0x00000000e7200000, 0x00000000e7300000|  0%| F|  |TAMS 0x00000000e7200000, 0x00000000e7200000| Untracked 
| 115|0x00000000e7300000, 0x00000000e7300000, 0x00000000e7400000|  0%| F|  |TAMS 0x00000000e7300000, 0x00000000e7300000| Untracked 
| 116|0x00000000e7400000, 0x00000000e7400000, 0x00000000e7500000|  0%| F|  |TAMS 0x00000000e7400000, 0x00000000e7400000| Untracked 
| 117|0x00000000e7500000, 0x00000000e7500000, 0x00000000e7600000|  0%| F|  |TAMS 0x00000000e7500000, 0x00000000e7500000| Untracked 
| 118|0x00000000e7600000, 0x00000000e7600000, 0x00000000e7700000|  0%| F|  |TAMS 0x00000000e7600000, 0x00000000e7600000| Untracked 
| 119|0x00000000e7700000, 0x00000000e7700000, 0x00000000e7800000|  0%| F|  |TAMS 0x00000000e7700000, 0x00000000e7700000| Untracked 
| 120|0x00000000e7800000, 0x00000000e7800000, 0x00000000e7900000|  0%| F|  |TAMS 0x00000000e7800000, 0x00000000e7800000| Untracked 
| 121|0x00000000e7900000, 0x00000000e7937380, 0x00000000e7a00000| 21%| S|CS|TAMS 0x00000000e7900000, 0x00000000e7900000| Complete 
| 122|0x00000000e7a00000, 0x00000000e7b00000, 0x00000000e7b00000|100%| S|CS|TAMS 0x00000000e7a00000, 0x00000000e7a00000| Complete 
| 123|0x00000000e7b00000, 0x00000000e7c00000, 0x00000000e7c00000|100%| S|CS|TAMS 0x00000000e7b00000, 0x00000000e7b00000| Complete 
| 124|0x00000000e7c00000, 0x00000000e7d00000, 0x00000000e7d00000|100%| S|CS|TAMS 0x00000000e7c00000, 0x00000000e7c00000| Complete 
| 125|0x00000000e7d00000, 0x00000000e7e00000, 0x00000000e7e00000|100%| S|CS|TAMS 0x00000000e7d00000, 0x00000000e7d00000| Complete 
| 126|0x00000000e7e00000, 0x00000000e7f00000, 0x00000000e7f00000|100%| S|CS|TAMS 0x00000000e7e00000, 0x00000000e7e00000| Complete 
| 127|0x00000000e7f00000, 0x00000000e8000000, 0x00000000e8000000|100%| S|CS|TAMS 0x00000000e7f00000, 0x00000000e7f00000| Complete 
| 128|0x00000000e8000000, 0x00000000e8000000, 0x00000000e8100000|  0%| F|  |TAMS 0x00000000e8000000, 0x00000000e8000000| Untracked 
| 129|0x00000000e8100000, 0x00000000e8100000, 0x00000000e8200000|  0%| F|  |TAMS 0x00000000e8100000, 0x00000000e8100000| Untracked 
| 130|0x00000000e8200000, 0x00000000e8200000, 0x00000000e8300000|  0%| F|  |TAMS 0x00000000e8200000, 0x00000000e8200000| Untracked 
| 131|0x00000000e8300000, 0x00000000e8300000, 0x00000000e8400000|  0%| F|  |TAMS 0x00000000e8300000, 0x00000000e8300000| Untracked 
| 132|0x00000000e8400000, 0x00000000e8400000, 0x00000000e8500000|  0%| F|  |TAMS 0x00000000e8400000, 0x00000000e8400000| Untracked 
| 133|0x00000000e8500000, 0x00000000e8500000, 0x00000000e8600000|  0%| F|  |TAMS 0x00000000e8500000, 0x00000000e8500000| Untracked 
| 134|0x00000000e8600000, 0x00000000e8600000, 0x00000000e8700000|  0%| F|  |TAMS 0x00000000e8600000, 0x00000000e8600000| Untracked 
| 135|0x00000000e8700000, 0x00000000e8700000, 0x00000000e8800000|  0%| F|  |TAMS 0x00000000e8700000, 0x00000000e8700000| Untracked 
| 136|0x00000000e8800000, 0x00000000e8800000, 0x00000000e8900000|  0%| F|  |TAMS 0x00000000e8800000, 0x00000000e8800000| Untracked 
| 137|0x00000000e8900000, 0x00000000e8900000, 0x00000000e8a00000|  0%| F|  |TAMS 0x00000000e8900000, 0x00000000e8900000| Untracked 
| 138|0x00000000e8a00000, 0x00000000e8a00000, 0x00000000e8b00000|  0%| F|  |TAMS 0x00000000e8a00000, 0x00000000e8a00000| Untracked 
| 139|0x00000000e8b00000, 0x00000000e8b00000, 0x00000000e8c00000|  0%| F|  |TAMS 0x00000000e8b00000, 0x00000000e8b00000| Untracked 
| 140|0x00000000e8c00000, 0x00000000e8c00000, 0x00000000e8d00000|  0%| F|  |TAMS 0x00000000e8c00000, 0x00000000e8c00000| Untracked 
| 141|0x00000000e8d00000, 0x00000000e8d00000, 0x00000000e8e00000|  0%| F|  |TAMS 0x00000000e8d00000, 0x00000000e8d00000| Untracked 
| 142|0x00000000e8e00000, 0x00000000e8e00000, 0x00000000e8f00000|  0%| F|  |TAMS 0x00000000e8e00000, 0x00000000e8e00000| Untracked 
| 143|0x00000000e8f00000, 0x00000000e8f00000, 0x00000000e9000000|  0%| F|  |TAMS 0x00000000e8f00000, 0x00000000e8f00000| Untracked 
| 144|0x00000000e9000000, 0x00000000e9000000, 0x00000000e9100000|  0%| F|  |TAMS 0x00000000e9000000, 0x00000000e9000000| Untracked 
| 145|0x00000000e9100000, 0x00000000e9100000, 0x00000000e9200000|  0%| F|  |TAMS 0x00000000e9100000, 0x00000000e9100000| Untracked 
| 146|0x00000000e9200000, 0x00000000e9200000, 0x00000000e9300000|  0%| F|  |TAMS 0x00000000e9200000, 0x00000000e9200000| Untracked 
| 147|0x00000000e9300000, 0x00000000e9300000, 0x00000000e9400000|  0%| F|  |TAMS 0x00000000e9300000, 0x00000000e9300000| Untracked 
| 148|0x00000000e9400000, 0x00000000e9400000, 0x00000000e9500000|  0%| F|  |TAMS 0x00000000e9400000, 0x00000000e9400000| Untracked 
| 149|0x00000000e9500000, 0x00000000e9500000, 0x00000000e9600000|  0%| F|  |TAMS 0x00000000e9500000, 0x00000000e9500000| Untracked 
| 150|0x00000000e9600000, 0x00000000e9600000, 0x00000000e9700000|  0%| F|  |TAMS 0x00000000e9600000, 0x00000000e9600000| Untracked 
| 151|0x00000000e9700000, 0x00000000e9700000, 0x00000000e9800000|  0%| F|  |TAMS 0x00000000e9700000, 0x00000000e9700000| Untracked 
| 152|0x00000000e9800000, 0x00000000e9800000, 0x00000000e9900000|  0%| F|  |TAMS 0x00000000e9800000, 0x00000000e9800000| Untracked 
| 153|0x00000000e9900000, 0x00000000e9900000, 0x00000000e9a00000|  0%| F|  |TAMS 0x00000000e9900000, 0x00000000e9900000| Untracked 
| 154|0x00000000e9a00000, 0x00000000e9a00000, 0x00000000e9b00000|  0%| F|  |TAMS 0x00000000e9a00000, 0x00000000e9a00000| Untracked 
| 155|0x00000000e9b00000, 0x00000000e9b00000, 0x00000000e9c00000|  0%| F|  |TAMS 0x00000000e9b00000, 0x00000000e9b00000| Untracked 
| 156|0x00000000e9c00000, 0x00000000e9c00000, 0x00000000e9d00000|  0%| F|  |TAMS 0x00000000e9c00000, 0x00000000e9c00000| Untracked 
| 157|0x00000000e9d00000, 0x00000000e9d00000, 0x00000000e9e00000|  0%| F|  |TAMS 0x00000000e9d00000, 0x00000000e9d00000| Untracked 
| 158|0x00000000e9e00000, 0x00000000e9e00000, 0x00000000e9f00000|  0%| F|  |TAMS 0x00000000e9e00000, 0x00000000e9e00000| Untracked 
| 159|0x00000000e9f00000, 0x00000000e9f00000, 0x00000000ea000000|  0%| F|  |TAMS 0x00000000e9f00000, 0x00000000e9f00000| Untracked 
| 160|0x00000000ea000000, 0x00000000ea000000, 0x00000000ea100000|  0%| F|  |TAMS 0x00000000ea000000, 0x00000000ea000000| Untracked 
| 161|0x00000000ea100000, 0x00000000ea100000, 0x00000000ea200000|  0%| F|  |TAMS 0x00000000ea100000, 0x00000000ea100000| Untracked 
| 162|0x00000000ea200000, 0x00000000ea200000, 0x00000000ea300000|  0%| F|  |TAMS 0x00000000ea200000, 0x00000000ea200000| Untracked 
| 163|0x00000000ea300000, 0x00000000ea300000, 0x00000000ea400000|  0%| F|  |TAMS 0x00000000ea300000, 0x00000000ea300000| Untracked 
| 164|0x00000000ea400000, 0x00000000ea400000, 0x00000000ea500000|  0%| F|  |TAMS 0x00000000ea400000, 0x00000000ea400000| Untracked 
| 165|0x00000000ea500000, 0x00000000ea500000, 0x00000000ea600000|  0%| F|  |TAMS 0x00000000ea500000, 0x00000000ea500000| Untracked 
| 166|0x00000000ea600000, 0x00000000ea600000, 0x00000000ea700000|  0%| F|  |TAMS 0x00000000ea600000, 0x00000000ea600000| Untracked 
| 167|0x00000000ea700000, 0x00000000ea700000, 0x00000000ea800000|  0%| F|  |TAMS 0x00000000ea700000, 0x00000000ea700000| Untracked 
| 168|0x00000000ea800000, 0x00000000ea800000, 0x00000000ea900000|  0%| F|  |TAMS 0x00000000ea800000, 0x00000000ea800000| Untracked 
| 169|0x00000000ea900000, 0x00000000ea900000, 0x00000000eaa00000|  0%| F|  |TAMS 0x00000000ea900000, 0x00000000ea900000| Untracked 
| 170|0x00000000eaa00000, 0x00000000eaa00000, 0x00000000eab00000|  0%| F|  |TAMS 0x00000000eaa00000, 0x00000000eaa00000| Untracked 
| 171|0x00000000eab00000, 0x00000000eab00000, 0x00000000eac00000|  0%| F|  |TAMS 0x00000000eab00000, 0x00000000eab00000| Untracked 
| 172|0x00000000eac00000, 0x00000000eac00000, 0x00000000ead00000|  0%| F|  |TAMS 0x00000000eac00000, 0x00000000eac00000| Untracked 
| 173|0x00000000ead00000, 0x00000000ead00000, 0x00000000eae00000|  0%| F|  |TAMS 0x00000000ead00000, 0x00000000ead00000| Untracked 
| 174|0x00000000eae00000, 0x00000000eae00000, 0x00000000eaf00000|  0%| F|  |TAMS 0x00000000eae00000, 0x00000000eae00000| Untracked 
| 175|0x00000000eaf00000, 0x00000000eaf00000, 0x00000000eb000000|  0%| F|  |TAMS 0x00000000eaf00000, 0x00000000eaf00000| Untracked 
| 176|0x00000000eb000000, 0x00000000eb000000, 0x00000000eb100000|  0%| F|  |TAMS 0x00000000eb000000, 0x00000000eb000000| Untracked 
| 177|0x00000000eb100000, 0x00000000eb100000, 0x00000000eb200000|  0%| F|  |TAMS 0x00000000eb100000, 0x00000000eb100000| Untracked 
| 178|0x00000000eb200000, 0x00000000eb200000, 0x00000000eb300000|  0%| F|  |TAMS 0x00000000eb200000, 0x00000000eb200000| Untracked 
| 179|0x00000000eb300000, 0x00000000eb300000, 0x00000000eb400000|  0%| F|  |TAMS 0x00000000eb300000, 0x00000000eb300000| Untracked 
| 180|0x00000000eb400000, 0x00000000eb400000, 0x00000000eb500000|  0%| F|  |TAMS 0x00000000eb400000, 0x00000000eb400000| Untracked 
| 181|0x00000000eb500000, 0x00000000eb500000, 0x00000000eb600000|  0%| F|  |TAMS 0x00000000eb500000, 0x00000000eb500000| Untracked 
| 182|0x00000000eb600000, 0x00000000eb600000, 0x00000000eb700000|  0%| F|  |TAMS 0x00000000eb600000, 0x00000000eb600000| Untracked 
| 183|0x00000000eb700000, 0x00000000eb700000, 0x00000000eb800000|  0%| F|  |TAMS 0x00000000eb700000, 0x00000000eb700000| Untracked 
| 184|0x00000000eb800000, 0x00000000eb800000, 0x00000000eb900000|  0%| F|  |TAMS 0x00000000eb800000, 0x00000000eb800000| Untracked 
| 185|0x00000000eb900000, 0x00000000eb900000, 0x00000000eba00000|  0%| F|  |TAMS 0x00000000eb900000, 0x00000000eb900000| Untracked 
| 186|0x00000000eba00000, 0x00000000eba00000, 0x00000000ebb00000|  0%| F|  |TAMS 0x00000000eba00000, 0x00000000eba00000| Untracked 
| 187|0x00000000ebb00000, 0x00000000ebb00000, 0x00000000ebc00000|  0%| F|  |TAMS 0x00000000ebb00000, 0x00000000ebb00000| Untracked 
| 188|0x00000000ebc00000, 0x00000000ebc00000, 0x00000000ebd00000|  0%| F|  |TAMS 0x00000000ebc00000, 0x00000000ebc00000| Untracked 
| 189|0x00000000ebd00000, 0x00000000ebd00000, 0x00000000ebe00000|  0%| F|  |TAMS 0x00000000ebd00000, 0x00000000ebd00000| Untracked 
| 190|0x00000000ebe00000, 0x00000000ebe00000, 0x00000000ebf00000|  0%| F|  |TAMS 0x00000000ebe00000, 0x00000000ebe00000| Untracked 
| 191|0x00000000ebf00000, 0x00000000ebf00000, 0x00000000ec000000|  0%| F|  |TAMS 0x00000000ebf00000, 0x00000000ebf00000| Untracked 
| 192|0x00000000ec000000, 0x00000000ec000000, 0x00000000ec100000|  0%| F|  |TAMS 0x00000000ec000000, 0x00000000ec000000| Untracked 
| 193|0x00000000ec100000, 0x00000000ec100000, 0x00000000ec200000|  0%| F|  |TAMS 0x00000000ec100000, 0x00000000ec100000| Untracked 
| 194|0x00000000ec200000, 0x00000000ec200000, 0x00000000ec300000|  0%| F|  |TAMS 0x00000000ec200000, 0x00000000ec200000| Untracked 
| 195|0x00000000ec300000, 0x00000000ec300000, 0x00000000ec400000|  0%| F|  |TAMS 0x00000000ec300000, 0x00000000ec300000| Untracked 
| 196|0x00000000ec400000, 0x00000000ec400000, 0x00000000ec500000|  0%| F|  |TAMS 0x00000000ec400000, 0x00000000ec400000| Untracked 
| 197|0x00000000ec500000, 0x00000000ec500000, 0x00000000ec600000|  0%| F|  |TAMS 0x00000000ec500000, 0x00000000ec500000| Untracked 
| 198|0x00000000ec600000, 0x00000000ec600000, 0x00000000ec700000|  0%| F|  |TAMS 0x00000000ec600000, 0x00000000ec600000| Untracked 
| 199|0x00000000ec700000, 0x00000000ec700000, 0x00000000ec800000|  0%| F|  |TAMS 0x00000000ec700000, 0x00000000ec700000| Untracked 
| 200|0x00000000ec800000, 0x00000000ec800000, 0x00000000ec900000|  0%| F|  |TAMS 0x00000000ec800000, 0x00000000ec800000| Untracked 
| 201|0x00000000ec900000, 0x00000000ec900000, 0x00000000eca00000|  0%| F|  |TAMS 0x00000000ec900000, 0x00000000ec900000| Untracked 
| 202|0x00000000eca00000, 0x00000000eca00000, 0x00000000ecb00000|  0%| F|  |TAMS 0x00000000eca00000, 0x00000000eca00000| Untracked 
| 203|0x00000000ecb00000, 0x00000000ecb00000, 0x00000000ecc00000|  0%| F|  |TAMS 0x00000000ecb00000, 0x00000000ecb00000| Untracked 
| 204|0x00000000ecc00000, 0x00000000ecc00000, 0x00000000ecd00000|  0%| F|  |TAMS 0x00000000ecc00000, 0x00000000ecc00000| Untracked 
| 205|0x00000000ecd00000, 0x00000000ecd00000, 0x00000000ece00000|  0%| F|  |TAMS 0x00000000ecd00000, 0x00000000ecd00000| Untracked 
| 206|0x00000000ece00000, 0x00000000ece00000, 0x00000000ecf00000|  0%| F|  |TAMS 0x00000000ece00000, 0x00000000ece00000| Untracked 
| 207|0x00000000ecf00000, 0x00000000ecf00000, 0x00000000ed000000|  0%| F|  |TAMS 0x00000000ecf00000, 0x00000000ecf00000| Untracked 
| 208|0x00000000ed000000, 0x00000000ed000000, 0x00000000ed100000|  0%| F|  |TAMS 0x00000000ed000000, 0x00000000ed000000| Untracked 
| 209|0x00000000ed100000, 0x00000000ed100000, 0x00000000ed200000|  0%| F|  |TAMS 0x00000000ed100000, 0x00000000ed100000| Untracked 
| 210|0x00000000ed200000, 0x00000000ed200000, 0x00000000ed300000|  0%| F|  |TAMS 0x00000000ed200000, 0x00000000ed200000| Untracked 
| 211|0x00000000ed300000, 0x00000000ed300000, 0x00000000ed400000|  0%| F|  |TAMS 0x00000000ed300000, 0x00000000ed300000| Untracked 
| 212|0x00000000ed400000, 0x00000000ed400000, 0x00000000ed500000|  0%| F|  |TAMS 0x00000000ed400000, 0x00000000ed400000| Untracked 
| 213|0x00000000ed500000, 0x00000000ed580800, 0x00000000ed600000| 50%| E|  |TAMS 0x00000000ed500000, 0x00000000ed500000| Complete 
| 214|0x00000000ed600000, 0x00000000ed700000, 0x00000000ed700000|100%| E|CS|TAMS 0x00000000ed600000, 0x00000000ed600000| Complete 
| 215|0x00000000ed700000, 0x00000000ed800000, 0x00000000ed800000|100%| E|CS|TAMS 0x00000000ed700000, 0x00000000ed700000| Complete 
| 216|0x00000000ed800000, 0x00000000ed900000, 0x00000000ed900000|100%| E|CS|TAMS 0x00000000ed800000, 0x00000000ed800000| Complete 
| 217|0x00000000ed900000, 0x00000000eda00000, 0x00000000eda00000|100%| E|CS|TAMS 0x00000000ed900000, 0x00000000ed900000| Complete 
| 218|0x00000000eda00000, 0x00000000edb00000, 0x00000000edb00000|100%| E|CS|TAMS 0x00000000eda00000, 0x00000000eda00000| Complete 
| 219|0x00000000edb00000, 0x00000000edc00000, 0x00000000edc00000|100%| E|CS|TAMS 0x00000000edb00000, 0x00000000edb00000| Complete 
| 220|0x00000000edc00000, 0x00000000edd00000, 0x00000000edd00000|100%| E|CS|TAMS 0x00000000edc00000, 0x00000000edc00000| Complete 
| 221|0x00000000edd00000, 0x00000000ede00000, 0x00000000ede00000|100%| E|CS|TAMS 0x00000000edd00000, 0x00000000edd00000| Complete 
| 222|0x00000000ede00000, 0x00000000edf00000, 0x00000000edf00000|100%| E|CS|TAMS 0x00000000ede00000, 0x00000000ede00000| Complete 
| 223|0x00000000edf00000, 0x00000000ee000000, 0x00000000ee000000|100%| E|CS|TAMS 0x00000000edf00000, 0x00000000edf00000| Complete 
| 224|0x00000000ee000000, 0x00000000ee100000, 0x00000000ee100000|100%| E|CS|TAMS 0x00000000ee000000, 0x00000000ee000000| Complete 
| 225|0x00000000ee100000, 0x00000000ee200000, 0x00000000ee200000|100%| E|CS|TAMS 0x00000000ee100000, 0x00000000ee100000| Complete 
| 226|0x00000000ee200000, 0x00000000ee300000, 0x00000000ee300000|100%| E|CS|TAMS 0x00000000ee200000, 0x00000000ee200000| Complete 
| 227|0x00000000ee300000, 0x00000000ee400000, 0x00000000ee400000|100%| E|CS|TAMS 0x00000000ee300000, 0x00000000ee300000| Complete 
| 228|0x00000000ee400000, 0x00000000ee500000, 0x00000000ee500000|100%| E|CS|TAMS 0x00000000ee400000, 0x00000000ee400000| Complete 
| 229|0x00000000ee500000, 0x00000000ee600000, 0x00000000ee600000|100%| E|CS|TAMS 0x00000000ee500000, 0x00000000ee500000| Complete 
| 230|0x00000000ee600000, 0x00000000ee700000, 0x00000000ee700000|100%| E|CS|TAMS 0x00000000ee600000, 0x00000000ee600000| Complete 
| 231|0x00000000ee700000, 0x00000000ee800000, 0x00000000ee800000|100%| E|CS|TAMS 0x00000000ee700000, 0x00000000ee700000| Complete 
| 232|0x00000000ee800000, 0x00000000ee900000, 0x00000000ee900000|100%| E|CS|TAMS 0x00000000ee800000, 0x00000000ee800000| Complete 
| 233|0x00000000ee900000, 0x00000000eea00000, 0x00000000eea00000|100%| E|CS|TAMS 0x00000000ee900000, 0x00000000ee900000| Complete 
| 234|0x00000000eea00000, 0x00000000eeb00000, 0x00000000eeb00000|100%| E|CS|TAMS 0x00000000eea00000, 0x00000000eea00000| Complete 
| 235|0x00000000eeb00000, 0x00000000eec00000, 0x00000000eec00000|100%| E|CS|TAMS 0x00000000eeb00000, 0x00000000eeb00000| Complete 
| 236|0x00000000eec00000, 0x00000000eed00000, 0x00000000eed00000|100%| E|CS|TAMS 0x00000000eec00000, 0x00000000eec00000| Complete 
| 237|0x00000000eed00000, 0x00000000eee00000, 0x00000000eee00000|100%| E|CS|TAMS 0x00000000eed00000, 0x00000000eed00000| Complete 
| 238|0x00000000eee00000, 0x00000000eef00000, 0x00000000eef00000|100%| E|CS|TAMS 0x00000000eee00000, 0x00000000eee00000| Complete 
| 239|0x00000000eef00000, 0x00000000ef000000, 0x00000000ef000000|100%| E|CS|TAMS 0x00000000eef00000, 0x00000000eef00000| Complete 
| 240|0x00000000ef000000, 0x00000000ef100000, 0x00000000ef100000|100%| E|CS|TAMS 0x00000000ef000000, 0x00000000ef000000| Complete 
| 241|0x00000000ef100000, 0x00000000ef200000, 0x00000000ef200000|100%| E|CS|TAMS 0x00000000ef100000, 0x00000000ef100000| Complete 
| 242|0x00000000ef200000, 0x00000000ef300000, 0x00000000ef300000|100%| E|CS|TAMS 0x00000000ef200000, 0x00000000ef200000| Complete 
| 243|0x00000000ef300000, 0x00000000ef400000, 0x00000000ef400000|100%| E|CS|TAMS 0x00000000ef300000, 0x00000000ef300000| Complete 
| 244|0x00000000ef400000, 0x00000000ef500000, 0x00000000ef500000|100%| E|CS|TAMS 0x00000000ef400000, 0x00000000ef400000| Complete 
| 245|0x00000000ef500000, 0x00000000ef600000, 0x00000000ef600000|100%| E|CS|TAMS 0x00000000ef500000, 0x00000000ef500000| Complete 
| 246|0x00000000ef600000, 0x00000000ef700000, 0x00000000ef700000|100%| E|CS|TAMS 0x00000000ef600000, 0x00000000ef600000| Complete 
| 247|0x00000000ef700000, 0x00000000ef800000, 0x00000000ef800000|100%| E|CS|TAMS 0x00000000ef700000, 0x00000000ef700000| Complete 
| 248|0x00000000ef800000, 0x00000000ef900000, 0x00000000ef900000|100%| E|CS|TAMS 0x00000000ef800000, 0x00000000ef800000| Complete 
| 249|0x00000000ef900000, 0x00000000efa00000, 0x00000000efa00000|100%| E|CS|TAMS 0x00000000ef900000, 0x00000000ef900000| Complete 
| 250|0x00000000efa00000, 0x00000000efb00000, 0x00000000efb00000|100%| E|CS|TAMS 0x00000000efa00000, 0x00000000efa00000| Complete 
| 251|0x00000000efb00000, 0x00000000efc00000, 0x00000000efc00000|100%| E|CS|TAMS 0x00000000efb00000, 0x00000000efb00000| Complete 
| 252|0x00000000efc00000, 0x00000000efd00000, 0x00000000efd00000|100%| E|CS|TAMS 0x00000000efc00000, 0x00000000efc00000| Complete 
| 253|0x00000000efd00000, 0x00000000efe00000, 0x00000000efe00000|100%| E|CS|TAMS 0x00000000efd00000, 0x00000000efd00000| Complete 
| 254|0x00000000efe00000, 0x00000000eff00000, 0x00000000eff00000|100%| E|CS|TAMS 0x00000000efe00000, 0x00000000efe00000| Complete 
| 255|0x00000000eff00000, 0x00000000f0000000, 0x00000000f0000000|100%| E|CS|TAMS 0x00000000eff00000, 0x00000000eff00000| Complete 

Card table byte_map: [0x000001c0adc90000,0x000001c0add90000] _byte_map_base: 0x000001c0ad590000

Marking Bits (Prev, Next): (CMBitMap*) 0x000001c0960d4028, (CMBitMap*) 0x000001c0960d3fe8
 Prev Bits: [0x000001c0ae690000, 0x000001c0aee90000)
 Next Bits: [0x000001c0ade90000, 0x000001c0ae690000)

Polling page: 0x000001c094010000

Metaspace:

Usage:
  Non-class:     56.98 MB capacity,    55.74 MB ( 98%) used,     1.06 MB (  2%) free+waste,   179.63 KB ( <1%) overhead. 
      Class:      9.06 MB capacity,     8.37 MB ( 92%) used,   625.34 KB (  7%) free+waste,    85.19 KB ( <1%) overhead. 
       Both:     66.04 MB capacity,    64.11 MB ( 97%) used,     1.67 MB (  3%) free+waste,   264.81 KB ( <1%) overhead. 

Virtual space:
  Non-class space:       58.00 MB reserved,      57.08 MB ( 98%) committed 
      Class space:      248.00 MB reserved,       9.13 MB (  4%) committed 
             Both:      306.00 MB reserved,      66.20 MB ( 22%) committed 

Chunk freelists:
   Non-Class:  37.00 KB
       Class:  0 bytes
        Both:  37.00 KB

MaxMetaspaceSize: 256.00 MB
CompressedClassSpaceSize: 248.00 MB

CodeHeap 'non-profiled nmethods': size=120000Kb used=4755Kb max_used=4755Kb free=115244Kb
 bounds [0x000001c0a6330000, 0x000001c0a67e0000, 0x000001c0ad860000]
CodeHeap 'profiled nmethods': size=120000Kb used=17387Kb max_used=17387Kb free=102612Kb
 bounds [0x000001c09ee00000, 0x000001c09ff00000, 0x000001c0a6330000]
CodeHeap 'non-nmethods': size=5760Kb used=2399Kb max_used=2480Kb free=3360Kb
 bounds [0x000001c09e860000, 0x000001c09ead0000, 0x000001c09ee00000]
 total_blobs=12600 nmethods=7873 adapters=804
 compilation: enabled
              stopped_count=0, restarted_count=0
 full_count=0

Compilation events (20 events):
Event: 17.411 Thread 0x000001c0b18e3800 9096       3       org.codehaus.groovy.vmplugin.VMPluginFactory::getPlugin (4 bytes)
Event: 17.412 Thread 0x000001c0b18e3800 nmethod 9096 0x000001c09f280390 code [0x000001c09f280520, 0x000001c09f280618]
Event: 17.412 Thread 0x000001c0b18e3800 9097       3       groovyjarjarasm.asm.MethodWriter::computeAllFrames (510 bytes)
Event: 17.413 Thread 0x000001c0b18e3800 nmethod 9097 0x000001c09fee6b10 code [0x000001c09fee6e60, 0x000001c09fee82e8]
Event: 17.423 Thread 0x000001c0b18e3800 9098   !   3       com.sun.beans.finder.ClassFinder::findClass (43 bytes)
Event: 17.424 Thread 0x000001c0b18e3800 nmethod 9098 0x000001c09fee8e10 code [0x000001c09fee90c0, 0x000001c09fee9e88]
Event: 17.431 Thread 0x000001c0b18e3800 9099       2       sun.reflect.generics.tree.ClassTypeSignature::make (9 bytes)
Event: 17.431 Thread 0x000001c0b18e3800 nmethod 9099 0x000001c09feea410 code [0x000001c09feea5a0, 0x000001c09feea738]
Event: 17.431 Thread 0x000001c0b18e3800 9100       2       sun.reflect.generics.tree.ClassTypeSignature::<init> (10 bytes)
Event: 17.432 Thread 0x000001c0b18e3800 nmethod 9100 0x000001c09feea810 code [0x000001c09feea9a0, 0x000001c09feeaaf8]
Event: 17.443 Thread 0x000001c0b18e3800 9102       3       com.sun.beans.introspect.MethodInfo::isThrow (42 bytes)
Event: 17.444 Thread 0x000001c0b18e3800 nmethod 9102 0x000001c09feeab90 code [0x000001c09feead60, 0x000001c09feeb1e8]
Event: 17.450 Thread 0x000001c0b18e3800 9104       3       org.codehaus.groovy.runtime.metaclass.MetaMethodIndex::copyNonPrivateMethods (24 bytes)
Event: 17.450 Thread 0x000001c0b18e3800 nmethod 9104 0x000001c09feeb390 code [0x000001c09feeb540, 0x000001c09feeb768]
Event: 17.451 Thread 0x000001c0b18e3800 9105       3       org.codehaus.groovy.runtime.metaclass.MetaMethodIndex::copyNonPrivateNonNewMetaMethods (24 bytes)
Event: 17.452 Thread 0x000001c0b18e3800 nmethod 9105 0x000001c09feeb890 code [0x000001c09feeba40, 0x000001c09feebc68]
Event: 17.467 Thread 0x000001c0b18e3800 9108       3       java.beans.Introspector::getBeanInfo (58 bytes)
Event: 17.468 Thread 0x000001c0b18e3800 nmethod 9108 0x000001c09feebd90 code [0x000001c09feec080, 0x000001c09feed348]
Event: 17.468 Thread 0x000001c0b18e3800 9109  s    3       java.beans.ThreadGroupContext::getBeanInfo (25 bytes)
Event: 17.468 Thread 0x000001c0b18e3800 nmethod 9109 0x000001c09feed890 code [0x000001c09feeda40, 0x000001c09feedf48]

GC Heap History (16 events):
Event: 1.170 GC heap before
{Heap before GC invocations=0 (full 0):
 garbage-first heap   total 262144K, used 28672K [0x00000000e0000000, 0x0000000100000000)
  region size 1024K, 23 young (23552K), 0 survivors (0K)
 Metaspace       used 3442K, capacity 6341K, committed 6400K, reserved 262144K
  class space    used 447K, capacity 731K, committed 768K, reserved 253952K
}
Event: 1.177 GC heap after
{Heap after GC invocations=1 (full 0):
 garbage-first heap   total 262144K, used 9051K [0x00000000e0000000, 0x0000000100000000)
  region size 1024K, 3 young (3072K), 3 survivors (3072K)
 Metaspace       used 3442K, capacity 6341K, committed 6400K, reserved 262144K
  class space    used 447K, capacity 731K, committed 768K, reserved 253952K
}
Event: 1.603 GC heap before
{Heap before GC invocations=1 (full 0):
 garbage-first heap   total 262144K, used 37723K [0x00000000e0000000, 0x0000000100000000)
  region size 1024K, 31 young (31744K), 3 survivors (3072K)
 Metaspace       used 4112K, capacity 6750K, committed 7040K, reserved 262144K
  class space    used 516K, capacity 803K, committed 896K, reserved 253952K
}
Event: 1.606 GC heap after
{Heap after GC invocations=2 (full 0):
 garbage-first heap   total 262144K, used 13049K [0x00000000e0000000, 0x0000000100000000)
  region size 1024K, 4 young (4096K), 4 survivors (4096K)
 Metaspace       used 4112K, capacity 6750K, committed 7040K, reserved 262144K
  class space    used 516K, capacity 803K, committed 896K, reserved 253952K
}
Event: 3.932 GC heap before
{Heap before GC invocations=2 (full 0):
 garbage-first heap   total 262144K, used 167673K [0x00000000e0000000, 0x0000000100000000)
  region size 1024K, 148 young (151552K), 4 survivors (4096K)
 Metaspace       used 20291K, capacity 21140K, committed 21296K, reserved 272384K
  class space    used 3072K, capacity 3366K, committed 3456K, reserved 253952K
}
Event: 3.942 GC heap after
{Heap after GC invocations=3 (full 0):
 garbage-first heap   total 262144K, used 30888K [0x00000000e0000000, 0x0000000100000000)
  region size 1024K, 13 young (13312K), 13 survivors (13312K)
 Metaspace       used 20291K, capacity 21140K, committed 21296K, reserved 272384K
  class space    used 3072K, capacity 3366K, committed 3456K, reserved 253952K
}
Event: 5.541 GC heap before
{Heap before GC invocations=4 (full 0):
 garbage-first heap   total 262144K, used 159912K [0x00000000e0000000, 0x0000000100000000)
  region size 1024K, 132 young (135168K), 13 survivors (13312K)
 Metaspace       used 34717K, capacity 35794K, committed 35920K, reserved 286720K
  class space    used 4717K, capacity 5089K, committed 5120K, reserved 253952K
}
Event: 5.552 GC heap after
{Heap after GC invocations=5 (full 0):
 garbage-first heap   total 262144K, used 44818K [0x00000000e0000000, 0x0000000100000000)
  region size 1024K, 18 young (18432K), 18 survivors (18432K)
 Metaspace       used 34717K, capacity 35794K, committed 35920K, reserved 286720K
  class space    used 4717K, capacity 5089K, committed 5120K, reserved 253952K
}
Event: 7.487 GC heap before
{Heap before GC invocations=6 (full 0):
 garbage-first heap   total 262144K, used 187154K [0x00000000e0000000, 0x0000000100000000)
  region size 1024K, 153 young (156672K), 18 survivors (18432K)
 Metaspace       used 46016K, capacity 47649K, committed 47952K, reserved 296960K
  class space    used 6301K, capacity 6811K, committed 6912K, reserved 253952K
}
Event: 7.505 GC heap after
{Heap after GC invocations=7 (full 0):
 garbage-first heap   total 262144K, used 57873K [0x00000000e0000000, 0x0000000100000000)
  region size 1024K, 18 young (18432K), 18 survivors (18432K)
 Metaspace       used 46016K, capacity 47649K, committed 47952K, reserved 296960K
  class space    used 6301K, capacity 6811K, committed 6912K, reserved 253952K
}
Event: 9.752 GC heap before
{Heap before GC invocations=7 (full 0):
 garbage-first heap   total 262144K, used 204305K [0x00000000e0000000, 0x0000000100000000)
  region size 1024K, 153 young (156672K), 18 survivors (18432K)
 Metaspace       used 57369K, capacity 59155K, committed 59344K, reserved 305152K
  class space    used 7710K, capacity 8299K, committed 8320K, reserved 253952K
}
Event: 9.776 GC heap after
{Heap after GC invocations=8 (full 0):
 garbage-first heap   total 262144K, used 79355K [0x00000000e0000000, 0x0000000100000000)
  region size 1024K, 20 young (20480K), 20 survivors (20480K)
 Metaspace       used 57369K, capacity 59155K, committed 59344K, reserved 305152K
  class space    used 7710K, capacity 8299K, committed 8320K, reserved 253952K
}
Event: 9.993 GC heap before
{Heap before GC invocations=8 (full 0):
 garbage-first heap   total 262144K, used 86523K [0x00000000e0000000, 0x0000000100000000)
  region size 1024K, 28 young (28672K), 20 survivors (20480K)
 Metaspace       used 58226K, capacity 60054K, committed 60240K, reserved 307200K
  class space    used 7831K, capacity 8428K, committed 8448K, reserved 253952K
}
Event: 10.007 GC heap after
{Heap after GC invocations=9 (full 0):
 garbage-first heap   total 262144K, used 81272K [0x00000000e0000000, 0x0000000100000000)
  region size 1024K, 2 young (2048K), 2 survivors (2048K)
 Metaspace       used 58226K, capacity 60054K, committed 60240K, reserved 307200K
  class space    used 7831K, capacity 8428K, committed 8448K, reserved 253952K
}
Event: 16.902 GC heap before
{Heap before GC invocations=10 (full 0):
 garbage-first heap   total 262144K, used 210296K [0x00000000e0000000, 0x0000000100000000)
  region size 1024K, 128 young (131072K), 2 survivors (2048K)
 Metaspace       used 63817K, capacity 65687K, committed 66000K, reserved 311296K
  class space    used 8347K, capacity 8986K, committed 9088K, reserved 253952K
}
Event: 16.909 GC heap after
{Heap after GC invocations=11 (full 0):
 garbage-first heap   total 262144K, used 85589K [0x00000000e0000000, 0x0000000100000000)
  region size 1024K, 7 young (7168K), 7 survivors (7168K)
 Metaspace       used 63817K, capacity 65687K, committed 66000K, reserved 311296K
  class space    used 8347K, capacity 8986K, committed 9088K, reserved 253952K
}

Deoptimization events (20 events):
Event: 16.687 Thread 0x000001c0b3dc6000 DEOPT PACKING pc=0x000001c09fa7a299 sp=0x0000004b850f8770
Event: 16.687 Thread 0x000001c0b3dc6000 DEOPT UNPACKING pc=0x000001c09e8a964e sp=0x0000004b850f7c28 mode 0
Event: 16.688 Thread 0x000001c0b3dc6000 DEOPT PACKING pc=0x000001c09fa7a299 sp=0x0000004b850f8770
Event: 16.688 Thread 0x000001c0b3dc6000 DEOPT UNPACKING pc=0x000001c09e8a964e sp=0x0000004b850f7c28 mode 0
Event: 16.690 Thread 0x000001c0b3dc6000 DEOPT PACKING pc=0x000001c09fa7a299 sp=0x0000004b850f8770
Event: 16.690 Thread 0x000001c0b3dc6000 DEOPT UNPACKING pc=0x000001c09e8a964e sp=0x0000004b850f7c28 mode 0
Event: 16.691 Thread 0x000001c0b3dc6000 DEOPT PACKING pc=0x000001c09fa7a299 sp=0x0000004b850f8770
Event: 16.691 Thread 0x000001c0b3dc6000 DEOPT UNPACKING pc=0x000001c09e8a964e sp=0x0000004b850f7c28 mode 0
Event: 16.692 Thread 0x000001c0b3dc6000 DEOPT PACKING pc=0x000001c09fa7a299 sp=0x0000004b850f8770
Event: 16.692 Thread 0x000001c0b3dc6000 DEOPT UNPACKING pc=0x000001c09e8a964e sp=0x0000004b850f7c28 mode 0
Event: 16.693 Thread 0x000001c0b3dc6000 DEOPT PACKING pc=0x000001c09fa7a299 sp=0x0000004b850f8770
Event: 16.693 Thread 0x000001c0b3dc6000 DEOPT UNPACKING pc=0x000001c09e8a964e sp=0x0000004b850f7c28 mode 0
Event: 16.694 Thread 0x000001c0b3dc6000 DEOPT PACKING pc=0x000001c09fa7a299 sp=0x0000004b850f8770
Event: 16.694 Thread 0x000001c0b3dc6000 DEOPT UNPACKING pc=0x000001c09e8a964e sp=0x0000004b850f7c28 mode 0
Event: 16.696 Thread 0x000001c0b3dc6000 DEOPT PACKING pc=0x000001c09fa7a299 sp=0x0000004b850f8700
Event: 16.696 Thread 0x000001c0b3dc6000 DEOPT UNPACKING pc=0x000001c09e8a964e sp=0x0000004b850f7bb8 mode 0
Event: 17.276 Thread 0x000001c0b3dc6000 Uncommon trap: trap_request=0xffffff45 fr.pc=0x000001c0a63b0a60 relative=0x0000000000001820
Event: 17.276 Thread 0x000001c0b3dc6000 Uncommon trap: reason=unstable_if action=reinterpret pc=0x000001c0a63b0a60 method=org.codehaus.groovy.runtime.metaclass.MetaMethodIndex.addMethodToList(Ljava/lang/Object;Lgroovy/lang/MetaMethod;)Ljava/lang/Object; @ 256 c2
Event: 17.276 Thread 0x000001c0b3dc6000 DEOPT PACKING pc=0x000001c0a63b0a60 sp=0x0000004b850f9340
Event: 17.276 Thread 0x000001c0b3dc6000 DEOPT UNPACKING pc=0x000001c09e8a912f sp=0x0000004b850f92e8 mode 2

Classes unloaded (0 events):
No events

Classes redefined (0 events):
No events

Internal exceptions (20 events):
Event: 17.442 Thread 0x000001c0b3dc6000 Exception <a 'java/lang/ClassNotFoundException'{0x00000000edf68f80}: org/gradle/api/tasks/compile/CompileOptionsCustomizer> (0x00000000edf68f80) 
thrown [./open/src/hotspot/share/classfile/systemDictionary.cpp, line 226]
Event: 17.444 Thread 0x000001c0b3dc6000 Exception <a 'java/lang/ClassNotFoundException'{0x00000000edfc2b78}: org/gradle/api/tasks/compile/CompileOptions_DecoratedCustomizer> (0x00000000edfc2b78) 
thrown [./open/src/hotspot/share/classfile/systemDictionary.cpp, line 226]
Event: 17.452 Thread 0x000001c0b3dc6000 Exception <a 'java/lang/ClassNotFoundException'{0x00000000edd055b0}: org/gradle/api/tasks/bundling/Jar_DecoratedBeanInfo> (0x00000000edd055b0) 
thrown [./open/src/hotspot/share/classfile/systemDictionary.cpp, line 226]
Event: 17.453 Thread 0x000001c0b3dc6000 Exception <a 'java/lang/ClassNotFoundException'{0x00000000edd23d70}: org/gradle/api/tasks/bundling/JarBeanInfo> (0x00000000edd23d70) 
thrown [./open/src/hotspot/share/classfile/systemDictionary.cpp, line 226]
Event: 17.453 Thread 0x000001c0b3dc6000 Exception <a 'java/lang/ClassNotFoundException'{0x00000000edd403a8}: org/gradle/jvm/tasks/JarBeanInfo> (0x00000000edd403a8) 
thrown [./open/src/hotspot/share/classfile/systemDictionary.cpp, line 226]
Event: 17.454 Thread 0x000001c0b3dc6000 Exception <a 'java/lang/ClassNotFoundException'{0x00000000edd53f20}: org/gradle/api/tasks/bundling/ZipBeanInfo> (0x00000000edd53f20) 
thrown [./open/src/hotspot/share/classfile/systemDictionary.cpp, line 226]
Event: 17.454 Thread 0x000001c0b3dc6000 Exception <a 'java/lang/ClassNotFoundException'{0x00000000edd69df8}: org/gradle/api/tasks/bundling/AbstractArchiveTaskBeanInfo> (0x00000000edd69df8) 
thrown [./open/src/hotspot/share/classfile/systemDictionary.cpp, line 226]
Event: 17.454 Thread 0x000001c0b3dc6000 Exception <a 'java/lang/ClassNotFoundException'{0x00000000edd80c20}: org/gradle/api/tasks/bundling/AbstractArchiveTaskCustomizer> (0x00000000edd80c20) 
thrown [./open/src/hotspot/share/classfile/systemDictionary.cpp, line 226]
Event: 17.456 Thread 0x000001c0b3dc6000 Exception <a 'java/lang/ClassNotFoundException'{0x00000000eddcea78}: org/gradle/api/tasks/bundling/ZipCustomizer> (0x00000000eddcea78) 
thrown [./open/src/hotspot/share/classfile/systemDictionary.cpp, line 226]
Event: 17.457 Thread 0x000001c0b3dc6000 Exception <a 'java/lang/ClassNotFoundException'{0x00000000edc08168}: org/gradle/jvm/tasks/JarCustomizer> (0x00000000edc08168) 
thrown [./open/src/hotspot/share/classfile/systemDictionary.cpp, line 226]
Event: 17.458 Thread 0x000001c0b3dc6000 Exception <a 'java/lang/ClassNotFoundException'{0x00000000edc4a8b0}: org/gradle/api/tasks/bundling/JarCustomizer> (0x00000000edc4a8b0) 
thrown [./open/src/hotspot/share/classfile/systemDictionary.cpp, line 226]
Event: 17.458 Thread 0x000001c0b3dc6000 Exception <a 'java/lang/ClassNotFoundException'{0x00000000edc893d8}: org/gradle/api/tasks/bundling/Jar_DecoratedCustomizer> (0x00000000edc893d8) 
thrown [./open/src/hotspot/share/classfile/systemDictionary.cpp, line 226]
Event: 17.462 Thread 0x000001c0b3dc6000 Exception <a 'java/lang/ClassNotFoundException'{0x00000000edb54ee0}: org/jetbrains/plugins/gradle/model/DefaultExternalSourceDirectorySetBeanInfo> (0x00000000edb54ee0) 
thrown [./open/src/hotspot/share/classfile/systemDictionary.cpp, line 226]
Event: 17.462 Thread 0x000001c0b3dc6000 Exception <a 'java/lang/ClassNotFoundException'{0x00000000edb66c58}: org/jetbrains/plugins/gradle/model/DefaultExternalSourceDirectorySetCustomizer> (0x00000000edb66c58) 
thrown [./open/src/hotspot/share/classfile/systemDictionary.cpp, line 226]
Event: 17.467 Thread 0x000001c0b3dc6000 Exception <a 'java/lang/ClassNotFoundException'{0x00000000eda87e60}: org/gradle/api/internal/file/DefaultSourceDirectorySetBeanInfo> (0x00000000eda87e60) 
thrown [./open/src/hotspot/share/classfile/systemDictionary.cpp, line 226]
Event: 17.467 Thread 0x000001c0b3dc6000 Exception <a 'java/lang/ClassNotFoundException'{0x00000000eda9d9d8}: org/gradle/api/internal/file/CompositeFileTreeBeanInfo> (0x00000000eda9d9d8) 
thrown [./open/src/hotspot/share/classfile/systemDictionary.cpp, line 226]
Event: 17.467 Thread 0x000001c0b3dc6000 Exception <a 'java/lang/ClassNotFoundException'{0x00000000edab42f8}: org/gradle/api/internal/file/CompositeFileCollectionBeanInfo> (0x00000000edab42f8) 
thrown [./open/src/hotspot/share/classfile/systemDictionary.cpp, line 226]
Event: 17.468 Thread 0x000001c0b3dc6000 Exception <a 'java/lang/ClassNotFoundException'{0x00000000edacb290}: org/gradle/api/internal/file/CompositeFileCollectionCustomizer> (0x00000000edacb290) 
thrown [./open/src/hotspot/share/classfile/systemDictionary.cpp, line 226]
Event: 17.469 Thread 0x000001c0b3dc6000 Exception <a 'java/lang/ClassNotFoundException'{0x00000000edae8740}: org/gradle/api/internal/file/CompositeFileTreeCustomizer> (0x00000000edae8740) 
thrown [./open/src/hotspot/share/classfile/systemDictionary.cpp, line 226]
Event: 17.470 Thread 0x000001c0b3dc6000 Exception <a 'java/lang/ClassNotFoundException'{0x00000000ed90a340}: org/gradle/api/internal/file/DefaultSourceDirectorySetCustomizer> (0x00000000ed90a340) 
thrown [./open/src/hotspot/share/classfile/systemDictionary.cpp, line 226]

Events (20 events):
Event: 17.398 loading class java/util/LinkedHashMapCustomizer
Event: 17.398 loading class java/util/LinkedHashMapCustomizer done
Event: 17.398 loading class java/util/LinkedHashMapCustomizer
Event: 17.398 loading class java/util/LinkedHashMapCustomizer done
Event: 17.401 loading class java/util/LinkedListBeanInfo
Event: 17.401 loading class java/util/LinkedListBeanInfo done
Event: 17.402 loading class java/util/LinkedListBeanInfo
Event: 17.402 loading class java/util/LinkedListBeanInfo done
Event: 17.402 loading class java/util/AbstractSequentialListBeanInfo
Event: 17.402 loading class java/util/AbstractSequentialListBeanInfo done
Event: 17.402 loading class java/util/AbstractSequentialListBeanInfo
Event: 17.403 loading class java/util/AbstractSequentialListBeanInfo done
Event: 17.403 loading class java/util/AbstractSequentialListCustomizer
Event: 17.403 loading class java/util/AbstractSequentialListCustomizer done
Event: 17.403 loading class java/util/AbstractSequentialListCustomizer
Event: 17.403 loading class java/util/AbstractSequentialListCustomizer done
Event: 17.403 loading class java/util/LinkedListCustomizer
Event: 17.403 loading class java/util/LinkedListCustomizer done
Event: 17.404 loading class java/util/LinkedListCustomizer
Event: 17.404 loading class java/util/LinkedListCustomizer done


Dynamic libraries:
0x00007ff682b30000 - 0x00007ff682b3f000 	C:\Program Files\Java\jdk-14.0.1\bin\java.exe
0x00007ffef5bd0000 - 0x00007ffef5dc5000 	C:\WINDOWS\SYSTEM32\ntdll.dll
0x00007ffef5540000 - 0x00007ffef55fd000 	C:\WINDOWS\System32\KERNEL32.DLL
0x00007ffef3310000 - 0x00007ffef35d8000 	C:\WINDOWS\System32\KERNELBASE.dll
0x00007ffef3690000 - 0x00007ffef3790000 	C:\WINDOWS\System32\ucrtbase.dll
0x00007ffedc4e0000 - 0x00007ffedc4f8000 	C:\Program Files\Java\jdk-14.0.1\bin\jli.dll
0x00007ffedb710000 - 0x00007ffedb725000 	C:\Program Files\Java\jdk-14.0.1\bin\VCRUNTIME140.dll
0x00007ffef4c50000 - 0x00007ffef4cfc000 	C:\WINDOWS\System32\ADVAPI32.dll
0x00007ffef5600000 - 0x00007ffef569e000 	C:\WINDOWS\System32\msvcrt.dll
0x00007ffef5830000 - 0x00007ffef58cb000 	C:\WINDOWS\System32\sechost.dll
0x00007ffef5700000 - 0x00007ffef582b000 	C:\WINDOWS\System32\RPCRT4.dll
0x00007ffef5060000 - 0x00007ffef5200000 	C:\WINDOWS\System32\USER32.dll
0x00007ffef3a90000 - 0x00007ffef3ab2000 	C:\WINDOWS\System32\win32u.dll
0x00007ffed1d30000 - 0x00007ffed1fca000 	C:\WINDOWS\WinSxS\amd64_microsoft.windows.common-controls_6595b64144ccf1df_6.0.19041.844_none_ca00b6081b84eb1d\COMCTL32.dll
0x00007ffef4b90000 - 0x00007ffef4bba000 	C:\WINDOWS\System32\GDI32.dll
0x00007ffef3980000 - 0x00007ffef3a8b000 	C:\WINDOWS\System32\gdi32full.dll
0x00007ffef3b90000 - 0x00007ffef3c2d000 	C:\WINDOWS\System32\msvcp_win.dll
0x00007ffee92a0000 - 0x00007ffee92aa000 	C:\WINDOWS\SYSTEM32\VERSION.dll
0x00007ffef43f0000 - 0x00007ffef4420000 	C:\WINDOWS\System32\IMM32.DLL
0x00007ffedb270000 - 0x00007ffedb30b000 	C:\Program Files\Java\jdk-14.0.1\bin\msvcp140.dll
0x00007ffe98020000 - 0x00007ffe98b3e000 	C:\Program Files\Java\jdk-14.0.1\bin\server\jvm.dll
0x00007ffef4380000 - 0x00007ffef4388000 	C:\WINDOWS\System32\PSAPI.DLL
0x00007ffed3a90000 - 0x00007ffed3a99000 	C:\WINDOWS\SYSTEM32\WSOCK32.dll
0x00007ffedbb30000 - 0x00007ffedbb57000 	C:\WINDOWS\SYSTEM32\WINMM.dll
0x00007ffef4be0000 - 0x00007ffef4c4b000 	C:\WINDOWS\System32\WS2_32.dll
0x00007ffef1c30000 - 0x00007ffef1c42000 	C:\WINDOWS\SYSTEM32\kernel.appcore.dll
0x00007ffeeaa90000 - 0x00007ffeeaa9a000 	C:\Program Files\Java\jdk-14.0.1\bin\jimage.dll
0x00007ffeedac0000 - 0x00007ffeedca4000 	C:\WINDOWS\SYSTEM32\DBGHELP.DLL
0x00007ffed9410000 - 0x00007ffed943c000 	C:\WINDOWS\SYSTEM32\dbgcore.DLL
0x00007ffef3b10000 - 0x00007ffef3b90000 	C:\WINDOWS\System32\bcryptPrimitives.dll
0x00007ffedb3a0000 - 0x00007ffedb3c5000 	C:\Program Files\Java\jdk-14.0.1\bin\java.dll
0x00007ffedb170000 - 0x00007ffedb186000 	C:\Program Files\Java\jdk-14.0.1\bin\zip.dll
0x00007ffef3c30000 - 0x00007ffef4372000 	C:\WINDOWS\System32\SHELL32.dll
0x00007ffef1440000 - 0x00007ffef1bd0000 	C:\WINDOWS\SYSTEM32\windows.storage.dll
0x00007ffef4d00000 - 0x00007ffef5055000 	C:\WINDOWS\System32\combase.dll
0x00007ffef2d80000 - 0x00007ffef2dac000 	C:\WINDOWS\SYSTEM32\Wldp.dll
0x00007ffef58d0000 - 0x00007ffef597e000 	C:\WINDOWS\System32\SHCORE.dll
0x00007ffef56a0000 - 0x00007ffef56f5000 	C:\WINDOWS\System32\shlwapi.dll
0x00007ffef3250000 - 0x00007ffef326f000 	C:\WINDOWS\SYSTEM32\profapi.dll
0x00007ffedb150000 - 0x00007ffedb169000 	C:\Program Files\Java\jdk-14.0.1\bin\net.dll
0x00007ffeeae80000 - 0x00007ffeeaf8b000 	C:\WINDOWS\SYSTEM32\WINHTTP.dll
0x00007ffef2af0000 - 0x00007ffef2b5a000 	C:\WINDOWS\system32\mswsock.dll
0x00007ffedb110000 - 0x00007ffedb122000 	C:\Program Files\Java\jdk-14.0.1\bin\nio.dll
0x00007ffeea810000 - 0x00007ffeea820000 	C:\Program Files\Java\jdk-14.0.1\bin\verify.dll
0x00007ffedba80000 - 0x00007ffedbaa7000 	C:\Users\demosocket\.gradle\native\fdc75f09e3144964f2cf3f50f0aa648679c211496f362492102eb8c894070792\windows-amd64\native-platform.dll
0x00007ffea0bb0000 - 0x00007ffea0d46000 	C:\Users\demosocket\.gradle\native\12488b8bf47d2d4c9fbf2f6322a914ad602e24e48041cd04a747c6da556b65c4\windows-amd64\native-platform-file-events.dll
0x00007ffee8f90000 - 0x00007ffee8f99000 	C:\Program Files\Java\jdk-14.0.1\bin\management.dll
0x00007ffedcde0000 - 0x00007ffedcdeb000 	C:\Program Files\Java\jdk-14.0.1\bin\management_ext.dll
0x00007ffef2cc0000 - 0x00007ffef2cd8000 	C:\WINDOWS\SYSTEM32\CRYPTSP.dll
0x00007ffef2420000 - 0x00007ffef2454000 	C:\WINDOWS\system32\rsaenh.dll
0x00007ffef37f0000 - 0x00007ffef3817000 	C:\WINDOWS\System32\bcrypt.dll
0x00007ffef31d0000 - 0x00007ffef31fe000 	C:\WINDOWS\SYSTEM32\USERENV.dll
0x00007ffef2ce0000 - 0x00007ffef2cec000 	C:\WINDOWS\SYSTEM32\CRYPTBASE.dll
0x00007ffef2790000 - 0x00007ffef27cb000 	C:\WINDOWS\SYSTEM32\IPHLPAPI.DLL
0x00007ffef54b0000 - 0x00007ffef54b8000 	C:\WINDOWS\System32\NSI.dll
0x00007ffee7a90000 - 0x00007ffee7aa7000 	C:\WINDOWS\SYSTEM32\dhcpcsvc6.DLL
0x00007ffee8020000 - 0x00007ffee803d000 	C:\WINDOWS\SYSTEM32\dhcpcsvc.DLL
0x00007ffef27e0000 - 0x00007ffef28ac000 	C:\WINDOWS\SYSTEM32\DNSAPI.dll
0x00007ffeeafa0000 - 0x00007ffeeafab000 	C:\WINDOWS\SYSTEM32\WINNSI.DLL
0x00007ffedca30000 - 0x00007ffedca3e000 	C:\Program Files\Java\jdk-14.0.1\bin\sunmscapi.dll
0x00007ffef3820000 - 0x00007ffef397f000 	C:\WINDOWS\System32\CRYPT32.dll
0x00007ffef2df0000 - 0x00007ffef2e17000 	C:\WINDOWS\SYSTEM32\ncrypt.dll
0x00007ffef2db0000 - 0x00007ffef2deb000 	C:\WINDOWS\SYSTEM32\NTASN1.dll
0x00007ffecc710000 - 0x00007ffecc735000 	C:\Program Files\Java\jdk-14.0.1\bin\sunec.dll
0x00007ffee9510000 - 0x00007ffee951a000 	C:\Windows\System32\rasadhlp.dll
0x00007ffee6ec0000 - 0x00007ffee6f3f000 	C:\WINDOWS\System32\fwpuclnt.dll

dbghelp: loaded successfully - version: 4.0.5 - missing functions: none
symbol engine: initialized successfully - sym options: 0x614 - pdb path: .;C:\Program Files\Java\jdk-14.0.1\bin;C:\WINDOWS\SYSTEM32;C:\WINDOWS\WinSxS\amd64_microsoft.windows.common-controls_6595b64144ccf1df_6.0.19041.844_none_ca00b6081b84eb1d;C:\Program Files\Java\jdk-14.0.1\bin\server;C:\Users\demosocket\.gradle\native\fdc75f09e3144964f2cf3f50f0aa648679c211496f362492102eb8c894070792\windows-amd64;C:\Users\demosocket\.gradle\native\12488b8bf47d2d4c9fbf2f6322a914ad602e24e48041cd04a747c6da556b65c4\windows-amd64

VM Arguments:
jvm_args: -XX:MaxMetaspaceSize=256m -XX:+HeapDumpOnOutOfMemoryError --add-opens=java.base/java.util=ALL-UNNAMED --add-opens=java.base/java.lang=ALL-UNNAMED --add-opens=java.base/java.lang.invoke=ALL-UNNAMED --add-opens=java.prefs/java.util.prefs=ALL-UNNAMED -Xms256m -Xmx512m -Dfile.encoding=windows-1251 -Duser.country=RU -Duser.language=ru -Duser.variant 
java_command: org.gradle.launcher.daemon.bootstrap.GradleDaemon 6.8.3
java_class_path (initial): C:\Users\demosocket\.gradle\wrapper\dists\gradle-6.8.3-all\6czipnbiesy2sl92ioo8dht91\gradle-6.8.3\lib\gradle-launcher-6.8.3.jar
Launcher Type: SUN_STANDARD

[Global flags]
     intx CICompilerCount                          = 4                                         {product} {ergonomic}
   size_t CompressedClassSpaceSize                 = 260046848                                 {product} {ergonomic}
     uint ConcGCThreads                            = 2                                         {product} {ergonomic}
     uint G1ConcRefinementThreads                  = 8                                         {product} {ergonomic}
   size_t G1HeapRegionSize                         = 1048576                                   {product} {ergonomic}
    uintx GCDrainStackTargetSize                   = 64                                        {product} {ergonomic}
     bool HeapDumpOnOutOfMemoryError               = true                                   {manageable} {command line}
   size_t InitialHeapSize                          = 268435456                                 {product} {command line}
   size_t MarkStackSize                            = 4194304                                   {product} {ergonomic}
   size_t MaxHeapSize                              = 536870912                                 {product} {command line}
   size_t MaxMetaspaceSize                         = 268435456                                 {product} {command line}
   size_t MaxNewSize                               = 321912832                                 {product} {ergonomic}
   size_t MinHeapDeltaBytes                        = 1048576                                   {product} {ergonomic}
   size_t MinHeapSize                              = 268435456                                 {product} {command line}
    uintx NonNMethodCodeHeapSize                   = 5839372                                {pd product} {ergonomic}
    uintx NonProfiledCodeHeapSize                  = 122909434                              {pd product} {ergonomic}
    uintx ProfiledCodeHeapSize                     = 122909434                              {pd product} {ergonomic}
    uintx ReservedCodeCacheSize                    = 251658240                              {pd product} {ergonomic}
     bool SegmentedCodeCache                       = true                                      {product} {ergonomic}
   size_t SoftMaxHeapSize                          = 536870912                              {manageable} {ergonomic}
     bool UseCompressedClassPointers               = true                                 {lp64_product} {ergonomic}
     bool UseCompressedOops                        = true                                 {lp64_product} {ergonomic}
     bool UseG1GC                                  = true                                      {product} {ergonomic}
     bool UseLargePagesIndividualAllocation        = false                                  {pd product} {ergonomic}

Logging:
Log output configuration:
 #0: stdout all=warning uptime,level,tags
 #1: stderr all=off uptime,level,tags

Environment Variables:
JAVA_HOME=C:\Program Files\Java\jdk-14.0.1
PATH=C:\Windows\system32;C:\Windows;C:\Windows\System32\Wbem;C:\Windows\System32\WindowsPowerShell\v1.0\;C:\Windows\System32\OpenSSH\;C:\Program Files (x86)\NVIDIA Corporation\PhysX\Common;C:\Program Files\Intel\WiFi\bin\;C:\Program Files\Common Files\Intel\WirelessCommon\;C:\Program Files\Java\jdk-14.0.1\bin;C:\Program Files\Git\cmd;C:\Program Files\MySQL\MySQL Server 5.5\bin;C:\Program Files\Docker\Docker\resources\bin;C:\ProgramData\DockerDesktop\version-bin;C:\Maven\apache-maven-3.6.3\bin;C:\WINDOWS\system32;C:\WINDOWS;C:\WINDOWS\System32\Wbem;C:\WINDOWS\System32\WindowsPowerShell\v1.0\;C:\WINDOWS\System32\OpenSSH\;C:\Program Files (x86)\masm 615\BIN;C:\Users\demosocket\AppData\Local\bin\NASM;C:\Users\demosocket\AppData\Local\Microsoft\WindowsApps;;C:\Program Files\JetBrains\IntelliJ IDEA 2020.1\bin;
USERNAME=demosocket
OS=Windows_NT
PROCESSOR_IDENTIFIER=Intel64 Family 6 Model 142 Stepping 12, GenuineIntel



---------------  S Y S T E M  ---------------

OS: Windows 10 , 64 bit Build 19041 (10.0.19041.928)
OS uptime: 0 days 9:04 hours
HyperV virtualization detected

CPU:total 8 (initial active 8) (4 cores per cpu, 2 threads per core) family 6 model 142 stepping 12, cmov, cx8, fxsr, mmx, sse, sse2, sse3, ssse3, sse4.1, sse4.2, popcnt, avx, avx2, aes, clmul, erms, 3dnowpref, lzcnt, ht, tsc, tscinvbit, bmi1, bmi2, adx, fma

Memory: 4k page, system-wide physical 8006M (1162M free)
TotalPageFile size 8806M (AvailPageFile size 6M)
current process WorkingSet (physical memory assigned to process): 477M, peak: 481M
current process commit charge ("private bytes"): 536M, peak: 538M

vm_info: Java HotSpot(TM) 64-Bit Server VM (14.0.1+7) for windows-amd64 JRE (14.0.1+7), built on Mar  5 2020 10:30:14 by "mach5one" with MS VC++ 15.9 (VS2017)

END.
