#
# There is insufficient memory for the Java Runtime Environment to continue.
# Native memory allocation (mmap) failed to map 132120576 bytes for Failed to commit area from 0x0000000082e00000 to 0x000000008ac00000 of length 132120576.
# Possible reasons:
#   The system is out of physical RAM or swap space
#   The process is running with CompressedOops enabled, and the Java Heap may be blocking the growth of the native heap
# Possible solutions:
#   Reduce memory load on the system
#   Increase physical memory or swap space
#   Check if swap backing store is full
#   Decrease Java heap size (-Xmx/-Xms)
#   Decrease number of Java threads
#   Decrease Java thread stack sizes (-Xss)
#   Set larger code cache with -XX:ReservedCodeCacheSize=
#   JVM is running with Unscaled Compressed Oops mode in which the Java heap is
#     placed in the first 4GB address space. The Java Heap base address is the
#     maximum limit for the native heap growth. Please use -XX:HeapBaseMinAddress
#     to set the Java Heap base and to place the Java Heap above 4GB virtual address.
# This output file may be truncated or incomplete.
#
#  Out of Memory Error (./open/src/hotspot/os/windows/os_windows.cpp:3315), pid=8308, tid=7296
#
# JRE version:  (14.0.1+7) (build )
# Java VM: Java HotSpot(TM) 64-Bit Server VM (14.0.1+7, mixed mode, sharing, tiered, compressed oops, g1 gc, windows-amd64)
# No core dump will be written. Minidumps are not enabled by default on client versions of Windows
#

---------------  S U M M A R Y ------------

Command Line: -agentlib:jdwp=transport=dt_socket,address=127.0.0.1:55469,suspend=y,server=n -XX:TieredStopAtLevel=1 -Xverify:none -Dspring.output.ansi.enabled=always -javaagent:C:\Users\demosocket\AppData\Local\JetBrains\IntelliJIdea2021.1\groovyHotSwap\gragent.jar -javaagent:C:\Users\demosocket\AppData\Local\JetBrains\IntelliJIdea2021.1\captureAgent\debugger-agent.jar -Dcom.sun.management.jmxremote -Dspring.jmx.enabled=true -Dspring.liveBeansView.mbeanDomain -Dspring.application.admin.enabled=true -Dfile.encoding=UTF-8 com.demosocket.emailer.EmailerApplication

Host: Intel(R) Core(TM) i5-8265U CPU @ 1.60GHz, 8 cores, 7G,  Windows 10 , 64 bit Build 19041 (10.0.19041.928)
Time: Wed May 19 17:02:44 2021 RTZ 2 (зима) elapsed time: 0 seconds (0d 0h 0m 0s)

---------------  T H R E A D  ---------------

Current thread (0x0000023e0a902000):  JavaThread "Unknown thread" [_thread_in_vm, id=7296, stack(0x00000060ed900000,0x00000060eda00000)]

Stack: [0x00000060ed900000,0x00000060eda00000]
Native frames: (J=compiled Java code, j=interpreted, Vv=VM code, C=native code)
V  [jvm.dll+0x5f840a]
V  [jvm.dll+0x741e4a]
V  [jvm.dll+0x7435ff]
V  [jvm.dll+0x743c43]
V  [jvm.dll+0x20d288]
V  [jvm.dll+0x5f57ba]
V  [jvm.dll+0x5ea615]
V  [jvm.dll+0x2c7e9c]
V  [jvm.dll+0x2c7cd2]
V  [jvm.dll+0x2cdbbc]
V  [jvm.dll+0x313ff8]
V  [jvm.dll+0x313720]
V  [jvm.dll+0x2a092a]
V  [jvm.dll+0x2a1a79]
V  [jvm.dll+0x71f718]
V  [jvm.dll+0x321c44]
V  [jvm.dll+0x700b0c]
V  [jvm.dll+0x392dff]
V  [jvm.dll+0x394e71]
C  [jli.dll+0x523b]
C  [ucrtbase.dll+0x21bb2]
C  [KERNEL32.DLL+0x17034]
C  [ntdll.dll+0x52651]


---------------  P R O C E S S  ---------------

Threads class SMR info:
_java_thread_list=0x00007ffe99423078, length=0, elements={
}

Java Threads: ( => current thread )

Other Threads:
  0x0000023e0a93c800 GCTaskThread "GC Thread#0" [stack: 0x00000060eda00000,0x00000060edb00000] [id=12556]
  0x0000023e0a94d800 ConcurrentGCThread "G1 Main Marker" [stack: 0x00000060edb00000,0x00000060edc00000] [id=152]
  0x0000023e0a94f800 ConcurrentGCThread "G1 Conc#0" [stack: 0x00000060edc00000,0x00000060edd00000] [id=992]

[error occurred during error reporting (printing all threads), id 0xc0000005, EXCEPTION_ACCESS_VIOLATION (0xc0000005) at pc=0x00007ffe98c51257]

VM state:not at safepoint (not fully initialized)

VM Mutex/Monitor currently owned by a thread:  ([mutex/lock_event])
[0x0000023e0a8fcf50] Heap_lock - owner thread: 0x0000023e0a902000

Heap address: 0x0000000082e00000, size: 2002 MB, Compressed Oops mode: 32-bit
Narrow klass base: 0x0000000000000000, Narrow klass shift: 0

GC Heap History (0 events):
No events

Deoptimization events (0 events):
No events

Classes unloaded (0 events):
No events

Classes redefined (0 events):
No events

Internal exceptions (0 events):
No events

Events (2 events):
Event: 0.012 Loaded shared library C:\Program Files\Java\jdk-14.0.1\bin\java.dll
Event: 0.013 Loaded shared library C:\Program Files\Java\jdk-14.0.1\bin\zip.dll


Dynamic libraries:
0x00007ff682b30000 - 0x00007ff682b3f000 	C:\Program Files\Java\jdk-14.0.1\bin\java.exe
0x00007ffef5bd0000 - 0x00007ffef5dc5000 	C:\WINDOWS\SYSTEM32\ntdll.dll
0x00007ffef5540000 - 0x00007ffef55fd000 	C:\WINDOWS\System32\KERNEL32.DLL
0x00007ffef3310000 - 0x00007ffef35d8000 	C:\WINDOWS\System32\KERNELBASE.dll
0x00007ffeed690000 - 0x00007ffeed720000 	C:\WINDOWS\SYSTEM32\apphelp.dll
0x00007ffef3690000 - 0x00007ffef3790000 	C:\WINDOWS\System32\ucrtbase.dll
0x00007ffedce60000 - 0x00007ffedce78000 	C:\Program Files\Java\jdk-14.0.1\bin\jli.dll
0x00007ffedc4e0000 - 0x00007ffedc4f5000 	C:\Program Files\Java\jdk-14.0.1\bin\VCRUNTIME140.dll
0x00007ffef4c50000 - 0x00007ffef4cfc000 	C:\WINDOWS\System32\ADVAPI32.dll
0x00007ffef5600000 - 0x00007ffef569e000 	C:\WINDOWS\System32\msvcrt.dll
0x00007ffef5830000 - 0x00007ffef58cb000 	C:\WINDOWS\System32\sechost.dll
0x00007ffef5700000 - 0x00007ffef582b000 	C:\WINDOWS\System32\RPCRT4.dll
0x00007ffef5060000 - 0x00007ffef5200000 	C:\WINDOWS\System32\USER32.dll
0x00007ffef3a90000 - 0x00007ffef3ab2000 	C:\WINDOWS\System32\win32u.dll
0x00007ffed1d30000 - 0x00007ffed1fca000 	C:\WINDOWS\WinSxS\amd64_microsoft.windows.common-controls_6595b64144ccf1df_6.0.19041.844_none_ca00b6081b84eb1d\COMCTL32.dll
0x00007ffef4b90000 - 0x00007ffef4bba000 	C:\WINDOWS\System32\GDI32.dll
0x00007ffef3980000 - 0x00007ffef3a8b000 	C:\WINDOWS\System32\gdi32full.dll
0x00007ffef3b90000 - 0x00007ffef3c2d000 	C:\WINDOWS\System32\msvcp_win.dll
0x00007ffee92a0000 - 0x00007ffee92aa000 	C:\WINDOWS\SYSTEM32\VERSION.dll
0x00007ffef43f0000 - 0x00007ffef4420000 	C:\WINDOWS\System32\IMM32.DLL
0x00007ffedb270000 - 0x00007ffedb30b000 	C:\Program Files\Java\jdk-14.0.1\bin\msvcp140.dll
0x00007ffe989a0000 - 0x00007ffe994be000 	C:\Program Files\Java\jdk-14.0.1\bin\server\jvm.dll
0x00007ffef4380000 - 0x00007ffef4388000 	C:\WINDOWS\System32\PSAPI.DLL
0x00007ffed3a90000 - 0x00007ffed3a99000 	C:\WINDOWS\SYSTEM32\WSOCK32.dll
0x00007ffedbb30000 - 0x00007ffedbb57000 	C:\WINDOWS\SYSTEM32\WINMM.dll
0x00007ffef4be0000 - 0x00007ffef4c4b000 	C:\WINDOWS\System32\WS2_32.dll
0x00007ffef1c30000 - 0x00007ffef1c42000 	C:\WINDOWS\SYSTEM32\kernel.appcore.dll
0x00007ffeeaa90000 - 0x00007ffeeaa9a000 	C:\Program Files\Java\jdk-14.0.1\bin\jimage.dll
0x00007ffeedac0000 - 0x00007ffeedca4000 	C:\WINDOWS\SYSTEM32\DBGHELP.DLL
0x00007ffed9410000 - 0x00007ffed943c000 	C:\WINDOWS\SYSTEM32\dbgcore.DLL
0x00007ffef3b10000 - 0x00007ffef3b90000 	C:\WINDOWS\System32\bcryptPrimitives.dll
0x00007ffed94d0000 - 0x00007ffed9508000 	C:\Program Files\Java\jdk-14.0.1\bin\jdwp.dll
0x00007ffedb580000 - 0x00007ffedb5a5000 	C:\Program Files\Java\jdk-14.0.1\bin\java.dll
0x00007ffedca30000 - 0x00007ffedca3e000 	C:\Program Files\Java\jdk-14.0.1\bin\instrument.dll
0x00007ffedbbe0000 - 0x00007ffedbbf6000 	C:\Program Files\Java\jdk-14.0.1\bin\zip.dll

dbghelp: loaded successfully - version: 4.0.5 - missing functions: none
symbol engine: initialized successfully - sym options: 0x614 - pdb path: .;C:\Program Files\Java\jdk-14.0.1\bin;C:\WINDOWS\SYSTEM32;C:\WINDOWS\WinSxS\amd64_microsoft.windows.common-controls_6595b64144ccf1df_6.0.19041.844_none_ca00b6081b84eb1d;C:\Program Files\Java\jdk-14.0.1\bin\server

VM Arguments:
jvm_args: -agentlib:jdwp=transport=dt_socket,address=127.0.0.1:55469,suspend=y,server=n -XX:TieredStopAtLevel=1 -Xverify:none -Dspring.output.ansi.enabled=always -javaagent:C:\Users\demosocket\AppData\Local\JetBrains\IntelliJIdea2021.1\groovyHotSwap\gragent.jar -javaagent:C:\Users\demosocket\AppData\Local\JetBrains\IntelliJIdea2021.1\captureAgent\debugger-agent.jar -Dcom.sun.management.jmxremote -Dspring.jmx.enabled=true -Dspring.liveBeansView.mbeanDomain -Dspring.application.admin.enabled=true -Dfile.encoding=UTF-8 
java_command: com.demosocket.emailer.EmailerApplication
java_class_path (initial): C:\Users\demosocket\IdeaProjects\emailer\build\classes\java\main;C:\Users\demosocket\IdeaProjects\emailer\build\resources\main;C:\Users\demosocket\.gradle\caches\modules-2\files-2.1\org.projectlombok\lombok\1.18.20\18bcea7d5df4d49227b4a0743a536208ce4825bb\lombok-1.18.20.jar;C:\Users\demosocket\.gradle\caches\modules-2\files-2.1\org.springframework.boot\spring-boot-starter-thymeleaf\2.4.5\ca8d998c7aa68bd3143906f71a15e985834bca56\spring-boot-starter-thymeleaf-2.4.5.jar;C:\Users\demosocket\.gradle\caches\modules-2\files-2.1\org.springframework.boot\spring-boot-starter-web\2.4.5\93cf2655557534e35723fbafa069bed2ee125832\spring-boot-starter-web-2.4.5.jar;C:\Users\demosocket\.gradle\caches\modules-2\files-2.1\org.springframework.boot\spring-boot-starter-mail\2.4.5\a786d3179c47a7726c98b4437d184375c0973e14\spring-boot-starter-mail-2.4.5.jar;C:\Users\demosocket\.gradle\caches\modules-2\files-2.1\org.springframework.boot\spring-boot-starter\2.4.5\5f5398f459beb958fc2ece1a433420bf03cec628\spring-boot-starter-2.4.5.jar;C:\Users\demosocket\.gradle\caches\modules-2\files-2.1\org.thymeleaf\thymeleaf-spring5\3.0.12.RELEASE\aa640b214411978a23cbe271c3fb9569d1bda608\thymeleaf-spring5-3.0.12.RELEASE.jar;C:\Users\demosocket\.gradle\caches\modules-2\files-2.1\org.thymeleaf.extras\thymeleaf-extras-java8time\3.0.4.RELEASE\36e7175ddce36c486fff4578b5af7bb32f54f5df\thymeleaf-extras-java8time-3.0.4.RELEASE.jar;C:\Users\demosocket\.gradle\caches\modules-2\files-2.1\org.springframework.boot\spring-boot-starter-json\2.4.5\5c1623aa53adf10cd98884f60db2d9f5958dbc28\spring-boot-starter-json-2.4.5.jar;C:\Users\demosocket\.gradle\caches\modules-2\files-2.1\org.springframework.boot\spring-boot-starter-tomcat\2.4.5\f562f975967df544afd88d8d10aa4bcd356b799d\spring-boot-starter-tomcat-2.4.5.jar;C:\Users\demosocket\.gradle\caches\modules-2\files-2.1\org.springframework\spring-webmvc\5.3.6\a9bff0c28f90c73b0443de1d9299f32778ac8421\spring-webmvc-5.3.6.jar;C:\Users\demosocket\.gradle\c
Launcher Type: SUN_STANDARD

[Global flags]
     intx CICompilerCount                          = 4                                         {product} {ergonomic}
     uint ConcGCThreads                            = 2                                         {product} {ergonomic}
     uint G1ConcRefinementThreads                  = 8                                         {product} {ergonomic}
   size_t G1HeapRegionSize                         = 1048576                                   {product} {ergonomic}
    uintx GCDrainStackTargetSize                   = 64                                        {product} {ergonomic}
   size_t InitialHeapSize                          = 132120576                                 {product} {ergonomic}
     bool ManagementServer                         = true                                      {product} {command line}
   size_t MarkStackSize                            = 4194304                                   {product} {ergonomic}
   size_t MaxHeapSize                              = 2099249152                                {product} {ergonomic}
   size_t MinHeapDeltaBytes                        = 1048576                                   {product} {ergonomic}
   size_t MinHeapSize                              = 8388608                                   {product} {ergonomic}
    uintx NonNMethodCodeHeapSize                   = 7549744                                {pd product} {ergonomic}
    uintx NonProfiledCodeHeapSize                  = 244108496                              {pd product} {ergonomic}
    uintx ProfiledCodeHeapSize                     = 0                                      {pd product} {ergonomic}
    uintx ReservedCodeCacheSize                    = 251658240                              {pd product} {ergonomic}
     bool SegmentedCodeCache                       = true                                      {product} {ergonomic}
   size_t SoftMaxHeapSize                          = 2099249152                             {manageable} {ergonomic}
     intx TieredStopAtLevel                        = 1                                         {product} {command line}
     bool UseCompressedClassPointers               = true                                 {lp64_product} {ergonomic}
     bool UseCompressedOops                        = true                                 {lp64_product} {ergonomic}
     bool UseG1GC                                  = true                                      {product} {ergonomic}
     bool UseLargePagesIndividualAllocation        = false                                  {pd product} {ergonomic}

Logging:
Log output configuration:
 #0: stdout all=warning uptime,level,tags
 #1: stderr all=off uptime,level,tags

Environment Variables:
JAVA_HOME=C:\Program Files\Java\jdk-14.0.1
PATH=C:\Windows\system32;C:\Windows;C:\Windows\System32\Wbem;C:\Windows\System32\WindowsPowerShell\v1.0\;C:\Windows\System32\OpenSSH\;C:\Program Files (x86)\NVIDIA Corporation\PhysX\Common;C:\Program Files\Intel\WiFi\bin\;C:\Program Files\Common Files\Intel\WirelessCommon\;C:\Program Files\Java\jdk-14.0.1\bin;C:\Program Files\Git\cmd;C:\Program Files\MySQL\MySQL Server 5.5\bin;C:\Program Files\Docker\Docker\resources\bin;C:\ProgramData\DockerDesktop\version-bin;C:\Maven\apache-maven-3.6.3\bin;C:\WINDOWS\system32;C:\WINDOWS;C:\WINDOWS\System32\Wbem;C:\WINDOWS\System32\WindowsPowerShell\v1.0\;C:\WINDOWS\System32\OpenSSH\;C:\Program Files (x86)\masm 615\BIN;C:\Users\demosocket\AppData\Local\bin\NASM;C:\Users\demosocket\AppData\Local\Microsoft\WindowsApps;;C:\Program Files\JetBrains\IntelliJ IDEA 2020.1\bin;
USERNAME=demosocket
OS=Windows_NT
PROCESSOR_IDENTIFIER=Intel64 Family 6 Model 142 Stepping 12, GenuineIntel



---------------  S Y S T E M  ---------------

OS: Windows 10 , 64 bit Build 19041 (10.0.19041.928)
OS uptime: 0 days 9:57 hours
HyperV virtualization detected

CPU:total 8 (initial active 8) (4 cores per cpu, 2 threads per core) family 6 model 142 stepping 12, cmov, cx8, fxsr, mmx, sse, sse2, sse3, ssse3, sse4.1, sse4.2, popcnt, avx, avx2, aes, clmul, erms, 3dnowpref, lzcnt, ht, tsc, tscinvbit, bmi1, bmi2, adx, fma

Memory: 4k page, system-wide physical 8006M (1845M free)
TotalPageFile size 8806M (AvailPageFile size 18M)
current process WorkingSet (physical memory assigned to process): 11M, peak: 11M
current process commit charge ("private bytes"): 58M, peak: 183M

vm_info: Java HotSpot(TM) 64-Bit Server VM (14.0.1+7) for windows-amd64 JRE (14.0.1+7), built on Mar  5 2020 10:30:14 by "mach5one" with MS VC++ 15.9 (VS2017)

END.
